[Simulation Monitor: 29]
[2024-10-25 17:56:34.558 -0400] [PROCESS] [cadence.virtuoso.ade.simulationMonitor] - Started the simulation monitor process {"hostname": "ece-linlabsrv01.ece.gatech.edu", "processid": 1081800, "logfile": "/nethome/jchen3014/ECE6130_Updated/ECE6130_LAB/Cadence/logs_jchen3014/logs0/Job29.log", "simulation monitor command line": "/tools/software/cadence/ic/23.10.080/tools.lnx86/dfII/bin/64bit/spectreMonitor --davinciService DaVinciService_2623637_1729875955 --axlsession fnxSession11 -lscs 000175E1894CBE06FF0966E38F1FFC06BC4D60B5D54DCC37D27E6FA78410926AD02470F28B50992BD92E69ED90048F74DD2F32AE9C019928D92E01FF9B0EE817DB5100001DEB -beanhost ece-linlabsrv01.ece.gatech.edu -beanport 11479 -beanLogFile /nethome/jchen3014/ECE6130_Updated/ECE6130_LAB/Cadence/logs_jchen3014/logs0/amps_Job29.log -beanbinlog  --domain 0 --interactive yes --netlistOpt no --useMultiPointEvaluation yes --exprEvalShowJobStderr yes --evalSimParallel no --maxSims 0 --historyName ExplorerRun.0 --historyUUID  --exprEvaluator vds --mcMapping mc1.mapping --checkLogStatusInterval 0 --checkSimulatorLogTimeout 1200 --exprEvalMaxTries 3 --maxNFSSyncWait 60 -adeBrokerAddress ece-linlabsrv01.ece.gatech.edu:37135 --statdbType h5v2 --fromADE true --virtuosoBinary virtuoso --guiDisplay ece-linlabsrv01.ece.gatech.edu:233 --globalStatus 60 --evaluateMultiMC yes --evalOnSimFail SkipFailedAnalyses --numRetriesOnError 1 --fenixMode explorer --lingertimeout 300 -ahdlLockTimeout 60 --sdbLib Tutorial --sdbCell myInverter --sdbView maestro --heartBeatFileDir /dev/shm --id 29 --uuid 1a611fd5-824c-4b13-8c5b-500989aa8cb0 --log /nethome/jchen3014/ECE6130_Updated/ECE6130_LAB/Cadence/logs_jchen3014/logs0/Job29.log "}
[2024-10-25 17:56:34.560 -0400] [PROCESS] [cadence.virtuoso.ade.simulationMonitor] - Started the simulation monitor process {"hostname": "ece-linlabsrv01.ece.gatech.edu", "processid": 1081800, "logfile": "/nethome/jchen3014/ECE6130_Updated/ECE6130_LAB/Cadence/logs_jchen3014/logs0/Job29.log", "current directory": "/nethome/jchen3014/ECE6130_Updated/ECE6130_LAB/Cadence"}
[2024-10-25 17:56:34.561 -0400] [PROCESS] [cadence.virtuoso.ade.simulationMonitor] - Simulation Monitor has successfully started up. Trying to set up communication channels to other components ... {"hostname": "ece-linlabsrv01.ece.gatech.edu", "processid": 1081800, "logfile": "/nethome/jchen3014/ECE6130_Updated/ECE6130_LAB/Cadence/logs_jchen3014/logs0/Job29.log"}
[2024-10-25 17:56:34.634 -0400] [PROCESS] [cadence.virtuoso.ade.simulationMonitor] - Communication channels have been successfully set up. Start processing events ... {"hostname": "ece-linlabsrv01.ece.gatech.edu", "processid": 1081800, "logfile": "/nethome/jchen3014/ECE6130_Updated/ECE6130_LAB/Cadence/logs_jchen3014/logs0/Job29.log"}
[2024-10-25 17:56:34.634 -0400] [PROCESS] [cadence.virtuoso.ade.simulationMonitor] - Considering to start history {"hostname": "ece-linlabsrv01.ece.gatech.edu", "processid": 1081800, "history": "ExplorerRun.0", "logfile": "/nethome/jchen3014/ECE6130_Updated/ECE6130_LAB/Cadence/logs_jchen3014/logs0/Job29.log"}
[2024-10-25 17:56:34.644 -0400] [PROCESS] [cadence.virtuoso.ade.simulationMonitor] - HostInfo:
Host name (type):	ece-linlabsrv01.ece.gatech.edu (x86_64)
Operating system:	Linux 4.18.0-553.22.1.el8_10.x86_64 #1 SMP Wed Sep 11 18:02:00 EDT 2024 {"hostname": "ece-linlabsrv01.ece.gatech.edu", "processid": 1081800, "history": "ExplorerRun.0", "logfile": "/nethome/jchen3014/ECE6130_Updated/ECE6130_LAB/Cadence/logs_jchen3014/logs0/Job29.log", "nodename": "ece-linlabsrv01.ece.gatech.edu", "domainname": "(none)", "machine": "x86_64", "sysname": "Linux", "release": "4.18.0-553.22.1.el8_10.x86_64", "version": "#1 SMP Wed Sep 11 18:02:00 EDT 2024"}
[2024-10-25 17:56:34.644 -0400] [PROCESS] [cadence.virtuoso.ade.simulationMonitor] - UsageInfo:
pid=1081800
totalPhysicalMemory=186.850800GB,Used=173.669746GB,totalVirtualMemory=250.850796GB,Used=177.052902GB
Cpu: Cores=112, Load average:117.760000,155.100000,137.040000 {"hostname": "ece-linlabsrv01.ece.gatech.edu", "processid": 1081800, "history": "ExplorerRun.0", "logfile": "/nethome/jchen3014/ECE6130_Updated/ECE6130_LAB/Cadence/logs_jchen3014/logs0/Job29.log", "pid": "1081800", "totalPhysicalMemory": "186.850800", "physicalMemoryUsed": "173.669746", "totalVirtualMemory": "250.850796", "virtualMemoryUsed": "177.052902", "cpuCores": "112", "processes": "11405", "loadAverage1": "117.760000", "loadAverage5": "155.100000", "loadAverage15": "137.040000", "loadAverage1Percent": "1.051429"}
[2024-10-25 17:56:34.683 -0400] [EVENT] [cadence.virtuoso.ade.simulationMonitor] - NewPoint {"history": "ExplorerRun.0", "point": 1, "testname": "Tutorial_myInverter_1", "cornername": "Nominal", "event": "NewPoint", "EventSource": "Simulation Monitor", "HistoryName": "ExplorerRun.0", "logFile": "/nethome/jchen3014/ECE6130_Updated/ECE6130_LAB/Cadence/logs_jchen3014/logs0/Job29.log", "logFileSize": "4533", "category": "simulation"}
[2024-10-25 17:56:34.986 -0400] [EVENT] [cadence.virtuoso.ade.simulationMonitor] - NewPoint {"history": "ExplorerRun.0", "point": 1, "testname": "Tutorial_myInverter_1", "cornername": "Nominal", "event": "NewPoint", "EventSource": "spectre", "HistoryName": "ExplorerRun.0", "logFile": "/nethome/jchen3014/simulation/Tutorial/myInverter/maestro/results/maestro/ExplorerRun.0/1/Tutorial_myInverter_1/psf/spectre.out", "logFileSize": "-1", "category": "simulation"}
[2024-10-25 17:56:35.657 -0400] [PROCESS] [cadence.virtuoso.ade.simulationMonitor] - Simulator launched {"hostname": "ece-linlabsrv01.ece.gatech.edu", "processid": 1081800, "history": "ExplorerRun.0", "testname": "Tutorial_myInverter_1", "cornername": "Nominal", "point": 1, "logfile": "/nethome/jchen3014/ECE6130_Updated/ECE6130_LAB/Cadence/logs_jchen3014/logs0/Job29.log", "simid": "1", "event": "launch", "category": "simulation"}
[2024-10-25 17:56:35.668 -0400] [PROCESS] [cadence.virtuoso.ade.simulationMonitor] - Expression evaluator launched {"hostname": "ece-linlabsrv01.ece.gatech.edu", "processid": 1081800, "history": "ExplorerRun.0", "testname": "Tutorial_myInverter_1", "cornername": "Nominal", "point": 1, "logfile": "/nethome/jchen3014/ECE6130_Updated/ECE6130_LAB/Cadence/logs_jchen3014/logs0/Job29.log"}
[2024-10-25 17:56:37.601 -0400] [PROCESS] [cadence.virtuoso.ade.simulationMonitor] - Started Simulation {"hostname": "ece-linlabsrv01.ece.gatech.edu", "processid": 1081800, "history": "ExplorerRun.0", "testname": "Tutorial_myInverter_1", "cornername": "Nominal", "point": 1, "logfile": "/nethome/jchen3014/ECE6130_Updated/ECE6130_LAB/Cadence/logs_jchen3014/logs0/Job29.log", "event": "start", "category": "simulation"}
[2024-10-25 17:56:38.111 -0400] [INFO] [cadence.virtuoso.ade.simulationMonitor] - Peak resident memory used = 145 Mbytes. {"history": "ExplorerRun.0", "point": 1, "testname": "Tutorial_myInverter_1", "cornername": "Nominal"}
[2024-10-25 17:56:38.111 -0400] [ERROR] [cadence.virtuoso.ade.simulationMonitor] -     ERROR (SFE-23): "input.scs" 15: The instance `M0' is referencing an undefined model or subcircuit, `NMOS_VTL'. Either include the file containing the definition of `NMOS_VTL', or define `NMOS_VTL' before running the simulation. {"history": "ExplorerRun.0", "point": 1, "testname": "Tutorial_myInverter_1", "cornername": "Nominal"}
[2024-10-25 17:56:38.112 -0400] [ERROR] [cadence.virtuoso.ade.simulationMonitor] -     ERROR (SFE-23): "input.scs" 20: The instance `M1' is referencing an undefined model or subcircuit, `PMOS_VTL'. Either include the file containing the definition of `PMOS_VTL', or define `PMOS_VTL' before running the simulation. {"history": "ExplorerRun.0", "point": 1, "testname": "Tutorial_myInverter_1", "cornername": "Nominal"}
[2024-10-25 17:56:38.112 -0400] [INFO] [cadence.virtuoso.ade.simulationMonitor] - Peak resident memory used = 154 Mbytes. {"history": "ExplorerRun.0", "point": 1, "testname": "Tutorial_myInverter_1", "cornername": "Nominal"}
[2024-10-25 17:56:38.113 -0400] [INFO] [cadence.virtuoso.ade.simulationMonitor] - Notice from spectre during circuit read-in.
    Multithreading enabled: 8 threads in the system with 112 available processors. {"history": "ExplorerRun.0", "point": 1, "testname": "Tutorial_myInverter_1", "cornername": "Nominal"}
[2024-10-25 17:56:38.113 -0400] [INFO] [cadence.virtuoso.ade.simulationMonitor] - Peak resident memory used = 154 Mbytes. {"history": "ExplorerRun.0", "point": 1, "testname": "Tutorial_myInverter_1", "cornername": "Nominal"}
[2024-10-25 17:56:38.114 -0400] [INFO] [cadence.virtuoso.ade.simulationMonitor] -    -   (APS) Multi-threading. The recommended number of threads is 8, consider adding +mt=8 on command line. {"history": "ExplorerRun.0", "point": 1, "testname": "Tutorial_myInverter_1", "cornername": "Nominal"}
[2024-10-25 17:56:38.119 -0400] [INFO] [cadence.virtuoso.ade.simulationMonitor] - Time used: CPU = 700 ms, elapsed = 910 ms, util. = 76.9%. {"history": "ExplorerRun.0", "point": 1, "testname": "Tutorial_myInverter_1", "cornername": "Nominal"}
[2024-10-25 17:56:38.119 -0400] [INFO] [cadence.virtuoso.ade.simulationMonitor] - Time spent in licensing: elapsed = 147 ms, percentage of total = 16.2%. {"history": "ExplorerRun.0", "point": 1, "testname": "Tutorial_myInverter_1", "cornername": "Nominal"}
[2024-10-25 17:56:38.120 -0400] [INFO] [cadence.virtuoso.ade.simulationMonitor] - Peak memory used = 155 Mbytes. {"history": "ExplorerRun.0", "point": 1, "testname": "Tutorial_myInverter_1", "cornername": "Nominal"}
[2024-10-25 17:56:38.123 -0400] [PROCESS] [cadence.virtuoso.ade.simulationMonitor] - Simulation started at: 5:56:36 PM, Fri Oct 25, 2024, ended at: 5:56:37 PM, Fri Oct 25, 2024, with elapsed time (wall clock): 910 ms. {"history": "ExplorerRun.0", "point": 1, "testname": "Tutorial_myInverter_1", "cornername": "Nominal"}
[2024-10-25 17:56:38.123 -0400] [PROCESS] [cadence.virtuoso.ade.simulationMonitor] - spectre completes with 2 errors, 0 warnings, and 1 notice. {"history": "ExplorerRun.0", "point": 1, "testname": "Tutorial_myInverter_1", "cornername": "Nominal"}
[2024-10-25 17:56:38.123 -0400] [FATAL] [cadence.virtuoso.ade.simulationMonitor] - spectre terminated prematurely due to fatal error. {"history": "ExplorerRun.0", "point": 1, "testname": "Tutorial_myInverter_1", "cornername": "Nominal"}
[2024-10-25 17:56:38.123 -0400] [PROCESS] [cadence.virtuoso.ade.simulationMonitor] - Finished simulating for one point {"hostname": "ece-linlabsrv01.ece.gatech.edu", "processid": 1081800, "history": "ExplorerRun.0", "testname": "Tutorial_myInverter_1", "cornername": "Nominal", "point": 1, "logfile": "/nethome/jchen3014/ECE6130_Updated/ECE6130_LAB/Cadence/logs_jchen3014/logs0/Job29.log", "simid": "1", "event": "finish", "category": "simulation"}
[2024-10-25 17:56:38.124 -0400] [ERROR] [cadence.virtuoso.ade.simulationMonitor] - While simulating run ExplorerRun.0, point 1, test Tutorial_myInverter_1, received error:
Simulation Error:
 The simulator process returned a non-zero exit code, indicating failure.
The simulator could have crashed or intentionally returned to indicate an error.
Check the simulator log file for more information.  Common causes:
1. Simulator may have crashed during exit even after reporting success in log file.
2. Abrupt automatic simulator termination (e.g., SIGKILL) because the simulator process has
   exc... {"history": "ExplorerRun.0", "point": 1, "testname": "Tutorial_myInverter_1", "cornername": "Nominal"}
[2024-10-25 17:56:38.125 -0400] [PROCESS] [cadence.virtuoso.ade.simulationMonitor] - Finished Simulation {"hostname": "ece-linlabsrv01.ece.gatech.edu", "processid": 1081800, "history": "ExplorerRun.0", "testname": "Tutorial_myInverter_1", "cornername": "Nominal", "point": 1, "logfile": "/nethome/jchen3014/ECE6130_Updated/ECE6130_LAB/Cadence/logs_jchen3014/logs0/Job29.log", "simid": "1", "event": "finish", "category": "obsolete"}
[2024-10-25 17:56:38.146 -0400] [PROCESS] [cadence.virtuoso.ade.simulationMonitor] - HostInfo:
Host name (type):	ece-linlabsrv01.ece.gatech.edu (x86_64)
Operating system:	Linux 4.18.0-553.22.1.el8_10.x86_64 #1 SMP Wed Sep 11 18:02:00 EDT 2024 {"hostname": "ece-linlabsrv01.ece.gatech.edu", "processid": 1081800, "history": "ExplorerRun.0", "testname": "Tutorial_myInverter_1", "cornername": "Nominal", "point": 1, "logfile": "/nethome/jchen3014/ECE6130_Updated/ECE6130_LAB/Cadence/logs_jchen3014/logs0/Job29.log", "nodename": "ece-linlabsrv01.ece.gatech.edu", "domainname": "(none)", "machine": "x86_64", "sysname": "Linux", "release": "4.18.0-553.22.1.el8_10.x86_64", "version": "#1 SMP Wed Sep 11 18:02:00 EDT 2024"}
[2024-10-25 17:56:38.148 -0400] [PROCESS] [cadence.virtuoso.ade.simulationMonitor] - UsageInfo:
pid=1081800
totalPhysicalMemory=186.850800GB,Used=173.650623GB,totalVirtualMemory=250.850796GB,Used=177.033779GB
Cpu: Cores=112, Load average:118.100000,154.550000,136.960000 {"hostname": "ece-linlabsrv01.ece.gatech.edu", "processid": 1081800, "history": "ExplorerRun.0", "testname": "Tutorial_myInverter_1", "cornername": "Nominal", "point": 1, "logfile": "/nethome/jchen3014/ECE6130_Updated/ECE6130_LAB/Cadence/logs_jchen3014/logs0/Job29.log", "pid": "1081800", "totalPhysicalMemory": "186.850800", "physicalMemoryUsed": "173.650623", "totalVirtualMemory": "250.850796", "virtualMemoryUsed": "177.033779", "cpuCores": "112", "processes": "11298", "loadAverage1": "118.100000", "loadAverage5": "154.550000", "loadAverage15": "136.960000", "loadAverage1Percent": "1.054464"}
[2024-10-25 17:56:38.212 -0400] [EVENT] [cadence.virtuoso.ade.simulationMonitor] - NewPoint {"history": "ExplorerRun.0", "point": 2, "testname": "Tutorial_myInverter_1", "cornername": "Nominal", "event": "NewPoint", "EventSource": "Simulation Monitor", "HistoryName": "ExplorerRun.0", "logFile": "/nethome/jchen3014/ECE6130_Updated/ECE6130_LAB/Cadence/logs_jchen3014/logs0/Job29.log", "logFileSize": "13480", "category": "simulation"}
[2024-10-25 17:56:38.535 -0400] [EVENT] [cadence.virtuoso.ade.simulationMonitor] - NewPoint {"history": "ExplorerRun.0", "point": 2, "testname": "Tutorial_myInverter_1", "cornername": "Nominal", "event": "NewPoint", "EventSource": "spectre", "HistoryName": "ExplorerRun.0", "logFile": "/nethome/jchen3014/simulation/Tutorial/myInverter/maestro/results/maestro/ExplorerRun.0/2/Tutorial_myInverter_1/psf/spectre.out", "logFileSize": "-1", "category": "simulation"}
[2024-10-25 17:56:39.380 -0400] [PROCESS] [cadence.virtuoso.ade.simulationMonitor] - Simulator launched {"hostname": "ece-linlabsrv01.ece.gatech.edu", "processid": 1081800, "history": "ExplorerRun.0", "testname": "Tutorial_myInverter_1", "cornername": "Nominal", "point": 2, "logfile": "/nethome/jchen3014/ECE6130_Updated/ECE6130_LAB/Cadence/logs_jchen3014/logs0/Job29.log", "simid": "2", "event": "launch", "category": "simulation"}
[2024-10-25 17:56:41.164 -0400] [PROCESS] [cadence.virtuoso.ade.simulationMonitor] - Started Simulation {"hostname": "ece-linlabsrv01.ece.gatech.edu", "processid": 1081800, "history": "ExplorerRun.0", "testname": "Tutorial_myInverter_1", "cornername": "Nominal", "point": 2, "logfile": "/nethome/jchen3014/ECE6130_Updated/ECE6130_LAB/Cadence/logs_jchen3014/logs0/Job29.log", "event": "start", "category": "simulation"}
[2024-10-25 17:56:41.669 -0400] [INFO] [cadence.virtuoso.ade.simulationMonitor] - Peak resident memory used = 146 Mbytes. {"history": "ExplorerRun.0", "point": 2, "testname": "Tutorial_myInverter_1", "cornername": "Nominal"}
[2024-10-25 17:56:41.669 -0400] [ERROR] [cadence.virtuoso.ade.simulationMonitor] -     ERROR (SFE-23): "input.scs" 15: The instance `M0' is referencing an undefined model or subcircuit, `NMOS_VTL'. Either include the file containing the definition of `NMOS_VTL', or define `NMOS_VTL' before running the simulation. {"history": "ExplorerRun.0", "point": 2, "testname": "Tutorial_myInverter_1", "cornername": "Nominal"}
[2024-10-25 17:56:41.670 -0400] [ERROR] [cadence.virtuoso.ade.simulationMonitor] -     ERROR (SFE-23): "input.scs" 20: The instance `M1' is referencing an undefined model or subcircuit, `PMOS_VTL'. Either include the file containing the definition of `PMOS_VTL', or define `PMOS_VTL' before running the simulation. {"history": "ExplorerRun.0", "point": 2, "testname": "Tutorial_myInverter_1", "cornername": "Nominal"}
[2024-10-25 17:56:41.670 -0400] [INFO] [cadence.virtuoso.ade.simulationMonitor] - Peak resident memory used = 155 Mbytes. {"history": "ExplorerRun.0", "point": 2, "testname": "Tutorial_myInverter_1", "cornername": "Nominal"}
[2024-10-25 17:56:41.671 -0400] [INFO] [cadence.virtuoso.ade.simulationMonitor] - Notice from spectre during circuit read-in.
    Multithreading enabled: 8 threads in the system with 112 available processors. {"history": "ExplorerRun.0", "point": 2, "testname": "Tutorial_myInverter_1", "cornername": "Nominal"}
[2024-10-25 17:56:41.671 -0400] [INFO] [cadence.virtuoso.ade.simulationMonitor] - Peak resident memory used = 155 Mbytes. {"history": "ExplorerRun.0", "point": 2, "testname": "Tutorial_myInverter_1", "cornername": "Nominal"}
[2024-10-25 17:56:41.673 -0400] [INFO] [cadence.virtuoso.ade.simulationMonitor] -    -   (APS) Multi-threading. The recommended number of threads is 8, consider adding +mt=8 on command line. {"history": "ExplorerRun.0", "point": 2, "testname": "Tutorial_myInverter_1", "cornername": "Nominal"}
[2024-10-25 17:56:41.674 -0400] [INFO] [cadence.virtuoso.ade.simulationMonitor] - Time used: CPU = 633 ms, elapsed = 742 ms, util. = 85.4%. {"history": "ExplorerRun.0", "point": 2, "testname": "Tutorial_myInverter_1", "cornername": "Nominal"}
[2024-10-25 17:56:41.674 -0400] [INFO] [cadence.virtuoso.ade.simulationMonitor] - Time spent in licensing: elapsed = 77.3 ms, percentage of total = 10.4%. {"history": "ExplorerRun.0", "point": 2, "testname": "Tutorial_myInverter_1", "cornername": "Nominal"}
[2024-10-25 17:56:41.675 -0400] [INFO] [cadence.virtuoso.ade.simulationMonitor] - Peak memory used = 157 Mbytes. {"history": "ExplorerRun.0", "point": 2, "testname": "Tutorial_myInverter_1", "cornername": "Nominal"}
[2024-10-25 17:56:41.689 -0400] [PROCESS] [cadence.virtuoso.ade.simulationMonitor] - Simulation started at: 5:56:40 PM, Fri Oct 25, 2024, ended at: 5:56:41 PM, Fri Oct 25, 2024, with elapsed time (wall clock): 742 ms. {"history": "ExplorerRun.0", "point": 2, "testname": "Tutorial_myInverter_1", "cornername": "Nominal"}
[2024-10-25 17:56:41.689 -0400] [PROCESS] [cadence.virtuoso.ade.simulationMonitor] - spectre completes with 2 errors, 0 warnings, and 1 notice. {"history": "ExplorerRun.0", "point": 2, "testname": "Tutorial_myInverter_1", "cornername": "Nominal"}
[2024-10-25 17:56:41.689 -0400] [FATAL] [cadence.virtuoso.ade.simulationMonitor] - spectre terminated prematurely due to fatal error. {"history": "ExplorerRun.0", "point": 2, "testname": "Tutorial_myInverter_1", "cornername": "Nominal"}
[2024-10-25 17:56:41.689 -0400] [PROCESS] [cadence.virtuoso.ade.simulationMonitor] - Finished simulating for one point {"hostname": "ece-linlabsrv01.ece.gatech.edu", "processid": 1081800, "history": "ExplorerRun.0", "testname": "Tutorial_myInverter_1", "cornername": "Nominal", "point": 2, "logfile": "/nethome/jchen3014/ECE6130_Updated/ECE6130_LAB/Cadence/logs_jchen3014/logs0/Job29.log", "simid": "2", "event": "finish", "category": "simulation"}
[2024-10-25 17:56:41.690 -0400] [ERROR] [cadence.virtuoso.ade.simulationMonitor] - While simulating run ExplorerRun.0, point 2, test Tutorial_myInverter_1, received error:
Simulation Error:
 The simulator process returned a non-zero exit code, indicating failure.
The simulator could have crashed or intentionally returned to indicate an error.
Check the simulator log file for more information.  Common causes:
1. Simulator may have crashed during exit even after reporting success in log file.
2. Abrupt automatic simulator termination (e.g., SIGKILL) because the simulator process has
   exc... {"history": "ExplorerRun.0", "point": 2, "testname": "Tutorial_myInverter_1", "cornername": "Nominal"}
[2024-10-25 17:56:41.704 -0400] [PROCESS] [cadence.virtuoso.ade.simulationMonitor] - Finished Simulation {"hostname": "ece-linlabsrv01.ece.gatech.edu", "processid": 1081800, "history": "ExplorerRun.0", "testname": "Tutorial_myInverter_1", "cornername": "Nominal", "point": 2, "logfile": "/nethome/jchen3014/ECE6130_Updated/ECE6130_LAB/Cadence/logs_jchen3014/logs0/Job29.log", "simid": "2", "event": "finish", "category": "obsolete"}
[2024-10-25 17:56:41.717 -0400] [PROCESS] [cadence.virtuoso.ade.simulationMonitor] - HostInfo:
Host name (type):	ece-linlabsrv01.ece.gatech.edu (x86_64)
Operating system:	Linux 4.18.0-553.22.1.el8_10.x86_64 #1 SMP Wed Sep 11 18:02:00 EDT 2024 {"hostname": "ece-linlabsrv01.ece.gatech.edu", "processid": 1081800, "history": "ExplorerRun.0", "testname": "Tutorial_myInverter_1", "cornername": "Nominal", "point": 2, "logfile": "/nethome/jchen3014/ECE6130_Updated/ECE6130_LAB/Cadence/logs_jchen3014/logs0/Job29.log", "nodename": "ece-linlabsrv01.ece.gatech.edu", "domainname": "(none)", "machine": "x86_64", "sysname": "Linux", "release": "4.18.0-553.22.1.el8_10.x86_64", "version": "#1 SMP Wed Sep 11 18:02:00 EDT 2024"}
[2024-10-25 17:56:41.717 -0400] [PROCESS] [cadence.virtuoso.ade.simulationMonitor] - UsageInfo:
pid=1081800
totalPhysicalMemory=186.850800GB,Used=173.759018GB,totalVirtualMemory=250.850796GB,Used=177.142174GB
Cpu: Cores=112, Load average:118.100000,154.550000,136.960000 {"hostname": "ece-linlabsrv01.ece.gatech.edu", "processid": 1081800, "history": "ExplorerRun.0", "testname": "Tutorial_myInverter_1", "cornername": "Nominal", "point": 2, "logfile": "/nethome/jchen3014/ECE6130_Updated/ECE6130_LAB/Cadence/logs_jchen3014/logs0/Job29.log", "pid": "1081800", "totalPhysicalMemory": "186.850800", "physicalMemoryUsed": "173.759018", "totalVirtualMemory": "250.850796", "virtualMemoryUsed": "177.142174", "cpuCores": "112", "processes": "11308", "loadAverage1": "118.100000", "loadAverage5": "154.550000", "loadAverage15": "136.960000", "loadAverage1Percent": "1.054464"}
[2024-10-25 17:56:41.784 -0400] [EVENT] [cadence.virtuoso.ade.simulationMonitor] - NewPoint {"history": "ExplorerRun.0", "point": 3, "testname": "Tutorial_myInverter_1", "cornername": "Nominal", "event": "NewPoint", "EventSource": "Simulation Monitor", "HistoryName": "ExplorerRun.0", "logFile": "/nethome/jchen3014/ECE6130_Updated/ECE6130_LAB/Cadence/logs_jchen3014/logs0/Job29.log", "logFileSize": "22043", "category": "simulation"}
[2024-10-25 17:56:42.122 -0400] [EVENT] [cadence.virtuoso.ade.simulationMonitor] - NewPoint {"history": "ExplorerRun.0", "point": 3, "testname": "Tutorial_myInverter_1", "cornername": "Nominal", "event": "NewPoint", "EventSource": "spectre", "HistoryName": "ExplorerRun.0", "logFile": "/nethome/jchen3014/simulation/Tutorial/myInverter/maestro/results/maestro/ExplorerRun.0/3/Tutorial_myInverter_1/psf/spectre.out", "logFileSize": "-1", "category": "simulation"}
[2024-10-25 17:56:42.747 -0400] [PROCESS] [cadence.virtuoso.ade.simulationMonitor] - Simulator launched {"hostname": "ece-linlabsrv01.ece.gatech.edu", "processid": 1081800, "history": "ExplorerRun.0", "testname": "Tutorial_myInverter_1", "cornername": "Nominal", "point": 3, "logfile": "/nethome/jchen3014/ECE6130_Updated/ECE6130_LAB/Cadence/logs_jchen3014/logs0/Job29.log", "simid": "3", "event": "launch", "category": "simulation"}
[2024-10-25 17:56:44.534 -0400] [PROCESS] [cadence.virtuoso.ade.simulationMonitor] - Started Simulation {"hostname": "ece-linlabsrv01.ece.gatech.edu", "processid": 1081800, "history": "ExplorerRun.0", "testname": "Tutorial_myInverter_1", "cornername": "Nominal", "point": 3, "logfile": "/nethome/jchen3014/ECE6130_Updated/ECE6130_LAB/Cadence/logs_jchen3014/logs0/Job29.log", "event": "start", "category": "simulation"}
[2024-10-25 17:56:45.035 -0400] [INFO] [cadence.virtuoso.ade.simulationMonitor] - Peak resident memory used = 145 Mbytes. {"history": "ExplorerRun.0", "point": 3, "testname": "Tutorial_myInverter_1", "cornername": "Nominal"}
[2024-10-25 17:56:45.035 -0400] [ERROR] [cadence.virtuoso.ade.simulationMonitor] -     ERROR (SFE-23): "input.scs" 15: The instance `M0' is referencing an undefined model or subcircuit, `NMOS_VTL'. Either include the file containing the definition of `NMOS_VTL', or define `NMOS_VTL' before running the simulation. {"history": "ExplorerRun.0", "point": 3, "testname": "Tutorial_myInverter_1", "cornername": "Nominal"}
[2024-10-25 17:56:45.036 -0400] [ERROR] [cadence.virtuoso.ade.simulationMonitor] -     ERROR (SFE-23): "input.scs" 20: The instance `M1' is referencing an undefined model or subcircuit, `PMOS_VTL'. Either include the file containing the definition of `PMOS_VTL', or define `PMOS_VTL' before running the simulation. {"history": "ExplorerRun.0", "point": 3, "testname": "Tutorial_myInverter_1", "cornername": "Nominal"}
[2024-10-25 17:56:45.036 -0400] [INFO] [cadence.virtuoso.ade.simulationMonitor] - Peak resident memory used = 153 Mbytes. {"history": "ExplorerRun.0", "point": 3, "testname": "Tutorial_myInverter_1", "cornername": "Nominal"}
[2024-10-25 17:56:45.037 -0400] [INFO] [cadence.virtuoso.ade.simulationMonitor] - Notice from spectre during circuit read-in.
    Multithreading enabled: 8 threads in the system with 112 available processors. {"history": "ExplorerRun.0", "point": 3, "testname": "Tutorial_myInverter_1", "cornername": "Nominal"}
[2024-10-25 17:56:45.037 -0400] [INFO] [cadence.virtuoso.ade.simulationMonitor] - Peak resident memory used = 153 Mbytes. {"history": "ExplorerRun.0", "point": 3, "testname": "Tutorial_myInverter_1", "cornername": "Nominal"}
[2024-10-25 17:56:45.049 -0400] [INFO] [cadence.virtuoso.ade.simulationMonitor] -    -   (APS) Multi-threading. The recommended number of threads is 8, consider adding +mt=8 on command line. {"history": "ExplorerRun.0", "point": 3, "testname": "Tutorial_myInverter_1", "cornername": "Nominal"}
[2024-10-25 17:56:45.052 -0400] [INFO] [cadence.virtuoso.ade.simulationMonitor] - Time used: CPU = 659 ms, elapsed = 766 ms, util. = 86.1%. {"history": "ExplorerRun.0", "point": 3, "testname": "Tutorial_myInverter_1", "cornername": "Nominal"}
[2024-10-25 17:56:45.052 -0400] [INFO] [cadence.virtuoso.ade.simulationMonitor] - Time spent in licensing: elapsed = 127 ms, percentage of total = 16.6%. {"history": "ExplorerRun.0", "point": 3, "testname": "Tutorial_myInverter_1", "cornername": "Nominal"}
[2024-10-25 17:56:45.053 -0400] [INFO] [cadence.virtuoso.ade.simulationMonitor] - Peak memory used = 155 Mbytes. {"history": "ExplorerRun.0", "point": 3, "testname": "Tutorial_myInverter_1", "cornername": "Nominal"}
[2024-10-25 17:56:45.056 -0400] [PROCESS] [cadence.virtuoso.ade.simulationMonitor] - Simulation started at: 5:56:43 PM, Fri Oct 25, 2024, ended at: 5:56:44 PM, Fri Oct 25, 2024, with elapsed time (wall clock): 766 ms. {"history": "ExplorerRun.0", "point": 3, "testname": "Tutorial_myInverter_1", "cornername": "Nominal"}
[2024-10-25 17:56:45.056 -0400] [PROCESS] [cadence.virtuoso.ade.simulationMonitor] - spectre completes with 2 errors, 0 warnings, and 1 notice. {"history": "ExplorerRun.0", "point": 3, "testname": "Tutorial_myInverter_1", "cornername": "Nominal"}
[2024-10-25 17:56:45.056 -0400] [FATAL] [cadence.virtuoso.ade.simulationMonitor] - spectre terminated prematurely due to fatal error. {"history": "ExplorerRun.0", "point": 3, "testname": "Tutorial_myInverter_1", "cornername": "Nominal"}
[2024-10-25 17:56:45.056 -0400] [PROCESS] [cadence.virtuoso.ade.simulationMonitor] - Finished simulating for one point {"hostname": "ece-linlabsrv01.ece.gatech.edu", "processid": 1081800, "history": "ExplorerRun.0", "testname": "Tutorial_myInverter_1", "cornername": "Nominal", "point": 3, "logfile": "/nethome/jchen3014/ECE6130_Updated/ECE6130_LAB/Cadence/logs_jchen3014/logs0/Job29.log", "simid": "3", "event": "finish", "category": "simulation"}
[2024-10-25 17:56:45.057 -0400] [ERROR] [cadence.virtuoso.ade.simulationMonitor] - While simulating run ExplorerRun.0, point 3, test Tutorial_myInverter_1, received error:
Simulation Error:
 The simulator process returned a non-zero exit code, indicating failure.
The simulator could have crashed or intentionally returned to indicate an error.
Check the simulator log file for more information.  Common causes:
1. Simulator may have crashed during exit even after reporting success in log file.
2. Abrupt automatic simulator termination (e.g., SIGKILL) because the simulator process has
   exc... {"history": "ExplorerRun.0", "point": 3, "testname": "Tutorial_myInverter_1", "cornername": "Nominal"}
[2024-10-25 17:56:45.058 -0400] [PROCESS] [cadence.virtuoso.ade.simulationMonitor] - Finished Simulation {"hostname": "ece-linlabsrv01.ece.gatech.edu", "processid": 1081800, "history": "ExplorerRun.0", "testname": "Tutorial_myInverter_1", "cornername": "Nominal", "point": 3, "logfile": "/nethome/jchen3014/ECE6130_Updated/ECE6130_LAB/Cadence/logs_jchen3014/logs0/Job29.log", "simid": "3", "event": "finish", "category": "obsolete"}
[2024-10-25 17:56:45.121 -0400] [PROCESS] [cadence.virtuoso.ade.simulationMonitor] - HostInfo:
Host name (type):	ece-linlabsrv01.ece.gatech.edu (x86_64)
Operating system:	Linux 4.18.0-553.22.1.el8_10.x86_64 #1 SMP Wed Sep 11 18:02:00 EDT 2024 {"hostname": "ece-linlabsrv01.ece.gatech.edu", "processid": 1081800, "history": "ExplorerRun.0", "testname": "Tutorial_myInverter_1", "cornername": "Nominal", "point": 3, "logfile": "/nethome/jchen3014/ECE6130_Updated/ECE6130_LAB/Cadence/logs_jchen3014/logs0/Job29.log", "nodename": "ece-linlabsrv01.ece.gatech.edu", "domainname": "(none)", "machine": "x86_64", "sysname": "Linux", "release": "4.18.0-553.22.1.el8_10.x86_64", "version": "#1 SMP Wed Sep 11 18:02:00 EDT 2024"}
[2024-10-25 17:56:45.121 -0400] [PROCESS] [cadence.virtuoso.ade.simulationMonitor] - UsageInfo:
pid=1081800
totalPhysicalMemory=186.850800GB,Used=173.850166GB,totalVirtualMemory=250.850796GB,Used=177.233322GB
Cpu: Cores=112, Load average:119.290000,154.190000,136.940000 {"hostname": "ece-linlabsrv01.ece.gatech.edu", "processid": 1081800, "history": "ExplorerRun.0", "testname": "Tutorial_myInverter_1", "cornername": "Nominal", "point": 3, "logfile": "/nethome/jchen3014/ECE6130_Updated/ECE6130_LAB/Cadence/logs_jchen3014/logs0/Job29.log", "pid": "1081800", "totalPhysicalMemory": "186.850800", "physicalMemoryUsed": "173.850166", "totalVirtualMemory": "250.850796", "virtualMemoryUsed": "177.233322", "cpuCores": "112", "processes": "11306", "loadAverage1": "119.290000", "loadAverage5": "154.190000", "loadAverage15": "136.940000", "loadAverage1Percent": "1.065089"}
[2024-10-25 17:56:45.177 -0400] [EVENT] [cadence.virtuoso.ade.simulationMonitor] - NewPoint {"history": "ExplorerRun.0", "point": 4, "testname": "Tutorial_myInverter_1", "cornername": "Nominal", "event": "NewPoint", "EventSource": "Simulation Monitor", "HistoryName": "ExplorerRun.0", "logFile": "/nethome/jchen3014/ECE6130_Updated/ECE6130_LAB/Cadence/logs_jchen3014/logs0/Job29.log", "logFileSize": "30605", "category": "simulation"}
[2024-10-25 17:56:45.483 -0400] [EVENT] [cadence.virtuoso.ade.simulationMonitor] - NewPoint {"history": "ExplorerRun.0", "point": 4, "testname": "Tutorial_myInverter_1", "cornername": "Nominal", "event": "NewPoint", "EventSource": "spectre", "HistoryName": "ExplorerRun.0", "logFile": "/nethome/jchen3014/simulation/Tutorial/myInverter/maestro/results/maestro/ExplorerRun.0/4/Tutorial_myInverter_1/psf/spectre.out", "logFileSize": "-1", "category": "simulation"}
[2024-10-25 17:56:46.287 -0400] [PROCESS] [cadence.virtuoso.ade.simulationMonitor] - Simulator launched {"hostname": "ece-linlabsrv01.ece.gatech.edu", "processid": 1081800, "history": "ExplorerRun.0", "testname": "Tutorial_myInverter_1", "cornername": "Nominal", "point": 4, "logfile": "/nethome/jchen3014/ECE6130_Updated/ECE6130_LAB/Cadence/logs_jchen3014/logs0/Job29.log", "simid": "4", "event": "launch", "category": "simulation"}
[2024-10-25 17:56:48.082 -0400] [PROCESS] [cadence.virtuoso.ade.simulationMonitor] - Started Simulation {"hostname": "ece-linlabsrv01.ece.gatech.edu", "processid": 1081800, "history": "ExplorerRun.0", "testname": "Tutorial_myInverter_1", "cornername": "Nominal", "point": 4, "logfile": "/nethome/jchen3014/ECE6130_Updated/ECE6130_LAB/Cadence/logs_jchen3014/logs0/Job29.log", "event": "start", "category": "simulation"}
[2024-10-25 17:56:48.584 -0400] [INFO] [cadence.virtuoso.ade.simulationMonitor] - Peak resident memory used = 145 Mbytes. {"history": "ExplorerRun.0", "point": 4, "testname": "Tutorial_myInverter_1", "cornername": "Nominal"}
[2024-10-25 17:56:48.584 -0400] [ERROR] [cadence.virtuoso.ade.simulationMonitor] -     ERROR (SFE-23): "input.scs" 15: The instance `M0' is referencing an undefined model or subcircuit, `NMOS_VTL'. Either include the file containing the definition of `NMOS_VTL', or define `NMOS_VTL' before running the simulation. {"history": "ExplorerRun.0", "point": 4, "testname": "Tutorial_myInverter_1", "cornername": "Nominal"}
[2024-10-25 17:56:48.586 -0400] [ERROR] [cadence.virtuoso.ade.simulationMonitor] -     ERROR (SFE-23): "input.scs" 20: The instance `M1' is referencing an undefined model or subcircuit, `PMOS_VTL'. Either include the file containing the definition of `PMOS_VTL', or define `PMOS_VTL' before running the simulation. {"history": "ExplorerRun.0", "point": 4, "testname": "Tutorial_myInverter_1", "cornername": "Nominal"}
[2024-10-25 17:56:48.586 -0400] [INFO] [cadence.virtuoso.ade.simulationMonitor] - Peak resident memory used = 154 Mbytes. {"history": "ExplorerRun.0", "point": 4, "testname": "Tutorial_myInverter_1", "cornername": "Nominal"}
[2024-10-25 17:56:48.599 -0400] [INFO] [cadence.virtuoso.ade.simulationMonitor] - Notice from spectre during circuit read-in.
    Multithreading enabled: 8 threads in the system with 112 available processors. {"history": "ExplorerRun.0", "point": 4, "testname": "Tutorial_myInverter_1", "cornername": "Nominal"}
[2024-10-25 17:56:48.599 -0400] [INFO] [cadence.virtuoso.ade.simulationMonitor] - Peak resident memory used = 154 Mbytes. {"history": "ExplorerRun.0", "point": 4, "testname": "Tutorial_myInverter_1", "cornername": "Nominal"}
[2024-10-25 17:56:48.603 -0400] [INFO] [cadence.virtuoso.ade.simulationMonitor] -    -   (APS) Multi-threading. The recommended number of threads is 8, consider adding +mt=8 on command line. {"history": "ExplorerRun.0", "point": 4, "testname": "Tutorial_myInverter_1", "cornername": "Nominal"}
[2024-10-25 17:56:48.607 -0400] [INFO] [cadence.virtuoso.ade.simulationMonitor] - Time used: CPU = 648 ms, elapsed = 699 ms, util. = 92.7%. {"history": "ExplorerRun.0", "point": 4, "testname": "Tutorial_myInverter_1", "cornername": "Nominal"}
[2024-10-25 17:56:48.608 -0400] [INFO] [cadence.virtuoso.ade.simulationMonitor] - Time spent in licensing: elapsed = 69.7 ms, percentage of total = 9.98%. {"history": "ExplorerRun.0", "point": 4, "testname": "Tutorial_myInverter_1", "cornername": "Nominal"}
[2024-10-25 17:56:48.610 -0400] [INFO] [cadence.virtuoso.ade.simulationMonitor] - Peak memory used = 156 Mbytes. {"history": "ExplorerRun.0", "point": 4, "testname": "Tutorial_myInverter_1", "cornername": "Nominal"}
[2024-10-25 17:56:48.612 -0400] [PROCESS] [cadence.virtuoso.ade.simulationMonitor] - Simulation started at: 5:56:47 PM, Fri Oct 25, 2024, ended at: 5:56:48 PM, Fri Oct 25, 2024, with elapsed time (wall clock): 699 ms. {"history": "ExplorerRun.0", "point": 4, "testname": "Tutorial_myInverter_1", "cornername": "Nominal"}
[2024-10-25 17:56:48.613 -0400] [PROCESS] [cadence.virtuoso.ade.simulationMonitor] - spectre completes with 2 errors, 0 warnings, and 1 notice. {"history": "ExplorerRun.0", "point": 4, "testname": "Tutorial_myInverter_1", "cornername": "Nominal"}
[2024-10-25 17:56:48.613 -0400] [FATAL] [cadence.virtuoso.ade.simulationMonitor] - spectre terminated prematurely due to fatal error. {"history": "ExplorerRun.0", "point": 4, "testname": "Tutorial_myInverter_1", "cornername": "Nominal"}
[2024-10-25 17:56:48.613 -0400] [PROCESS] [cadence.virtuoso.ade.simulationMonitor] - Finished simulating for one point {"hostname": "ece-linlabsrv01.ece.gatech.edu", "processid": 1081800, "history": "ExplorerRun.0", "testname": "Tutorial_myInverter_1", "cornername": "Nominal", "point": 4, "logfile": "/nethome/jchen3014/ECE6130_Updated/ECE6130_LAB/Cadence/logs_jchen3014/logs0/Job29.log", "simid": "4", "event": "finish", "category": "simulation"}
[2024-10-25 17:56:48.613 -0400] [ERROR] [cadence.virtuoso.ade.simulationMonitor] - While simulating run ExplorerRun.0, point 4, test Tutorial_myInverter_1, received error:
Simulation Error:
 The simulator process returned a non-zero exit code, indicating failure.
The simulator could have crashed or intentionally returned to indicate an error.
Check the simulator log file for more information.  Common causes:
1. Simulator may have crashed during exit even after reporting success in log file.
2. Abrupt automatic simulator termination (e.g., SIGKILL) because the simulator process has
   exc... {"history": "ExplorerRun.0", "point": 4, "testname": "Tutorial_myInverter_1", "cornername": "Nominal"}
[2024-10-25 17:56:48.613 -0400] [PROCESS] [cadence.virtuoso.ade.simulationMonitor] - Finished Simulation {"hostname": "ece-linlabsrv01.ece.gatech.edu", "processid": 1081800, "history": "ExplorerRun.0", "testname": "Tutorial_myInverter_1", "cornername": "Nominal", "point": 4, "logfile": "/nethome/jchen3014/ECE6130_Updated/ECE6130_LAB/Cadence/logs_jchen3014/logs0/Job29.log", "simid": "4", "event": "finish", "category": "obsolete"}
[2024-10-25 17:56:48.619 -0400] [PROCESS] [cadence.virtuoso.ade.simulationMonitor] - HostInfo:
Host name (type):	ece-linlabsrv01.ece.gatech.edu (x86_64)
Operating system:	Linux 4.18.0-553.22.1.el8_10.x86_64 #1 SMP Wed Sep 11 18:02:00 EDT 2024 {"hostname": "ece-linlabsrv01.ece.gatech.edu", "processid": 1081800, "history": "ExplorerRun.0", "testname": "Tutorial_myInverter_1", "cornername": "Nominal", "point": 4, "logfile": "/nethome/jchen3014/ECE6130_Updated/ECE6130_LAB/Cadence/logs_jchen3014/logs0/Job29.log", "nodename": "ece-linlabsrv01.ece.gatech.edu", "domainname": "(none)", "machine": "x86_64", "sysname": "Linux", "release": "4.18.0-553.22.1.el8_10.x86_64", "version": "#1 SMP Wed Sep 11 18:02:00 EDT 2024"}
[2024-10-25 17:56:48.620 -0400] [PROCESS] [cadence.virtuoso.ade.simulationMonitor] - UsageInfo:
pid=1081800
totalPhysicalMemory=186.850800GB,Used=173.805916GB,totalVirtualMemory=250.850796GB,Used=177.190536GB
Cpu: Cores=112, Load average:120.470000,153.860000,136.920000 {"hostname": "ece-linlabsrv01.ece.gatech.edu", "processid": 1081800, "history": "ExplorerRun.0", "testname": "Tutorial_myInverter_1", "cornername": "Nominal", "point": 4, "logfile": "/nethome/jchen3014/ECE6130_Updated/ECE6130_LAB/Cadence/logs_jchen3014/logs0/Job29.log", "pid": "1081800", "totalPhysicalMemory": "186.850800", "physicalMemoryUsed": "173.805916", "totalVirtualMemory": "250.850796", "virtualMemoryUsed": "177.190536", "cpuCores": "112", "processes": "11306", "loadAverage1": "120.470000", "loadAverage5": "153.860000", "loadAverage15": "136.920000", "loadAverage1Percent": "1.075625"}
[2024-10-25 17:56:48.626 -0400] [EVENT] [cadence.virtuoso.ade.simulationMonitor] - NewPoint {"history": "ExplorerRun.0", "point": 5, "testname": "Tutorial_myInverter_1", "cornername": "Nominal", "event": "NewPoint", "EventSource": "Simulation Monitor", "HistoryName": "ExplorerRun.0", "logFile": "/nethome/jchen3014/ECE6130_Updated/ECE6130_LAB/Cadence/logs_jchen3014/logs0/Job29.log", "logFileSize": "39168", "category": "simulation"}
[2024-10-25 17:56:48.930 -0400] [EVENT] [cadence.virtuoso.ade.simulationMonitor] - NewPoint {"history": "ExplorerRun.0", "point": 5, "testname": "Tutorial_myInverter_1", "cornername": "Nominal", "event": "NewPoint", "EventSource": "spectre", "HistoryName": "ExplorerRun.0", "logFile": "/nethome/jchen3014/simulation/Tutorial/myInverter/maestro/results/maestro/ExplorerRun.0/5/Tutorial_myInverter_1/psf/spectre.out", "logFileSize": "-1", "category": "simulation"}
[2024-10-25 17:56:49.631 -0400] [PROCESS] [cadence.virtuoso.ade.simulationMonitor] - Simulator launched {"hostname": "ece-linlabsrv01.ece.gatech.edu", "processid": 1081800, "history": "ExplorerRun.0", "testname": "Tutorial_myInverter_1", "cornername": "Nominal", "point": 5, "logfile": "/nethome/jchen3014/ECE6130_Updated/ECE6130_LAB/Cadence/logs_jchen3014/logs0/Job29.log", "simid": "5", "event": "launch", "category": "simulation"}
[2024-10-25 17:56:51.482 -0400] [PROCESS] [cadence.virtuoso.ade.simulationMonitor] - Started Simulation {"hostname": "ece-linlabsrv01.ece.gatech.edu", "processid": 1081800, "history": "ExplorerRun.0", "testname": "Tutorial_myInverter_1", "cornername": "Nominal", "point": 5, "logfile": "/nethome/jchen3014/ECE6130_Updated/ECE6130_LAB/Cadence/logs_jchen3014/logs0/Job29.log", "event": "start", "category": "simulation"}
[2024-10-25 17:56:51.983 -0400] [INFO] [cadence.virtuoso.ade.simulationMonitor] - Peak resident memory used = 145 Mbytes. {"history": "ExplorerRun.0", "point": 5, "testname": "Tutorial_myInverter_1", "cornername": "Nominal"}
[2024-10-25 17:56:51.983 -0400] [ERROR] [cadence.virtuoso.ade.simulationMonitor] -     ERROR (SFE-23): "input.scs" 15: The instance `M0' is referencing an undefined model or subcircuit, `NMOS_VTL'. Either include the file containing the definition of `NMOS_VTL', or define `NMOS_VTL' before running the simulation. {"history": "ExplorerRun.0", "point": 5, "testname": "Tutorial_myInverter_1", "cornername": "Nominal"}
[2024-10-25 17:56:51.986 -0400] [ERROR] [cadence.virtuoso.ade.simulationMonitor] -     ERROR (SFE-23): "input.scs" 20: The instance `M1' is referencing an undefined model or subcircuit, `PMOS_VTL'. Either include the file containing the definition of `PMOS_VTL', or define `PMOS_VTL' before running the simulation. {"history": "ExplorerRun.0", "point": 5, "testname": "Tutorial_myInverter_1", "cornername": "Nominal"}
[2024-10-25 17:56:51.987 -0400] [INFO] [cadence.virtuoso.ade.simulationMonitor] - Peak resident memory used = 154 Mbytes. {"history": "ExplorerRun.0", "point": 5, "testname": "Tutorial_myInverter_1", "cornername": "Nominal"}
[2024-10-25 17:56:51.990 -0400] [INFO] [cadence.virtuoso.ade.simulationMonitor] - Notice from spectre during circuit read-in.
    Multithreading enabled: 8 threads in the system with 112 available processors. {"history": "ExplorerRun.0", "point": 5, "testname": "Tutorial_myInverter_1", "cornername": "Nominal"}
[2024-10-25 17:56:51.990 -0400] [INFO] [cadence.virtuoso.ade.simulationMonitor] - Peak resident memory used = 154 Mbytes. {"history": "ExplorerRun.0", "point": 5, "testname": "Tutorial_myInverter_1", "cornername": "Nominal"}
[2024-10-25 17:56:51.991 -0400] [INFO] [cadence.virtuoso.ade.simulationMonitor] -    -   (APS) Multi-threading. The recommended number of threads is 8, consider adding +mt=8 on command line. {"history": "ExplorerRun.0", "point": 5, "testname": "Tutorial_myInverter_1", "cornername": "Nominal"}
[2024-10-25 17:56:51.993 -0400] [INFO] [cadence.virtuoso.ade.simulationMonitor] - Time used: CPU = 676 ms, elapsed = 817 ms, util. = 82.7%. {"history": "ExplorerRun.0", "point": 5, "testname": "Tutorial_myInverter_1", "cornername": "Nominal"}
[2024-10-25 17:56:51.993 -0400] [INFO] [cadence.virtuoso.ade.simulationMonitor] - Time spent in licensing: elapsed = 177 ms, percentage of total = 21.7%. {"history": "ExplorerRun.0", "point": 5, "testname": "Tutorial_myInverter_1", "cornername": "Nominal"}
[2024-10-25 17:56:51.994 -0400] [INFO] [cadence.virtuoso.ade.simulationMonitor] - Peak memory used = 156 Mbytes. {"history": "ExplorerRun.0", "point": 5, "testname": "Tutorial_myInverter_1", "cornername": "Nominal"}
[2024-10-25 17:56:51.997 -0400] [PROCESS] [cadence.virtuoso.ade.simulationMonitor] - Simulation started at: 5:56:50 PM, Fri Oct 25, 2024, ended at: 5:56:51 PM, Fri Oct 25, 2024, with elapsed time (wall clock): 817 ms. {"history": "ExplorerRun.0", "point": 5, "testname": "Tutorial_myInverter_1", "cornername": "Nominal"}
[2024-10-25 17:56:51.997 -0400] [PROCESS] [cadence.virtuoso.ade.simulationMonitor] - spectre completes with 2 errors, 0 warnings, and 1 notice. {"history": "ExplorerRun.0", "point": 5, "testname": "Tutorial_myInverter_1", "cornername": "Nominal"}
[2024-10-25 17:56:51.997 -0400] [FATAL] [cadence.virtuoso.ade.simulationMonitor] - spectre terminated prematurely due to fatal error. {"history": "ExplorerRun.0", "point": 5, "testname": "Tutorial_myInverter_1", "cornername": "Nominal"}
[2024-10-25 17:56:51.997 -0400] [PROCESS] [cadence.virtuoso.ade.simulationMonitor] - Finished simulating for one point {"hostname": "ece-linlabsrv01.ece.gatech.edu", "processid": 1081800, "history": "ExplorerRun.0", "testname": "Tutorial_myInverter_1", "cornername": "Nominal", "point": 5, "logfile": "/nethome/jchen3014/ECE6130_Updated/ECE6130_LAB/Cadence/logs_jchen3014/logs0/Job29.log", "simid": "5", "event": "finish", "category": "simulation"}
[2024-10-25 17:56:51.998 -0400] [ERROR] [cadence.virtuoso.ade.simulationMonitor] - While simulating run ExplorerRun.0, point 5, test Tutorial_myInverter_1, received error:
Simulation Error:
 The simulator process returned a non-zero exit code, indicating failure.
The simulator could have crashed or intentionally returned to indicate an error.
Check the simulator log file for more information.  Common causes:
1. Simulator may have crashed during exit even after reporting success in log file.
2. Abrupt automatic simulator termination (e.g., SIGKILL) because the simulator process has
   exc... {"history": "ExplorerRun.0", "point": 5, "testname": "Tutorial_myInverter_1", "cornername": "Nominal"}
[2024-10-25 17:56:51.998 -0400] [PROCESS] [cadence.virtuoso.ade.simulationMonitor] - Finished Simulation {"hostname": "ece-linlabsrv01.ece.gatech.edu", "processid": 1081800, "history": "ExplorerRun.0", "testname": "Tutorial_myInverter_1", "cornername": "Nominal", "point": 5, "logfile": "/nethome/jchen3014/ECE6130_Updated/ECE6130_LAB/Cadence/logs_jchen3014/logs0/Job29.log", "simid": "5", "event": "finish", "category": "obsolete"}
[2024-10-25 17:56:53.022 -0400] [PROCESS] [cadence.virtuoso.ade.simulationMonitor] - HostInfo:
Host name (type):	ece-linlabsrv01.ece.gatech.edu (x86_64)
Operating system:	Linux 4.18.0-553.22.1.el8_10.x86_64 #1 SMP Wed Sep 11 18:02:00 EDT 2024 {"hostname": "ece-linlabsrv01.ece.gatech.edu", "processid": 1081800, "history": "ExplorerRun.0", "testname": "Tutorial_myInverter_1", "cornername": "Nominal", "point": 5, "logfile": "/nethome/jchen3014/ECE6130_Updated/ECE6130_LAB/Cadence/logs_jchen3014/logs0/Job29.log", "nodename": "ece-linlabsrv01.ece.gatech.edu", "domainname": "(none)", "machine": "x86_64", "sysname": "Linux", "release": "4.18.0-553.22.1.el8_10.x86_64", "version": "#1 SMP Wed Sep 11 18:02:00 EDT 2024"}
[2024-10-25 17:56:53.022 -0400] [PROCESS] [cadence.virtuoso.ade.simulationMonitor] - UsageInfo:
pid=1081800
totalPhysicalMemory=186.850800GB,Used=173.841160GB,totalVirtualMemory=250.850796GB,Used=177.225780GB
Cpu: Cores=112, Load average:120.030000,153.210000,136.800000 {"hostname": "ece-linlabsrv01.ece.gatech.edu", "processid": 1081800, "history": "ExplorerRun.0", "testname": "Tutorial_myInverter_1", "cornername": "Nominal", "point": 5, "logfile": "/nethome/jchen3014/ECE6130_Updated/ECE6130_LAB/Cadence/logs_jchen3014/logs0/Job29.log", "pid": "1081800", "totalPhysicalMemory": "186.850800", "physicalMemoryUsed": "173.841160", "totalVirtualMemory": "250.850796", "virtualMemoryUsed": "177.225780", "cpuCores": "112", "processes": "11461", "loadAverage1": "120.030000", "loadAverage5": "153.210000", "loadAverage15": "136.800000", "loadAverage1Percent": "1.071696"}
[2024-10-25 17:56:53.055 -0400] [EVENT] [cadence.virtuoso.ade.simulationMonitor] - NewPoint {"history": "ExplorerRun.0", "point": 6, "testname": "Tutorial_myInverter_1", "cornername": "Nominal", "event": "NewPoint", "EventSource": "Simulation Monitor", "HistoryName": "ExplorerRun.0", "logFile": "/nethome/jchen3014/ECE6130_Updated/ECE6130_LAB/Cadence/logs_jchen3014/logs0/Job29.log", "logFileSize": "47730", "category": "simulation"}
[2024-10-25 17:56:53.359 -0400] [EVENT] [cadence.virtuoso.ade.simulationMonitor] - NewPoint {"history": "ExplorerRun.0", "point": 6, "testname": "Tutorial_myInverter_1", "cornername": "Nominal", "event": "NewPoint", "EventSource": "spectre", "HistoryName": "ExplorerRun.0", "logFile": "/nethome/jchen3014/simulation/Tutorial/myInverter/maestro/results/maestro/ExplorerRun.0/6/Tutorial_myInverter_1/psf/spectre.out", "logFileSize": "-1", "category": "simulation"}
[2024-10-25 17:56:54.261 -0400] [PROCESS] [cadence.virtuoso.ade.simulationMonitor] - Simulator launched {"hostname": "ece-linlabsrv01.ece.gatech.edu", "processid": 1081800, "history": "ExplorerRun.0", "testname": "Tutorial_myInverter_1", "cornername": "Nominal", "point": 6, "logfile": "/nethome/jchen3014/ECE6130_Updated/ECE6130_LAB/Cadence/logs_jchen3014/logs0/Job29.log", "simid": "6", "event": "launch", "category": "simulation"}
[2024-10-25 17:56:56.178 -0400] [INFO] [cadence.virtuoso.ade.simulationMonitor] - Peak resident memory used = 145 Mbytes. {"history": "ExplorerRun.0", "point": 6, "testname": "Tutorial_myInverter_1", "cornername": "Nominal"}
[2024-10-25 17:56:56.179 -0400] [ERROR] [cadence.virtuoso.ade.simulationMonitor] -     ERROR (SFE-23): "input.scs" 15: The instance `M0' is referencing an undefined model or subcircuit, `NMOS_VTL'. Either include the file containing the definition of `NMOS_VTL', or define `NMOS_VTL' before running the simulation. {"history": "ExplorerRun.0", "point": 6, "testname": "Tutorial_myInverter_1", "cornername": "Nominal"}
[2024-10-25 17:56:56.190 -0400] [ERROR] [cadence.virtuoso.ade.simulationMonitor] -     ERROR (SFE-23): "input.scs" 20: The instance `M1' is referencing an undefined model or subcircuit, `PMOS_VTL'. Either include the file containing the definition of `PMOS_VTL', or define `PMOS_VTL' before running the simulation. {"history": "ExplorerRun.0", "point": 6, "testname": "Tutorial_myInverter_1", "cornername": "Nominal"}
[2024-10-25 17:56:56.191 -0400] [INFO] [cadence.virtuoso.ade.simulationMonitor] - Peak resident memory used = 154 Mbytes. {"history": "ExplorerRun.0", "point": 6, "testname": "Tutorial_myInverter_1", "cornername": "Nominal"}
[2024-10-25 17:56:56.201 -0400] [INFO] [cadence.virtuoso.ade.simulationMonitor] - Notice from spectre during circuit read-in.
    Multithreading enabled: 8 threads in the system with 112 available processors. {"history": "ExplorerRun.0", "point": 6, "testname": "Tutorial_myInverter_1", "cornername": "Nominal"}
[2024-10-25 17:56:56.201 -0400] [INFO] [cadence.virtuoso.ade.simulationMonitor] - Peak resident memory used = 154 Mbytes. {"history": "ExplorerRun.0", "point": 6, "testname": "Tutorial_myInverter_1", "cornername": "Nominal"}
[2024-10-25 17:56:56.206 -0400] [INFO] [cadence.virtuoso.ade.simulationMonitor] -    -   (APS) Multi-threading. The recommended number of threads is 8, consider adding +mt=8 on command line. {"history": "ExplorerRun.0", "point": 6, "testname": "Tutorial_myInverter_1", "cornername": "Nominal"}
[2024-10-25 17:56:56.214 -0400] [INFO] [cadence.virtuoso.ade.simulationMonitor] - Time used: CPU = 664 ms, elapsed = 746 ms, util. = 89%. {"history": "ExplorerRun.0", "point": 6, "testname": "Tutorial_myInverter_1", "cornername": "Nominal"}
[2024-10-25 17:56:56.214 -0400] [INFO] [cadence.virtuoso.ade.simulationMonitor] - Time spent in licensing: elapsed = 101 ms, percentage of total = 13.5%. {"history": "ExplorerRun.0", "point": 6, "testname": "Tutorial_myInverter_1", "cornername": "Nominal"}
[2024-10-25 17:56:56.218 -0400] [INFO] [cadence.virtuoso.ade.simulationMonitor] - Peak memory used = 155 Mbytes. {"history": "ExplorerRun.0", "point": 6, "testname": "Tutorial_myInverter_1", "cornername": "Nominal"}
[2024-10-25 17:56:56.221 -0400] [PROCESS] [cadence.virtuoso.ade.simulationMonitor] - Simulation started at: 5:56:55 PM, Fri Oct 25, 2024, ended at: 5:56:55 PM, Fri Oct 25, 2024, with elapsed time (wall clock): 746 ms. {"history": "ExplorerRun.0", "point": 6, "testname": "Tutorial_myInverter_1", "cornername": "Nominal"}
[2024-10-25 17:56:56.221 -0400] [PROCESS] [cadence.virtuoso.ade.simulationMonitor] - spectre completes with 2 errors, 0 warnings, and 1 notice. {"history": "ExplorerRun.0", "point": 6, "testname": "Tutorial_myInverter_1", "cornername": "Nominal"}
[2024-10-25 17:56:56.221 -0400] [FATAL] [cadence.virtuoso.ade.simulationMonitor] - spectre terminated prematurely due to fatal error. {"history": "ExplorerRun.0", "point": 6, "testname": "Tutorial_myInverter_1", "cornername": "Nominal"}
[2024-10-25 17:56:56.221 -0400] [PROCESS] [cadence.virtuoso.ade.simulationMonitor] - Finished simulating for one point {"hostname": "ece-linlabsrv01.ece.gatech.edu", "processid": 1081800, "history": "ExplorerRun.0", "testname": "Tutorial_myInverter_1", "cornername": "Nominal", "point": 6, "logfile": "/nethome/jchen3014/ECE6130_Updated/ECE6130_LAB/Cadence/logs_jchen3014/logs0/Job29.log", "simid": "6", "event": "finish", "category": "simulation"}
[2024-10-25 17:56:56.221 -0400] [ERROR] [cadence.virtuoso.ade.simulationMonitor] - While simulating run ExplorerRun.0, point 6, test Tutorial_myInverter_1, received error:
Simulation Error:
 The simulator process returned a non-zero exit code, indicating failure.
The simulator could have crashed or intentionally returned to indicate an error.
Check the simulator log file for more information.  Common causes:
1. Simulator may have crashed during exit even after reporting success in log file.
2. Abrupt automatic simulator termination (e.g., SIGKILL) because the simulator process has
   exc... {"history": "ExplorerRun.0", "point": 6, "testname": "Tutorial_myInverter_1", "cornername": "Nominal"}
[2024-10-25 17:56:56.222 -0400] [PROCESS] [cadence.virtuoso.ade.simulationMonitor] - Finished Simulation {"hostname": "ece-linlabsrv01.ece.gatech.edu", "processid": 1081800, "history": "ExplorerRun.0", "testname": "Tutorial_myInverter_1", "cornername": "Nominal", "point": 6, "logfile": "/nethome/jchen3014/ECE6130_Updated/ECE6130_LAB/Cadence/logs_jchen3014/logs0/Job29.log", "simid": "6", "event": "finish", "category": "obsolete"}
[2024-10-25 17:56:56.227 -0400] [PROCESS] [cadence.virtuoso.ade.simulationMonitor] - Stay with the runId '0', Linger time '300', currentRunSyn '1', currentTestSyn '3' {"hostname": "ece-linlabsrv01.ece.gatech.edu", "processid": 1081800, "history": "ExplorerRun.0", "testname": "Tutorial_myInverter_1", "cornername": "Nominal", "point": 6, "logfile": "/nethome/jchen3014/ECE6130_Updated/ECE6130_LAB/Cadence/logs_jchen3014/logs0/Job29.log"}
[2024-10-25 17:56:57.230 -0400] [PROCESS] [cadence.virtuoso.ade.simulationMonitor] - Stay with the runId '0', Linger time '300', currentRunSyn '1', currentTestSyn '3' {"hostname": "ece-linlabsrv01.ece.gatech.edu", "processid": 1081800, "history": "ExplorerRun.0", "testname": "Tutorial_myInverter_1", "cornername": "Nominal", "point": 6, "logfile": "/nethome/jchen3014/ECE6130_Updated/ECE6130_LAB/Cadence/logs_jchen3014/logs0/Job29.log"}
[2024-10-25 17:56:58.231 -0400] [PROCESS] [cadence.virtuoso.ade.simulationMonitor] - Stay with the runId '0', Linger time '300', currentRunSyn '1', currentTestSyn '3' {"hostname": "ece-linlabsrv01.ece.gatech.edu", "processid": 1081800, "history": "ExplorerRun.0", "testname": "Tutorial_myInverter_1", "cornername": "Nominal", "point": 6, "logfile": "/nethome/jchen3014/ECE6130_Updated/ECE6130_LAB/Cadence/logs_jchen3014/logs0/Job29.log"}
[2024-10-25 17:56:59.235 -0400] [PROCESS] [cadence.virtuoso.ade.simulationMonitor] - Stay with the runId '0', Linger time '300', currentRunSyn '1', currentTestSyn '3' {"hostname": "ece-linlabsrv01.ece.gatech.edu", "processid": 1081800, "history": "ExplorerRun.0", "testname": "Tutorial_myInverter_1", "cornername": "Nominal", "point": 6, "logfile": "/nethome/jchen3014/ECE6130_Updated/ECE6130_LAB/Cadence/logs_jchen3014/logs0/Job29.log"}
[2024-10-25 17:57:39.700 -0400] [INFO] [cadence.virtuoso.ade.simulationMonitor] - SimulationMonitor has terminated the vds process '1082258', reason: 'Force to stop the expression evalutor process because of new run' {"history": "ExplorerRun.0", "point": 6, "testname": "Tutorial_myInverter_1", "cornername": "Nominal"}
[2024-10-25 17:57:39.702 -0400] [PROCESS] [cadence.virtuoso.ade.simulationMonitor] - HostInfo:
Host name (type):	ece-linlabsrv01.ece.gatech.edu (x86_64)
Operating system:	Linux 4.18.0-553.22.1.el8_10.x86_64 #1 SMP Wed Sep 11 18:02:00 EDT 2024 {"hostname": "ece-linlabsrv01.ece.gatech.edu", "processid": 1081800, "history": "ExplorerRun.0", "testname": "Tutorial_myInverter_1", "cornername": "Nominal", "point": 6, "logfile": "/nethome/jchen3014/ECE6130_Updated/ECE6130_LAB/Cadence/logs_jchen3014/logs0/Job29.log", "nodename": "ece-linlabsrv01.ece.gatech.edu", "domainname": "(none)", "machine": "x86_64", "sysname": "Linux", "release": "4.18.0-553.22.1.el8_10.x86_64", "version": "#1 SMP Wed Sep 11 18:02:00 EDT 2024"}
[2024-10-25 17:57:39.702 -0400] [PROCESS] [cadence.virtuoso.ade.simulationMonitor] - UsageInfo:
pid=1081800
totalPhysicalMemory=186.850800GB,Used=173.551655GB,totalVirtualMemory=250.850796GB,Used=176.936275GB
Cpu: Cores=112, Load average:116.970000,148.040000,135.850000 {"hostname": "ece-linlabsrv01.ece.gatech.edu", "processid": 1081800, "history": "ExplorerRun.0", "testname": "Tutorial_myInverter_1", "cornername": "Nominal", "point": 6, "logfile": "/nethome/jchen3014/ECE6130_Updated/ECE6130_LAB/Cadence/logs_jchen3014/logs0/Job29.log", "pid": "1081800", "totalPhysicalMemory": "186.850800", "physicalMemoryUsed": "173.551655", "totalVirtualMemory": "250.850796", "virtualMemoryUsed": "176.936275", "cpuCores": "112", "processes": "11377", "loadAverage1": "116.970000", "loadAverage5": "148.040000", "loadAverage15": "135.850000", "loadAverage1Percent": "1.044375"}
[2024-10-25 17:57:39.708 -0400] [EVENT] [cadence.virtuoso.ade.simulationMonitor] - NewPoint {"history": "ExplorerRun.0", "point": 1, "testname": "Tutorial_myInverter_1", "cornername": "Nominal", "event": "NewPoint", "EventSource": "Simulation Monitor", "HistoryName": "ExplorerRun.0", "logFile": "/nethome/jchen3014/ECE6130_Updated/ECE6130_LAB/Cadence/logs_jchen3014/logs0/Job29.log", "logFileSize": "57943", "category": "simulation"}
[2024-10-25 17:57:40.019 -0400] [EVENT] [cadence.virtuoso.ade.simulationMonitor] - NewPoint {"history": "ExplorerRun.0", "point": 1, "testname": "Tutorial_myInverter_1", "cornername": "Nominal", "event": "NewPoint", "EventSource": "spectre", "HistoryName": "ExplorerRun.0", "logFile": "/nethome/jchen3014/simulation/Tutorial/myInverter/maestro/results/maestro/ExplorerRun.0/1/Tutorial_myInverter_1/psf/spectre.out", "logFileSize": "-1", "category": "simulation"}
[2024-10-25 17:57:40.846 -0400] [PROCESS] [cadence.virtuoso.ade.simulationMonitor] - Simulator launched {"hostname": "ece-linlabsrv01.ece.gatech.edu", "processid": 1081800, "history": "ExplorerRun.0", "testname": "Tutorial_myInverter_1", "cornername": "Nominal", "point": 1, "logfile": "/nethome/jchen3014/ECE6130_Updated/ECE6130_LAB/Cadence/logs_jchen3014/logs0/Job29.log", "simid": "7", "event": "launch", "category": "simulation"}
[2024-10-25 17:57:40.857 -0400] [PROCESS] [cadence.virtuoso.ade.simulationMonitor] - Expression evaluator launched {"hostname": "ece-linlabsrv01.ece.gatech.edu", "processid": 1081800, "history": "ExplorerRun.0", "testname": "Tutorial_myInverter_1", "cornername": "Nominal", "point": 1, "logfile": "/nethome/jchen3014/ECE6130_Updated/ECE6130_LAB/Cadence/logs_jchen3014/logs0/Job29.log"}
[2024-10-25 17:57:42.682 -0400] [PROCESS] [cadence.virtuoso.ade.simulationMonitor] - Started Simulation {"hostname": "ece-linlabsrv01.ece.gatech.edu", "processid": 1081800, "history": "ExplorerRun.0", "testname": "Tutorial_myInverter_1", "cornername": "Nominal", "point": 1, "logfile": "/nethome/jchen3014/ECE6130_Updated/ECE6130_LAB/Cadence/logs_jchen3014/logs0/Job29.log", "event": "start", "category": "simulation"}
[2024-10-25 17:57:43.183 -0400] [INFO] [cadence.virtuoso.ade.simulationMonitor] - Peak resident memory used = 166 Mbytes. {"history": "ExplorerRun.0", "point": 1, "testname": "Tutorial_myInverter_1", "cornername": "Nominal"}
[2024-10-25 17:57:43.183 -0400] [INFO] [cadence.virtuoso.ade.simulationMonitor] - Peak resident memory used = 175 Mbytes. {"history": "ExplorerRun.0", "point": 1, "testname": "Tutorial_myInverter_1", "cornername": "Nominal"}
[2024-10-25 17:57:43.183 -0400] [INFO] [cadence.virtuoso.ade.simulationMonitor] - Notice from spectre during hierarchy flattening.
    The value 'psf' specified for the 'checklimitdest' option will no longer be supported in future releases. Use 'spectre -h' to see other recommended values for the 'checklimitdest' option. {"history": "ExplorerRun.0", "point": 1, "testname": "Tutorial_myInverter_1", "cornername": "Nominal"}
[2024-10-25 17:57:43.183 -0400] [INFO] [cadence.virtuoso.ade.simulationMonitor] - Peak resident memory used = 175 Mbytes. {"history": "ExplorerRun.0", "point": 1, "testname": "Tutorial_myInverter_1", "cornername": "Nominal"}
[2024-10-25 17:57:43.183 -0400] [WARN] [cadence.virtuoso.ade.simulationMonitor] -     WARNING (CMI-2441): M1: Instance length width or area does not fit the given lmax-lmin, wmax-wmin or areamax-areamin range for the model 'PMOS_VTL'. {"history": "ExplorerRun.0", "point": 1, "testname": "Tutorial_myInverter_1", "cornername": "Nominal"}
[2024-10-25 17:57:43.183 -0400] [WARN] [cadence.virtuoso.ade.simulationMonitor] -     WARNING (CMI-2477): M1:  The value '1.55 uOhm' specified for `Rds' is less than the permitted minimum value, 0.001. Setting it to the default value '0' {"history": "ExplorerRun.0", "point": 1, "testname": "Tutorial_myInverter_1", "cornername": "Nominal"}
[2024-10-25 17:57:43.183 -0400] [INFO] [cadence.virtuoso.ade.simulationMonitor] - Notice from spectre during initial setup.
    Multithreading is disabled due to the size of the design being too small. {"history": "ExplorerRun.0", "point": 1, "testname": "Tutorial_myInverter_1", "cornername": "Nominal"}
[2024-10-25 17:57:43.286 -0400] [INFO] [cadence.virtuoso.ade.simulationMonitor] -               nodes 3 {"history": "ExplorerRun.0", "point": 1, "testname": "Tutorial_myInverter_1", "cornername": "Nominal"}
[2024-10-25 17:57:43.286 -0400] [INFO] [cadence.virtuoso.ade.simulationMonitor] - Notice from spectre during initial setup.
    Protected devices exist and are not included in the circuit inventory.
    APS enabled. {"history": "ExplorerRun.0", "point": 1, "testname": "Tutorial_myInverter_1", "cornername": "Nominal"}
[2024-10-25 17:57:43.286 -0400] [WARN] [cadence.virtuoso.ade.simulationMonitor] -     WARNING (CMI-2477): M1:  The value '1.55 uOhm' specified for `Rds' is less than the permitted minimum value, 0.001. Setting it to the default value '0' {"history": "ExplorerRun.0", "point": 1, "testname": "Tutorial_myInverter_1", "cornername": "Nominal"}
[2024-10-25 17:57:43.788 -0400] [INFO] [cadence.virtuoso.ade.simulationMonitor] - Peak resident memory used = 177 Mbytes. {"history": "ExplorerRun.0", "point": 1, "testname": "Tutorial_myInverter_1", "cornername": "Nominal"}
[2024-10-25 17:57:43.803 -0400] [INFO] [cadence.virtuoso.ade.simulationMonitor] -    -   (APS) Multi-threading. The recommended number of threads is 1, consider adding +mt=1 on command line. {"history": "ExplorerRun.0", "point": 1, "testname": "Tutorial_myInverter_1", "cornername": "Nominal"}
[2024-10-25 17:57:43.803 -0400] [INFO] [cadence.virtuoso.ade.simulationMonitor] - Notice from spectre during IC analysis, during transient analysis `tran'.
    Bad pivoting is found during DC analysis. Option dc_pivot_check=yes is recommended for possible improvement of convergence. {"history": "ExplorerRun.0", "point": 1, "testname": "Tutorial_myInverter_1", "cornername": "Nominal"}
[2024-10-25 17:57:43.803 -0400] [INFO] [cadence.virtuoso.ade.simulationMonitor] - Notice from spectre during transient analysis `tran'.
    Multithreading is disabled due to the size of the design being too small. {"history": "ExplorerRun.0", "point": 1, "testname": "Tutorial_myInverter_1", "cornername": "Nominal"}
[2024-10-25 17:58:57.681 -0400] [PROCESS] [cadence.virtuoso.ade.simulationMonitor] - Simulation cancelled {"hostname": "ece-linlabsrv01.ece.gatech.edu", "processid": 1081800, "history": "ExplorerRun.0", "testname": "Tutorial_myInverter_1", "cornername": "Nominal", "point": 1, "logfile": "/nethome/jchen3014/ECE6130_Updated/ECE6130_LAB/Cadence/logs_jchen3014/logs0/Job29.log"}
[2024-10-25 17:58:58.704 -0400] [INFO] [cadence.virtuoso.ade.simulationMonitor] - SimulationMonitor has terminated the  process '1118803', reason: 'the simulation point gets cancelled by GUI' {"history": "ExplorerRun.0", "point": 1, "testname": "Tutorial_myInverter_1", "cornername": "Nominal"}
[2024-10-25 17:58:58.765 -0400] [PROCESS] [cadence.virtuoso.ade.simulationMonitor] - Finished simulating for one point {"hostname": "ece-linlabsrv01.ece.gatech.edu", "processid": 1081800, "history": "ExplorerRun.0", "testname": "Tutorial_myInverter_1", "cornername": "Nominal", "point": 1, "logfile": "/nethome/jchen3014/ECE6130_Updated/ECE6130_LAB/Cadence/logs_jchen3014/logs0/Job29.log", "simid": "7", "event": "finish", "category": "simulation"}
[2024-10-25 17:58:58.766 -0400] [ERROR] [cadence.virtuoso.ade.simulationMonitor] - While simulating run ExplorerRun.0, point 1, test Tutorial_myInverter_1, received error:
Simulation Error:
 The simulator process returned a non-zero exit code, indicating failure.
The simulator could have crashed or intentionally returned to indicate an error.
Check the simulator log file for more information.  Common causes:
1. Simulator may have crashed during exit even after reporting success in log file.
2. Abrupt automatic simulator termination (e.g., SIGKILL) because the simulator process has
   exc... {"history": "ExplorerRun.0", "point": 1, "testname": "Tutorial_myInverter_1", "cornername": "Nominal"}
[2024-10-25 17:58:58.766 -0400] [PROCESS] [cadence.virtuoso.ade.simulationMonitor] - Finished Simulation {"hostname": "ece-linlabsrv01.ece.gatech.edu", "processid": 1081800, "history": "ExplorerRun.0", "testname": "Tutorial_myInverter_1", "cornername": "Nominal", "point": 1, "logfile": "/nethome/jchen3014/ECE6130_Updated/ECE6130_LAB/Cadence/logs_jchen3014/logs0/Job29.log", "simid": "7", "event": "finish", "category": "obsolete"}
[2024-10-25 17:58:58.775 -0400] [PROCESS] [cadence.virtuoso.ade.simulationMonitor] - Point Finished {"hostname": "ece-linlabsrv01.ece.gatech.edu", "processid": 1081800, "history": "ExplorerRun.0", "testname": "Tutorial_myInverter_1", "cornername": "Nominal", "point": 1, "logfile": "/nethome/jchen3014/ECE6130_Updated/ECE6130_LAB/Cadence/logs_jchen3014/logs0/Job29.log", "event": "finish", "category": "sim-eval"}
[2024-10-25 17:59:18.001 -0400] [INFO] [cadence.virtuoso.ade.simulationMonitor] - SimulationMonitor has terminated the vds process '1118804', reason: 'Force to stop the expression evalutor process because of new run' {"history": "ExplorerRun.0", "point": 1, "testname": "Tutorial_myInverter_1", "cornername": "Nominal"}
[2024-10-25 17:59:18.004 -0400] [PROCESS] [cadence.virtuoso.ade.simulationMonitor] - HostInfo:
Host name (type):	ece-linlabsrv01.ece.gatech.edu (x86_64)
Operating system:	Linux 4.18.0-553.22.1.el8_10.x86_64 #1 SMP Wed Sep 11 18:02:00 EDT 2024 {"hostname": "ece-linlabsrv01.ece.gatech.edu", "processid": 1081800, "history": "ExplorerRun.0", "testname": "Tutorial_myInverter_1", "cornername": "Nominal", "point": 1, "logfile": "/nethome/jchen3014/ECE6130_Updated/ECE6130_LAB/Cadence/logs_jchen3014/logs0/Job29.log", "nodename": "ece-linlabsrv01.ece.gatech.edu", "domainname": "(none)", "machine": "x86_64", "sysname": "Linux", "release": "4.18.0-553.22.1.el8_10.x86_64", "version": "#1 SMP Wed Sep 11 18:02:00 EDT 2024"}
[2024-10-25 17:59:18.004 -0400] [PROCESS] [cadence.virtuoso.ade.simulationMonitor] - UsageInfo:
pid=1081800
totalPhysicalMemory=186.850800GB,Used=172.737350GB,totalVirtualMemory=250.850796GB,Used=176.121971GB
Cpu: Cores=112, Load average:128.180000,143.340000,135.410000 {"hostname": "ece-linlabsrv01.ece.gatech.edu", "processid": 1081800, "history": "ExplorerRun.0", "testname": "Tutorial_myInverter_1", "cornername": "Nominal", "point": 1, "logfile": "/nethome/jchen3014/ECE6130_Updated/ECE6130_LAB/Cadence/logs_jchen3014/logs0/Job29.log", "pid": "1081800", "totalPhysicalMemory": "186.850800", "physicalMemoryUsed": "172.737350", "totalVirtualMemory": "250.850796", "virtualMemoryUsed": "176.121971", "cpuCores": "112", "processes": "11257", "loadAverage1": "128.180000", "loadAverage5": "143.340000", "loadAverage15": "135.410000", "loadAverage1Percent": "1.144464"}
[2024-10-25 17:59:18.037 -0400] [EVENT] [cadence.virtuoso.ade.simulationMonitor] - NewPoint {"history": "ExplorerRun.0", "point": 1, "testname": "Tutorial_myInverter_1", "cornername": "Nominal", "event": "NewPoint", "EventSource": "Simulation Monitor", "HistoryName": "ExplorerRun.0", "logFile": "/nethome/jchen3014/ECE6130_Updated/ECE6130_LAB/Cadence/logs_jchen3014/logs0/Job29.log", "logFileSize": "68834", "category": "simulation"}
[2024-10-25 17:59:18.390 -0400] [EVENT] [cadence.virtuoso.ade.simulationMonitor] - NewPoint {"history": "ExplorerRun.0", "point": 1, "testname": "Tutorial_myInverter_1", "cornername": "Nominal", "event": "NewPoint", "EventSource": "spectre", "HistoryName": "ExplorerRun.0", "logFile": "/nethome/jchen3014/simulation/Tutorial/myInverter/maestro/results/maestro/ExplorerRun.0/1/Tutorial_myInverter_1/psf/spectre.out", "logFileSize": "-1", "category": "simulation"}
[2024-10-25 17:59:19.148 -0400] [PROCESS] [cadence.virtuoso.ade.simulationMonitor] - Simulator launched {"hostname": "ece-linlabsrv01.ece.gatech.edu", "processid": 1081800, "history": "ExplorerRun.0", "testname": "Tutorial_myInverter_1", "cornername": "Nominal", "point": 1, "logfile": "/nethome/jchen3014/ECE6130_Updated/ECE6130_LAB/Cadence/logs_jchen3014/logs0/Job29.log", "simid": "8", "event": "launch", "category": "simulation"}
[2024-10-25 17:59:19.176 -0400] [PROCESS] [cadence.virtuoso.ade.simulationMonitor] - Expression evaluator launched {"hostname": "ece-linlabsrv01.ece.gatech.edu", "processid": 1081800, "history": "ExplorerRun.0", "testname": "Tutorial_myInverter_1", "cornername": "Nominal", "point": 1, "logfile": "/nethome/jchen3014/ECE6130_Updated/ECE6130_LAB/Cadence/logs_jchen3014/logs0/Job29.log"}
[2024-10-25 17:59:20.999 -0400] [PROCESS] [cadence.virtuoso.ade.simulationMonitor] - Started Simulation {"hostname": "ece-linlabsrv01.ece.gatech.edu", "processid": 1081800, "history": "ExplorerRun.0", "testname": "Tutorial_myInverter_1", "cornername": "Nominal", "point": 1, "logfile": "/nethome/jchen3014/ECE6130_Updated/ECE6130_LAB/Cadence/logs_jchen3014/logs0/Job29.log", "event": "start", "category": "simulation"}
[2024-10-25 17:59:22.000 -0400] [INFO] [cadence.virtuoso.ade.simulationMonitor] - Peak resident memory used = 150 Mbytes. {"history": "ExplorerRun.0", "point": 1, "testname": "Tutorial_myInverter_1", "cornername": "Nominal"}
[2024-10-25 17:59:22.001 -0400] [INFO] [cadence.virtuoso.ade.simulationMonitor] - Peak resident memory used = 158 Mbytes. {"history": "ExplorerRun.0", "point": 1, "testname": "Tutorial_myInverter_1", "cornername": "Nominal"}
[2024-10-25 17:59:22.001 -0400] [INFO] [cadence.virtuoso.ade.simulationMonitor] - Notice from spectre during hierarchy flattening.
    The value 'psf' specified for the 'checklimitdest' option will no longer be supported in future releases. Use 'spectre -h' to see other recommended values for the 'checklimitdest' option. {"history": "ExplorerRun.0", "point": 1, "testname": "Tutorial_myInverter_1", "cornername": "Nominal"}
[2024-10-25 17:59:22.001 -0400] [INFO] [cadence.virtuoso.ade.simulationMonitor] - Peak resident memory used = 158 Mbytes. {"history": "ExplorerRun.0", "point": 1, "testname": "Tutorial_myInverter_1", "cornername": "Nominal"}
[2024-10-25 17:59:22.001 -0400] [WARN] [cadence.virtuoso.ade.simulationMonitor] -     WARNING (CMI-2441): M1: Instance length width or area does not fit the given lmax-lmin, wmax-wmin or areamax-areamin range for the model 'PMOS_VTL'. {"history": "ExplorerRun.0", "point": 1, "testname": "Tutorial_myInverter_1", "cornername": "Nominal"}
[2024-10-25 17:59:22.001 -0400] [WARN] [cadence.virtuoso.ade.simulationMonitor] -     WARNING (CMI-2477): M1:  The value '1.55 uOhm' specified for `Rds' is less than the permitted minimum value, 0.001. Setting it to the default value '0' {"history": "ExplorerRun.0", "point": 1, "testname": "Tutorial_myInverter_1", "cornername": "Nominal"}
[2024-10-25 17:59:22.001 -0400] [INFO] [cadence.virtuoso.ade.simulationMonitor] - Notice from spectre during initial setup.
    Multithreading is disabled due to the size of the design being too small. {"history": "ExplorerRun.0", "point": 1, "testname": "Tutorial_myInverter_1", "cornername": "Nominal"}
[2024-10-25 17:59:22.067 -0400] [INFO] [cadence.virtuoso.ade.simulationMonitor] -               nodes 3 {"history": "ExplorerRun.0", "point": 1, "testname": "Tutorial_myInverter_1", "cornername": "Nominal"}
[2024-10-25 17:59:22.068 -0400] [INFO] [cadence.virtuoso.ade.simulationMonitor] - Notice from spectre during initial setup.
    Protected devices exist and are not included in the circuit inventory.
    APS enabled. {"history": "ExplorerRun.0", "point": 1, "testname": "Tutorial_myInverter_1", "cornername": "Nominal"}
[2024-10-25 17:59:22.068 -0400] [WARN] [cadence.virtuoso.ade.simulationMonitor] -     WARNING (CMI-2477): M1:  The value '1.55 uOhm' specified for `Rds' is less than the permitted minimum value, 0.001. Setting it to the default value '0' {"history": "ExplorerRun.0", "point": 1, "testname": "Tutorial_myInverter_1", "cornername": "Nominal"}
[2024-10-25 17:59:22.068 -0400] [INFO] [cadence.virtuoso.ade.simulationMonitor] - Peak resident memory used = 160 Mbytes. {"history": "ExplorerRun.0", "point": 1, "testname": "Tutorial_myInverter_1", "cornername": "Nominal"}
[2024-10-25 17:59:22.093 -0400] [INFO] [cadence.virtuoso.ade.simulationMonitor] -    -   (APS) Multi-threading. The recommended number of threads is 1, consider adding +mt=1 on command line. {"history": "ExplorerRun.0", "point": 1, "testname": "Tutorial_myInverter_1", "cornername": "Nominal"}
[2024-10-25 17:59:22.093 -0400] [INFO] [cadence.virtuoso.ade.simulationMonitor] - Notice from spectre during IC analysis, during transient analysis `tran'.
    Bad pivoting is found during DC analysis. Option dc_pivot_check=yes is recommended for possible improvement of convergence. {"history": "ExplorerRun.0", "point": 1, "testname": "Tutorial_myInverter_1", "cornername": "Nominal"}
[2024-10-25 17:59:22.093 -0400] [INFO] [cadence.virtuoso.ade.simulationMonitor] - Notice from spectre during transient analysis `tran'.
    Multithreading is disabled due to the size of the design being too small. {"history": "ExplorerRun.0", "point": 1, "testname": "Tutorial_myInverter_1", "cornername": "Nominal"}
[2024-10-25 18:00:25.928 -0400] [PROCESS] [cadence.virtuoso.ade.simulationMonitor] - Simulation cancelled {"hostname": "ece-linlabsrv01.ece.gatech.edu", "processid": 1081800, "history": "ExplorerRun.0", "testname": "Tutorial_myInverter_1", "cornername": "Nominal", "point": 1, "logfile": "/nethome/jchen3014/ECE6130_Updated/ECE6130_LAB/Cadence/logs_jchen3014/logs0/Job29.log"}
[2024-10-25 18:00:26.933 -0400] [INFO] [cadence.virtuoso.ade.simulationMonitor] - SimulationMonitor has terminated the  process '1161469', reason: 'the simulation point gets cancelled by GUI' {"history": "ExplorerRun.0", "point": 1, "testname": "Tutorial_myInverter_1", "cornername": "Nominal"}
[2024-10-25 18:00:27.008 -0400] [INFO] [cadence.virtuoso.ade.simulationMonitor] - Time used: CPU = 63 s (1m  3.0s), elapsed = 65.6 s (1m  5.6s), util. = 96%. {"history": "ExplorerRun.0", "point": 1, "testname": "Tutorial_myInverter_1", "cornername": "Nominal"}
[2024-10-25 18:00:27.009 -0400] [INFO] [cadence.virtuoso.ade.simulationMonitor] - Time spent in licensing: elapsed = 224 ms. {"history": "ExplorerRun.0", "point": 1, "testname": "Tutorial_myInverter_1", "cornername": "Nominal"}
[2024-10-25 18:00:27.024 -0400] [INFO] [cadence.virtuoso.ade.simulationMonitor] - Peak memory used = 220 Mbytes. {"history": "ExplorerRun.0", "point": 1, "testname": "Tutorial_myInverter_1", "cornername": "Nominal"}
[2024-10-25 18:00:27.028 -0400] [PROCESS] [cadence.virtuoso.ade.simulationMonitor] - Simulation started at: 5:59:20 PM, Fri Oct 25, 2024, ended at: 6:00:26 PM, Fri Oct 25, 2024, with elapsed time (wall clock): 65.6 s (1m  5.6s). {"history": "ExplorerRun.0", "point": 1, "testname": "Tutorial_myInverter_1", "cornername": "Nominal"}
[2024-10-25 18:00:27.028 -0400] [PROCESS] [cadence.virtuoso.ade.simulationMonitor] - spectre completes with 1 error, 3 warnings, and 7 notices. {"history": "ExplorerRun.0", "point": 1, "testname": "Tutorial_myInverter_1", "cornername": "Nominal"}
[2024-10-25 18:00:27.028 -0400] [FATAL] [cadence.virtuoso.ade.simulationMonitor] - spectre terminated prematurely due to fatal error. {"history": "ExplorerRun.0", "point": 1, "testname": "Tutorial_myInverter_1", "cornername": "Nominal"}
[2024-10-25 18:00:27.028 -0400] [PROCESS] [cadence.virtuoso.ade.simulationMonitor] - Finished simulating for one point {"hostname": "ece-linlabsrv01.ece.gatech.edu", "processid": 1081800, "history": "ExplorerRun.0", "testname": "Tutorial_myInverter_1", "cornername": "Nominal", "point": 1, "logfile": "/nethome/jchen3014/ECE6130_Updated/ECE6130_LAB/Cadence/logs_jchen3014/logs0/Job29.log", "simid": "8", "event": "finish", "category": "simulation"}
[2024-10-25 18:00:27.029 -0400] [ERROR] [cadence.virtuoso.ade.simulationMonitor] - While simulating run ExplorerRun.0, point 1, test Tutorial_myInverter_1, received error:
Simulation Error:
 The simulator process returned a non-zero exit code, indicating failure.
The simulator could have crashed or intentionally returned to indicate an error.
Check the simulator log file for more information.  Common causes:
1. Simulator may have crashed during exit even after reporting success in log file.
2. Abrupt automatic simulator termination (e.g., SIGKILL) because the simulator process has
   exc... {"history": "ExplorerRun.0", "point": 1, "testname": "Tutorial_myInverter_1", "cornername": "Nominal"}
[2024-10-25 18:00:27.029 -0400] [PROCESS] [cadence.virtuoso.ade.simulationMonitor] - Finished Simulation {"hostname": "ece-linlabsrv01.ece.gatech.edu", "processid": 1081800, "history": "ExplorerRun.0", "testname": "Tutorial_myInverter_1", "cornername": "Nominal", "point": 1, "logfile": "/nethome/jchen3014/ECE6130_Updated/ECE6130_LAB/Cadence/logs_jchen3014/logs0/Job29.log", "simid": "8", "event": "finish", "category": "obsolete"}
[2024-10-25 18:00:27.030 -0400] [PROCESS] [cadence.virtuoso.ade.simulationMonitor] - Point Finished {"hostname": "ece-linlabsrv01.ece.gatech.edu", "processid": 1081800, "history": "ExplorerRun.0", "testname": "Tutorial_myInverter_1", "cornername": "Nominal", "point": 1, "logfile": "/nethome/jchen3014/ECE6130_Updated/ECE6130_LAB/Cadence/logs_jchen3014/logs0/Job29.log", "event": "finish", "category": "sim-eval"}
[2024-10-25 18:01:53.906 -0400] [INFO] [cadence.virtuoso.ade.simulationMonitor] - SimulationMonitor has terminated the vds process '1161473', reason: 'Force to stop the expression evalutor process because of new run' {"history": "ExplorerRun.0", "point": 1, "testname": "Tutorial_myInverter_1", "cornername": "Nominal"}
[2024-10-25 18:01:53.909 -0400] [PROCESS] [cadence.virtuoso.ade.simulationMonitor] - HostInfo:
Host name (type):	ece-linlabsrv01.ece.gatech.edu (x86_64)
Operating system:	Linux 4.18.0-553.22.1.el8_10.x86_64 #1 SMP Wed Sep 11 18:02:00 EDT 2024 {"hostname": "ece-linlabsrv01.ece.gatech.edu", "processid": 1081800, "history": "ExplorerRun.0", "testname": "Tutorial_myInverter_1", "cornername": "Nominal", "point": 1, "logfile": "/nethome/jchen3014/ECE6130_Updated/ECE6130_LAB/Cadence/logs_jchen3014/logs0/Job29.log", "nodename": "ece-linlabsrv01.ece.gatech.edu", "domainname": "(none)", "machine": "x86_64", "sysname": "Linux", "release": "4.18.0-553.22.1.el8_10.x86_64", "version": "#1 SMP Wed Sep 11 18:02:00 EDT 2024"}
[2024-10-25 18:01:53.910 -0400] [PROCESS] [cadence.virtuoso.ade.simulationMonitor] - UsageInfo:
pid=1081800
totalPhysicalMemory=186.850800GB,Used=169.433846GB,totalVirtualMemory=250.850796GB,Used=172.826279GB
Cpu: Cores=112, Load average:145.110000,142.830000,136.320000 {"hostname": "ece-linlabsrv01.ece.gatech.edu", "processid": 1081800, "history": "ExplorerRun.0", "testname": "Tutorial_myInverter_1", "cornername": "Nominal", "point": 1, "logfile": "/nethome/jchen3014/ECE6130_Updated/ECE6130_LAB/Cadence/logs_jchen3014/logs0/Job29.log", "pid": "1081800", "totalPhysicalMemory": "186.850800", "physicalMemoryUsed": "169.433846", "totalVirtualMemory": "250.850796", "virtualMemoryUsed": "172.826279", "cpuCores": "112", "processes": "10886", "loadAverage1": "145.110000", "loadAverage5": "142.830000", "loadAverage15": "136.320000", "loadAverage1Percent": "1.295625"}
[2024-10-25 18:01:53.920 -0400] [EVENT] [cadence.virtuoso.ade.simulationMonitor] - NewPoint {"history": "ExplorerRun.0", "point": 1, "testname": "Tutorial_myInverter_1", "cornername": "Nominal", "event": "NewPoint", "EventSource": "Simulation Monitor", "HistoryName": "ExplorerRun.0", "logFile": "/nethome/jchen3014/ECE6130_Updated/ECE6130_LAB/Cadence/logs_jchen3014/logs0/Job29.log", "logFileSize": "81246", "category": "simulation"}
[2024-10-25 18:01:54.231 -0400] [EVENT] [cadence.virtuoso.ade.simulationMonitor] - NewPoint {"history": "ExplorerRun.0", "point": 1, "testname": "Tutorial_myInverter_1", "cornername": "Nominal", "event": "NewPoint", "EventSource": "spectre", "HistoryName": "ExplorerRun.0", "logFile": "/nethome/jchen3014/simulation/Tutorial/myInverter/maestro/results/maestro/ExplorerRun.0/1/Tutorial_myInverter_1/psf/spectre.out", "logFileSize": "-1", "category": "simulation"}
[2024-10-25 18:01:55.071 -0400] [PROCESS] [cadence.virtuoso.ade.simulationMonitor] - Simulator launched {"hostname": "ece-linlabsrv01.ece.gatech.edu", "processid": 1081800, "history": "ExplorerRun.0", "testname": "Tutorial_myInverter_1", "cornername": "Nominal", "point": 1, "logfile": "/nethome/jchen3014/ECE6130_Updated/ECE6130_LAB/Cadence/logs_jchen3014/logs0/Job29.log", "simid": "9", "event": "launch", "category": "simulation"}
[2024-10-25 18:01:55.095 -0400] [PROCESS] [cadence.virtuoso.ade.simulationMonitor] - Expression evaluator launched {"hostname": "ece-linlabsrv01.ece.gatech.edu", "processid": 1081800, "history": "ExplorerRun.0", "testname": "Tutorial_myInverter_1", "cornername": "Nominal", "point": 1, "logfile": "/nethome/jchen3014/ECE6130_Updated/ECE6130_LAB/Cadence/logs_jchen3014/logs0/Job29.log"}
[2024-10-25 18:01:56.860 -0400] [PROCESS] [cadence.virtuoso.ade.simulationMonitor] - Started Simulation {"hostname": "ece-linlabsrv01.ece.gatech.edu", "processid": 1081800, "history": "ExplorerRun.0", "testname": "Tutorial_myInverter_1", "cornername": "Nominal", "point": 1, "logfile": "/nethome/jchen3014/ECE6130_Updated/ECE6130_LAB/Cadence/logs_jchen3014/logs0/Job29.log", "event": "start", "category": "simulation"}
[2024-10-25 18:01:57.361 -0400] [INFO] [cadence.virtuoso.ade.simulationMonitor] - Peak resident memory used = 162 Mbytes. {"history": "ExplorerRun.0", "point": 1, "testname": "Tutorial_myInverter_1", "cornername": "Nominal"}
[2024-10-25 18:01:57.361 -0400] [INFO] [cadence.virtuoso.ade.simulationMonitor] - Peak resident memory used = 171 Mbytes. {"history": "ExplorerRun.0", "point": 1, "testname": "Tutorial_myInverter_1", "cornername": "Nominal"}
[2024-10-25 18:01:57.361 -0400] [INFO] [cadence.virtuoso.ade.simulationMonitor] - Notice from spectre during hierarchy flattening.
    The value 'psf' specified for the 'checklimitdest' option will no longer be supported in future releases. Use 'spectre -h' to see other recommended values for the 'checklimitdest' option. {"history": "ExplorerRun.0", "point": 1, "testname": "Tutorial_myInverter_1", "cornername": "Nominal"}
[2024-10-25 18:01:57.361 -0400] [INFO] [cadence.virtuoso.ade.simulationMonitor] - Peak resident memory used = 171 Mbytes. {"history": "ExplorerRun.0", "point": 1, "testname": "Tutorial_myInverter_1", "cornername": "Nominal"}
[2024-10-25 18:01:57.361 -0400] [WARN] [cadence.virtuoso.ade.simulationMonitor] -     WARNING (CMI-2441): M1: Instance length width or area does not fit the given lmax-lmin, wmax-wmin or areamax-areamin range for the model 'PMOS_VTL'. {"history": "ExplorerRun.0", "point": 1, "testname": "Tutorial_myInverter_1", "cornername": "Nominal"}
[2024-10-25 18:01:57.361 -0400] [WARN] [cadence.virtuoso.ade.simulationMonitor] -     WARNING (CMI-2477): M1:  The value '1.55 uOhm' specified for `Rds' is less than the permitted minimum value, 0.001. Setting it to the default value '0' {"history": "ExplorerRun.0", "point": 1, "testname": "Tutorial_myInverter_1", "cornername": "Nominal"}
[2024-10-25 18:01:57.362 -0400] [INFO] [cadence.virtuoso.ade.simulationMonitor] - Notice from spectre during initial setup.
    Multithreading is disabled due to the size of the design being too small. {"history": "ExplorerRun.0", "point": 1, "testname": "Tutorial_myInverter_1", "cornername": "Nominal"}
[2024-10-25 18:01:57.407 -0400] [INFO] [cadence.virtuoso.ade.simulationMonitor] -               nodes 3 {"history": "ExplorerRun.0", "point": 1, "testname": "Tutorial_myInverter_1", "cornername": "Nominal"}
[2024-10-25 18:01:57.407 -0400] [INFO] [cadence.virtuoso.ade.simulationMonitor] - Notice from spectre during initial setup.
    Protected devices exist and are not included in the circuit inventory.
    APS enabled. {"history": "ExplorerRun.0", "point": 1, "testname": "Tutorial_myInverter_1", "cornername": "Nominal"}
[2024-10-25 18:01:57.407 -0400] [WARN] [cadence.virtuoso.ade.simulationMonitor] -     WARNING (CMI-2477): M1:  The value '1.55 uOhm' specified for `Rds' is less than the permitted minimum value, 0.001. Setting it to the default value '0' {"history": "ExplorerRun.0", "point": 1, "testname": "Tutorial_myInverter_1", "cornername": "Nominal"}
[2024-10-25 18:01:57.908 -0400] [INFO] [cadence.virtuoso.ade.simulationMonitor] - Peak resident memory used = 173 Mbytes. {"history": "ExplorerRun.0", "point": 1, "testname": "Tutorial_myInverter_1", "cornername": "Nominal"}
[2024-10-25 18:01:57.919 -0400] [INFO] [cadence.virtuoso.ade.simulationMonitor] -    -   (APS) Multi-threading. The recommended number of threads is 1, consider adding +mt=1 on command line. {"history": "ExplorerRun.0", "point": 1, "testname": "Tutorial_myInverter_1", "cornername": "Nominal"}
[2024-10-25 18:01:57.920 -0400] [INFO] [cadence.virtuoso.ade.simulationMonitor] - Notice from spectre during IC analysis, during transient analysis `tran'.
    Bad pivoting is found during DC analysis. Option dc_pivot_check=yes is recommended for possible improvement of convergence. {"history": "ExplorerRun.0", "point": 1, "testname": "Tutorial_myInverter_1", "cornername": "Nominal"}
[2024-10-25 18:01:57.920 -0400] [INFO] [cadence.virtuoso.ade.simulationMonitor] - Notice from spectre during transient analysis `tran'.
    Multithreading is disabled due to the size of the design being too small. {"history": "ExplorerRun.0", "point": 1, "testname": "Tutorial_myInverter_1", "cornername": "Nominal"}
[2024-10-25 18:03:24.177 -0400] [PROCESS] [cadence.virtuoso.ade.simulationMonitor] - get signal Terminated<15> from user:jchen3014, which pid:1081743:/tools/software/cadence/ic/latest/tools/bin/64bit/cdsServIpc {"hostname": "ece-linlabsrv01.ece.gatech.edu", "processid": 1081800, "history": "ExplorerRun.0", "testname": "Tutorial_myInverter_1", "cornername": "Nominal", "point": 1, "logfile": "/nethome/jchen3014/ECE6130_Updated/ECE6130_LAB/Cadence/logs_jchen3014/logs0/Job29.log", "signal": "15", "signalName": "Terminated", "which": "/tools/software/cadence/ic/latest/tools/bin/64bit/cdsServIpc", "pid": "1081743", "user": "jchen3014", "uid": "1159659"}
