[Simulation Monitor: 32]
[2024-10-25 18:04:51.752 -0400] [PROCESS] [cadence.virtuoso.ade.simulationMonitor] - Started the simulation monitor process {"hostname": "ece-linlabsrv01.ece.gatech.edu", "processid": 1270600, "logfile": "/nethome/jchen3014/ECE6130_Updated/ECE6130_LAB/Cadence/logs_jchen3014/logs0/Job32.log", "simulation monitor command line": "/tools/software/cadence/ic/23.10.080/tools.lnx86/dfII/bin/64bit/spectreMonitor --davinciService DaVinciService_2623637_1729875955 --axlsession fnxSession12 -lscs 000175E1894CBE06FF0966E38F1FFC06BC4D60B5D54DCC37D27E6FA78410926AD02470F28B50992BD92E69ED90048F74DD2F32AE9C019928D92E01FF991DEA04DB5100001DE7 -beanhost ece-linlabsrv01.ece.gatech.edu -beanport 11479 -beanLogFile /nethome/jchen3014/ECE6130_Updated/ECE6130_LAB/Cadence/logs_jchen3014/logs0/amps_Job32.log -beanbinlog  --domain 0 --interactive yes --netlistOpt no --useMultiPointEvaluation yes --exprEvalShowJobStderr yes --evalSimParallel no --maxSims 0 --historyName ExplorerRun.0 --historyUUID  --exprEvaluator vds --mcMapping mc1.mapping --checkLogStatusInterval 0 --checkSimulatorLogTimeout 1200 --exprEvalMaxTries 3 --maxNFSSyncWait 60 -adeBrokerAddress ece-linlabsrv01.ece.gatech.edu:37135 --statdbType h5v2 --fromADE true --virtuosoBinary virtuoso --guiDisplay ece-linlabsrv01.ece.gatech.edu:233 --globalStatus 60 --evaluateMultiMC yes --evalOnSimFail SkipFailedAnalyses --numRetriesOnError 1 --fenixMode explorer --lingertimeout 300 -ahdlLockTimeout 60 --sdbLib Tutorial --sdbCell myInverter --sdbView maestro --heartBeatFileDir /dev/shm --id 32 --uuid 00424ea4-d514-4905-8450-c5a82533d141 --log /nethome/jchen3014/ECE6130_Updated/ECE6130_LAB/Cadence/logs_jchen3014/logs0/Job32.log "}
[2024-10-25 18:04:51.753 -0400] [PROCESS] [cadence.virtuoso.ade.simulationMonitor] - Started the simulation monitor process {"hostname": "ece-linlabsrv01.ece.gatech.edu", "processid": 1270600, "logfile": "/nethome/jchen3014/ECE6130_Updated/ECE6130_LAB/Cadence/logs_jchen3014/logs0/Job32.log", "current directory": "/nethome/jchen3014/ECE6130_Updated/ECE6130_LAB/Cadence"}
[2024-10-25 18:04:51.753 -0400] [PROCESS] [cadence.virtuoso.ade.simulationMonitor] - Simulation Monitor has successfully started up. Trying to set up communication channels to other components ... {"hostname": "ece-linlabsrv01.ece.gatech.edu", "processid": 1270600, "logfile": "/nethome/jchen3014/ECE6130_Updated/ECE6130_LAB/Cadence/logs_jchen3014/logs0/Job32.log"}
[2024-10-25 18:04:51.757 -0400] [PROCESS] [cadence.virtuoso.ade.simulationMonitor] - Communication channels have been successfully set up. Start processing events ... {"hostname": "ece-linlabsrv01.ece.gatech.edu", "processid": 1270600, "logfile": "/nethome/jchen3014/ECE6130_Updated/ECE6130_LAB/Cadence/logs_jchen3014/logs0/Job32.log"}
[2024-10-25 18:04:51.757 -0400] [PROCESS] [cadence.virtuoso.ade.simulationMonitor] - Considering to start history {"hostname": "ece-linlabsrv01.ece.gatech.edu", "processid": 1270600, "history": "ExplorerRun.0", "logfile": "/nethome/jchen3014/ECE6130_Updated/ECE6130_LAB/Cadence/logs_jchen3014/logs0/Job32.log"}
[2024-10-25 18:04:51.762 -0400] [PROCESS] [cadence.virtuoso.ade.simulationMonitor] - HostInfo:
Host name (type):	ece-linlabsrv01.ece.gatech.edu (x86_64)
Operating system:	Linux 4.18.0-553.22.1.el8_10.x86_64 #1 SMP Wed Sep 11 18:02:00 EDT 2024 {"hostname": "ece-linlabsrv01.ece.gatech.edu", "processid": 1270600, "history": "ExplorerRun.0", "logfile": "/nethome/jchen3014/ECE6130_Updated/ECE6130_LAB/Cadence/logs_jchen3014/logs0/Job32.log", "nodename": "ece-linlabsrv01.ece.gatech.edu", "domainname": "(none)", "machine": "x86_64", "sysname": "Linux", "release": "4.18.0-553.22.1.el8_10.x86_64", "version": "#1 SMP Wed Sep 11 18:02:00 EDT 2024"}
[2024-10-25 18:04:51.763 -0400] [PROCESS] [cadence.virtuoso.ade.simulationMonitor] - UsageInfo:
pid=1270600
totalPhysicalMemory=186.850800GB,Used=157.929241GB,totalVirtualMemory=250.850796GB,Used=161.322163GB
Cpu: Cores=112, Load average:126.350000,137.900000,135.760000 {"hostname": "ece-linlabsrv01.ece.gatech.edu", "processid": 1270600, "history": "ExplorerRun.0", "logfile": "/nethome/jchen3014/ECE6130_Updated/ECE6130_LAB/Cadence/logs_jchen3014/logs0/Job32.log", "pid": "1270600", "totalPhysicalMemory": "186.850800", "physicalMemoryUsed": "157.929241", "totalVirtualMemory": "250.850796", "virtualMemoryUsed": "161.322163", "cpuCores": "112", "processes": "10477", "loadAverage1": "126.350000", "loadAverage5": "137.900000", "loadAverage15": "135.760000", "loadAverage1Percent": "1.128125"}
[2024-10-25 18:04:51.779 -0400] [EVENT] [cadence.virtuoso.ade.simulationMonitor] - NewPoint {"history": "ExplorerRun.0", "point": 1, "testname": "Tutorial_myInverter_1", "cornername": "Nominal", "event": "NewPoint", "EventSource": "Simulation Monitor", "HistoryName": "ExplorerRun.0", "logFile": "/nethome/jchen3014/ECE6130_Updated/ECE6130_LAB/Cadence/logs_jchen3014/logs0/Job32.log", "logFileSize": "4533", "category": "simulation"}
[2024-10-25 18:04:52.117 -0400] [EVENT] [cadence.virtuoso.ade.simulationMonitor] - NewPoint {"history": "ExplorerRun.0", "point": 1, "testname": "Tutorial_myInverter_1", "cornername": "Nominal", "event": "NewPoint", "EventSource": "spectre", "HistoryName": "ExplorerRun.0", "logFile": "/nethome/jchen3014/simulation/Tutorial/myInverter/maestro/results/maestro/ExplorerRun.0/1/Tutorial_myInverter_1/psf/spectre.out", "logFileSize": "-1", "category": "simulation"}
[2024-10-25 18:04:53.094 -0400] [PROCESS] [cadence.virtuoso.ade.simulationMonitor] - Simulator launched {"hostname": "ece-linlabsrv01.ece.gatech.edu", "processid": 1270600, "history": "ExplorerRun.0", "testname": "Tutorial_myInverter_1", "cornername": "Nominal", "point": 1, "logfile": "/nethome/jchen3014/ECE6130_Updated/ECE6130_LAB/Cadence/logs_jchen3014/logs0/Job32.log", "simid": "1", "event": "launch", "category": "simulation"}
[2024-10-25 18:04:53.127 -0400] [PROCESS] [cadence.virtuoso.ade.simulationMonitor] - Expression evaluator launched {"hostname": "ece-linlabsrv01.ece.gatech.edu", "processid": 1270600, "history": "ExplorerRun.0", "testname": "Tutorial_myInverter_1", "cornername": "Nominal", "point": 1, "logfile": "/nethome/jchen3014/ECE6130_Updated/ECE6130_LAB/Cadence/logs_jchen3014/logs0/Job32.log"}
[2024-10-25 18:04:54.574 -0400] [PROCESS] [cadence.virtuoso.ade.simulationMonitor] - Started Simulation {"hostname": "ece-linlabsrv01.ece.gatech.edu", "processid": 1270600, "history": "ExplorerRun.0", "testname": "Tutorial_myInverter_1", "cornername": "Nominal", "point": 1, "logfile": "/nethome/jchen3014/ECE6130_Updated/ECE6130_LAB/Cadence/logs_jchen3014/logs0/Job32.log", "event": "start", "category": "simulation"}
[2024-10-25 18:04:55.579 -0400] [INFO] [cadence.virtuoso.ade.simulationMonitor] - Peak resident memory used = 162 Mbytes. {"history": "ExplorerRun.0", "point": 1, "testname": "Tutorial_myInverter_1", "cornername": "Nominal"}
[2024-10-25 18:04:55.579 -0400] [INFO] [cadence.virtuoso.ade.simulationMonitor] - Peak resident memory used = 170 Mbytes. {"history": "ExplorerRun.0", "point": 1, "testname": "Tutorial_myInverter_1", "cornername": "Nominal"}
[2024-10-25 18:04:55.579 -0400] [INFO] [cadence.virtuoso.ade.simulationMonitor] - Notice from spectre during hierarchy flattening.
    The value 'psf' specified for the 'checklimitdest' option will no longer be supported in future releases. Use 'spectre -h' to see other recommended values for the 'checklimitdest' option. {"history": "ExplorerRun.0", "point": 1, "testname": "Tutorial_myInverter_1", "cornername": "Nominal"}
[2024-10-25 18:04:55.579 -0400] [INFO] [cadence.virtuoso.ade.simulationMonitor] - Peak resident memory used = 170 Mbytes. {"history": "ExplorerRun.0", "point": 1, "testname": "Tutorial_myInverter_1", "cornername": "Nominal"}
[2024-10-25 18:04:55.580 -0400] [WARN] [cadence.virtuoso.ade.simulationMonitor] -     WARNING (CMI-2441): M1: Instance length width or area does not fit the given lmax-lmin, wmax-wmin or areamax-areamin range for the model 'PMOS_VTL'. {"history": "ExplorerRun.0", "point": 1, "testname": "Tutorial_myInverter_1", "cornername": "Nominal"}
[2024-10-25 18:04:55.580 -0400] [WARN] [cadence.virtuoso.ade.simulationMonitor] -     WARNING (CMI-2477): M1:  The value '1.55 uOhm' specified for `Rds' is less than the permitted minimum value, 0.001. Setting it to the default value '0' {"history": "ExplorerRun.0", "point": 1, "testname": "Tutorial_myInverter_1", "cornername": "Nominal"}
[2024-10-25 18:04:55.580 -0400] [INFO] [cadence.virtuoso.ade.simulationMonitor] - Notice from spectre during initial setup.
    Multithreading is disabled due to the size of the design being too small. {"history": "ExplorerRun.0", "point": 1, "testname": "Tutorial_myInverter_1", "cornername": "Nominal"}
[2024-10-25 18:04:55.664 -0400] [INFO] [cadence.virtuoso.ade.simulationMonitor] -               nodes 3 {"history": "ExplorerRun.0", "point": 1, "testname": "Tutorial_myInverter_1", "cornername": "Nominal"}
[2024-10-25 18:04:55.664 -0400] [INFO] [cadence.virtuoso.ade.simulationMonitor] - Notice from spectre during initial setup.
    Protected devices exist and are not included in the circuit inventory.
    APS enabled. {"history": "ExplorerRun.0", "point": 1, "testname": "Tutorial_myInverter_1", "cornername": "Nominal"}
[2024-10-25 18:04:55.664 -0400] [WARN] [cadence.virtuoso.ade.simulationMonitor] -     WARNING (CMI-2477): M1:  The value '1.55 uOhm' specified for `Rds' is less than the permitted minimum value, 0.001. Setting it to the default value '0' {"history": "ExplorerRun.0", "point": 1, "testname": "Tutorial_myInverter_1", "cornername": "Nominal"}
[2024-10-25 18:04:55.664 -0400] [INFO] [cadence.virtuoso.ade.simulationMonitor] - Peak resident memory used = 173 Mbytes. {"history": "ExplorerRun.0", "point": 1, "testname": "Tutorial_myInverter_1", "cornername": "Nominal"}
[2024-10-25 18:04:55.687 -0400] [INFO] [cadence.virtuoso.ade.simulationMonitor] -    -   (APS) Multi-threading. The recommended number of threads is 1, consider adding +mt=1 on command line. {"history": "ExplorerRun.0", "point": 1, "testname": "Tutorial_myInverter_1", "cornername": "Nominal"}
[2024-10-25 18:04:55.687 -0400] [INFO] [cadence.virtuoso.ade.simulationMonitor] - Notice from spectre during IC analysis, during transient analysis `tran'.
    Bad pivoting is found during DC analysis. Option dc_pivot_check=yes is recommended for possible improvement of convergence. {"history": "ExplorerRun.0", "point": 1, "testname": "Tutorial_myInverter_1", "cornername": "Nominal"}
[2024-10-25 18:04:55.687 -0400] [INFO] [cadence.virtuoso.ade.simulationMonitor] - Notice from spectre during transient analysis `tran'.
    Multithreading is disabled due to the size of the design being too small. {"history": "ExplorerRun.0", "point": 1, "testname": "Tutorial_myInverter_1", "cornername": "Nominal"}
[2024-10-25 18:06:07.114 -0400] [PROCESS] [cadence.virtuoso.ade.simulationMonitor] - get signal Terminated<15> from user:jchen3014, which pid:1270467:/tools/software/cadence/ic/latest/tools/bin/64bit/cdsServIpc {"hostname": "ece-linlabsrv01.ece.gatech.edu", "processid": 1270600, "history": "ExplorerRun.0", "testname": "Tutorial_myInverter_1", "cornername": "Nominal", "point": 1, "logfile": "/nethome/jchen3014/ECE6130_Updated/ECE6130_LAB/Cadence/logs_jchen3014/logs0/Job32.log", "signal": "15", "signalName": "Terminated", "which": "/tools/software/cadence/ic/latest/tools/bin/64bit/cdsServIpc", "pid": "1270467", "user": "jchen3014", "uid": "1159659"}
[2024-10-25 18:06:08.115 -0400] [INFO] [cadence.virtuoso.ade.simulationMonitor] - SimulationMonitor has terminated the  process '1272059', reason: 'simulationMonitor is handling signal 15' {"history": "ExplorerRun.0", "point": 1, "testname": "Tutorial_myInverter_1", "cornername": "Nominal"}
