[Simulation Monitor: 36]
[2024-10-25 20:17:14.953 -0400] [PROCESS] [cadence.virtuoso.ade.simulationMonitor] - Started the simulation monitor process {"hostname": "ece-linlabsrv01.ece.gatech.edu", "processid": 3485851, "logfile": "/nethome/jchen3014/ECE6130_Updated/ECE6130_LAB/Cadence/logs_jchen3014/logs0/Job36.log", "simulation monitor command line": "/tools/software/cadence/ic/23.10.080/tools.lnx86/dfII/bin/64bit/spectreMonitor --davinciService DaVinciService_1645282_1729895283 --axlsession fnxSession4 -lscs 000175E1894CBE06FF0966E38F1FFC06BC4D60B5D54DCC37D27E6FA78410926AD02470F28B50992BD92E69ED90048F74DD2F32AE9C019928D92E01FFBA15C90CDB5100001DEE -beanhost ece-linlabsrv01.ece.gatech.edu -beanport 11815 -beanLogFile /nethome/jchen3014/ECE6130_Updated/ECE6130_LAB/Cadence/logs_jchen3014/logs0/amps_Job36.log -beanbinlog  --domain 0 --interactive yes --netlistOpt no --useMultiPointEvaluation yes --exprEvalShowJobStderr yes --evalSimParallel no --maxSims 0 --historyName ExplorerRun.0 --historyUUID  --exprEvaluator vds --mcMapping mc1.mapping --checkLogStatusInterval 0 --checkSimulatorLogTimeout 1200 --exprEvalMaxTries 3 --maxNFSSyncWait 60 -adeBrokerAddress ece-linlabsrv01.ece.gatech.edu:45169 --statdbType h5v2 --fromADE true --virtuosoBinary virtuoso --guiDisplay ece-linlabsrv01.ece.gatech.edu:233 --globalStatus 60 --evaluateMultiMC yes --evalOnSimFail SkipFailedAnalyses --numRetriesOnError 1 --fenixMode explorer --lingertimeout 300 -ahdlLockTimeout 60 --sdbLib Tutorial --sdbCell myInverter --sdbView maestro --heartBeatFileDir /dev/shm --id 36 --uuid 1fc96989-f612-4900-b04b-103ba5e82172 --log /nethome/jchen3014/ECE6130_Updated/ECE6130_LAB/Cadence/logs_jchen3014/logs0/Job36.log "}
[2024-10-25 20:17:14.954 -0400] [PROCESS] [cadence.virtuoso.ade.simulationMonitor] - Started the simulation monitor process {"hostname": "ece-linlabsrv01.ece.gatech.edu", "processid": 3485851, "logfile": "/nethome/jchen3014/ECE6130_Updated/ECE6130_LAB/Cadence/logs_jchen3014/logs0/Job36.log", "current directory": "/nethome/jchen3014/ECE6130_Updated/ECE6130_LAB/Cadence"}
[2024-10-25 20:17:14.954 -0400] [PROCESS] [cadence.virtuoso.ade.simulationMonitor] - Simulation Monitor has successfully started up. Trying to set up communication channels to other components ... {"hostname": "ece-linlabsrv01.ece.gatech.edu", "processid": 3485851, "logfile": "/nethome/jchen3014/ECE6130_Updated/ECE6130_LAB/Cadence/logs_jchen3014/logs0/Job36.log"}
[2024-10-25 20:17:14.957 -0400] [PROCESS] [cadence.virtuoso.ade.simulationMonitor] - Communication channels have been successfully set up. Start processing events ... {"hostname": "ece-linlabsrv01.ece.gatech.edu", "processid": 3485851, "logfile": "/nethome/jchen3014/ECE6130_Updated/ECE6130_LAB/Cadence/logs_jchen3014/logs0/Job36.log"}
[2024-10-25 20:17:14.957 -0400] [PROCESS] [cadence.virtuoso.ade.simulationMonitor] - Considering to start history {"hostname": "ece-linlabsrv01.ece.gatech.edu", "processid": 3485851, "history": "ExplorerRun.0", "logfile": "/nethome/jchen3014/ECE6130_Updated/ECE6130_LAB/Cadence/logs_jchen3014/logs0/Job36.log"}
[2024-10-25 20:17:14.960 -0400] [PROCESS] [cadence.virtuoso.ade.simulationMonitor] - HostInfo:
Host name (type):	ece-linlabsrv01.ece.gatech.edu (x86_64)
Operating system:	Linux 4.18.0-553.22.1.el8_10.x86_64 #1 SMP Wed Sep 11 18:02:00 EDT 2024 {"hostname": "ece-linlabsrv01.ece.gatech.edu", "processid": 3485851, "history": "ExplorerRun.0", "logfile": "/nethome/jchen3014/ECE6130_Updated/ECE6130_LAB/Cadence/logs_jchen3014/logs0/Job36.log", "nodename": "ece-linlabsrv01.ece.gatech.edu", "domainname": "(none)", "machine": "x86_64", "sysname": "Linux", "release": "4.18.0-553.22.1.el8_10.x86_64", "version": "#1 SMP Wed Sep 11 18:02:00 EDT 2024"}
[2024-10-25 20:17:14.960 -0400] [PROCESS] [cadence.virtuoso.ade.simulationMonitor] - UsageInfo:
pid=3485851
totalPhysicalMemory=186.850800GB,Used=138.531574GB,totalVirtualMemory=250.850796GB,Used=141.924007GB
Cpu: Cores=112, Load average:2.730000,4.450000,4.790000 {"hostname": "ece-linlabsrv01.ece.gatech.edu", "processid": 3485851, "history": "ExplorerRun.0", "logfile": "/nethome/jchen3014/ECE6130_Updated/ECE6130_LAB/Cadence/logs_jchen3014/logs0/Job36.log", "pid": "3485851", "totalPhysicalMemory": "186.850800", "physicalMemoryUsed": "138.531574", "totalVirtualMemory": "250.850796", "virtualMemoryUsed": "141.924007", "cpuCores": "112", "processes": "8059", "loadAverage1": "2.730000", "loadAverage5": "4.450000", "loadAverage15": "4.790000", "loadAverage1Percent": "0.024375"}
[2024-10-25 20:17:14.966 -0400] [EVENT] [cadence.virtuoso.ade.simulationMonitor] - NewPoint {"history": "ExplorerRun.0", "point": 1, "testname": "Tutorial_myInverter_1", "cornername": "Nominal", "event": "NewPoint", "EventSource": "Simulation Monitor", "HistoryName": "ExplorerRun.0", "logFile": "/nethome/jchen3014/ECE6130_Updated/ECE6130_LAB/Cadence/logs_jchen3014/logs0/Job36.log", "logFileSize": "4519", "category": "simulation"}
[2024-10-25 20:17:15.168 -0400] [EVENT] [cadence.virtuoso.ade.simulationMonitor] - NewPoint {"history": "ExplorerRun.0", "point": 1, "testname": "Tutorial_myInverter_1", "cornername": "Nominal", "event": "NewPoint", "EventSource": "spectre", "HistoryName": "ExplorerRun.0", "logFile": "/nethome/jchen3014/simulation/Tutorial/myInverter/maestro/results/maestro/ExplorerRun.0/1/Tutorial_myInverter_1/psf/spectre.out", "logFileSize": "-1", "category": "simulation"}
[2024-10-25 20:17:15.432 -0400] [PROCESS] [cadence.virtuoso.ade.simulationMonitor] - Simulator launched {"hostname": "ece-linlabsrv01.ece.gatech.edu", "processid": 3485851, "history": "ExplorerRun.0", "testname": "Tutorial_myInverter_1", "cornername": "Nominal", "point": 1, "logfile": "/nethome/jchen3014/ECE6130_Updated/ECE6130_LAB/Cadence/logs_jchen3014/logs0/Job36.log", "simid": "1", "event": "launch", "category": "simulation"}
[2024-10-25 20:17:15.436 -0400] [PROCESS] [cadence.virtuoso.ade.simulationMonitor] - Expression evaluator launched {"hostname": "ece-linlabsrv01.ece.gatech.edu", "processid": 3485851, "history": "ExplorerRun.0", "testname": "Tutorial_myInverter_1", "cornername": "Nominal", "point": 1, "logfile": "/nethome/jchen3014/ECE6130_Updated/ECE6130_LAB/Cadence/logs_jchen3014/logs0/Job36.log"}
[2024-10-25 20:17:15.977 -0400] [PROCESS] [cadence.virtuoso.ade.simulationMonitor] - Started Simulation {"hostname": "ece-linlabsrv01.ece.gatech.edu", "processid": 3485851, "history": "ExplorerRun.0", "testname": "Tutorial_myInverter_1", "cornername": "Nominal", "point": 1, "logfile": "/nethome/jchen3014/ECE6130_Updated/ECE6130_LAB/Cadence/logs_jchen3014/logs0/Job36.log", "event": "start", "category": "simulation"}
[2024-10-25 20:17:16.478 -0400] [INFO] [cadence.virtuoso.ade.simulationMonitor] - Peak resident memory used = 161 Mbytes. {"history": "ExplorerRun.0", "point": 1, "testname": "Tutorial_myInverter_1", "cornername": "Nominal"}
[2024-10-25 20:17:16.478 -0400] [INFO] [cadence.virtuoso.ade.simulationMonitor] - Peak resident memory used = 169 Mbytes. {"history": "ExplorerRun.0", "point": 1, "testname": "Tutorial_myInverter_1", "cornername": "Nominal"}
[2024-10-25 20:17:16.478 -0400] [INFO] [cadence.virtuoso.ade.simulationMonitor] - Notice from spectre during hierarchy flattening.
    The value 'psf' specified for the 'checklimitdest' option will no longer be supported in future releases. Use 'spectre -h' to see other recommended values for the 'checklimitdest' option. {"history": "ExplorerRun.0", "point": 1, "testname": "Tutorial_myInverter_1", "cornername": "Nominal"}
[2024-10-25 20:17:16.478 -0400] [INFO] [cadence.virtuoso.ade.simulationMonitor] - Peak resident memory used = 169 Mbytes. {"history": "ExplorerRun.0", "point": 1, "testname": "Tutorial_myInverter_1", "cornername": "Nominal"}
[2024-10-25 20:17:16.478 -0400] [INFO] [cadence.virtuoso.ade.simulationMonitor] - Notice from spectre during initial setup.
    Multithreading is disabled due to the size of the design being too small. {"history": "ExplorerRun.0", "point": 1, "testname": "Tutorial_myInverter_1", "cornername": "Nominal"}
[2024-10-25 20:17:16.482 -0400] [INFO] [cadence.virtuoso.ade.simulationMonitor] -               nodes 3 {"history": "ExplorerRun.0", "point": 1, "testname": "Tutorial_myInverter_1", "cornername": "Nominal"}
[2024-10-25 20:17:16.482 -0400] [INFO] [cadence.virtuoso.ade.simulationMonitor] - Notice from spectre during initial setup.
    Protected devices exist and are not included in the circuit inventory.
    APS enabled. {"history": "ExplorerRun.0", "point": 1, "testname": "Tutorial_myInverter_1", "cornername": "Nominal"}
[2024-10-25 20:17:16.482 -0400] [INFO] [cadence.virtuoso.ade.simulationMonitor] - Peak resident memory used = 172 Mbytes. {"history": "ExplorerRun.0", "point": 1, "testname": "Tutorial_myInverter_1", "cornername": "Nominal"}
[2024-10-25 20:17:16.483 -0400] [INFO] [cadence.virtuoso.ade.simulationMonitor] -    -   (APS) Multi-threading. The recommended number of threads is 1, consider adding +mt=1 on command line. {"history": "ExplorerRun.0", "point": 1, "testname": "Tutorial_myInverter_1", "cornername": "Nominal"}
[2024-10-25 20:17:16.483 -0400] [INFO] [cadence.virtuoso.ade.simulationMonitor] - Notice from spectre during transient analysis `tran'.
    Multithreading is disabled due to the size of the design being too small. {"history": "ExplorerRun.0", "point": 1, "testname": "Tutorial_myInverter_1", "cornername": "Nominal"}
[2024-10-25 20:17:16.484 -0400] [INFO] [cadence.virtuoso.ade.simulationMonitor] - Intrinsic tran analysis time:    CPU = 24.514 ms, elapsed = 35.826 ms. {"history": "ExplorerRun.0", "point": 1, "testname": "Tutorial_myInverter_1", "cornername": "Nominal"}
[2024-10-25 20:17:16.484 -0400] [INFO] [cadence.virtuoso.ade.simulationMonitor] - Total time required for tran analysis `tran': CPU = 27.013 ms, elapsed = 39.7859 ms, util. = 67.9%. {"history": "ExplorerRun.0", "point": 1, "testname": "Tutorial_myInverter_1", "cornername": "Nominal"}
[2024-10-25 20:17:16.485 -0400] [INFO] [cadence.virtuoso.ade.simulationMonitor] - Peak resident memory used = 180 Mbytes. {"history": "ExplorerRun.0", "point": 1, "testname": "Tutorial_myInverter_1", "cornername": "Nominal"}
[2024-10-25 20:17:16.486 -0400] [INFO] [cadence.virtuoso.ade.simulationMonitor] - Time used: CPU = 370 ms, elapsed = 513 ms, util. = 72%. {"history": "ExplorerRun.0", "point": 1, "testname": "Tutorial_myInverter_1", "cornername": "Nominal"}
[2024-10-25 20:17:16.486 -0400] [INFO] [cadence.virtuoso.ade.simulationMonitor] - Time spent in licensing: elapsed = 54.4 ms, percentage of total = 10.6%. {"history": "ExplorerRun.0", "point": 1, "testname": "Tutorial_myInverter_1", "cornername": "Nominal"}
[2024-10-25 20:17:16.487 -0400] [INFO] [cadence.virtuoso.ade.simulationMonitor] - Peak memory used = 181 Mbytes. {"history": "ExplorerRun.0", "point": 1, "testname": "Tutorial_myInverter_1", "cornername": "Nominal"}
[2024-10-25 20:17:16.490 -0400] [PROCESS] [cadence.virtuoso.ade.simulationMonitor] - Simulation started at: 8:17:15 PM, Fri Oct 25, 2024, ended at: 8:17:16 PM, Fri Oct 25, 2024, with elapsed time (wall clock): 513 ms. {"history": "ExplorerRun.0", "point": 1, "testname": "Tutorial_myInverter_1", "cornername": "Nominal"}
[2024-10-25 20:17:16.490 -0400] [PROCESS] [cadence.virtuoso.ade.simulationMonitor] - spectre completes with 0 errors, 0 warnings, and 6 notices. {"history": "ExplorerRun.0", "point": 1, "testname": "Tutorial_myInverter_1", "cornername": "Nominal"}
[2024-10-25 20:17:16.490 -0400] [PROCESS] [cadence.virtuoso.ade.simulationMonitor] - Finished simulating for one point {"hostname": "ece-linlabsrv01.ece.gatech.edu", "processid": 3485851, "history": "ExplorerRun.0", "testname": "Tutorial_myInverter_1", "cornername": "Nominal", "point": 1, "logfile": "/nethome/jchen3014/ECE6130_Updated/ECE6130_LAB/Cadence/logs_jchen3014/logs0/Job36.log", "simid": "1", "event": "finish", "category": "simulation"}
[2024-10-25 20:17:16.490 -0400] [PROCESS] [cadence.virtuoso.ade.simulationMonitor] - Simulator exited {"hostname": "ece-linlabsrv01.ece.gatech.edu", "processid": 3485851, "history": "ExplorerRun.0", "testname": "Tutorial_myInverter_1", "cornername": "Nominal", "point": 1, "logfile": "/nethome/jchen3014/ECE6130_Updated/ECE6130_LAB/Cadence/logs_jchen3014/logs0/Job36.log", "exitStatus": "0"}
[2024-10-25 20:17:16.490 -0400] [PROCESS] [cadence.virtuoso.ade.simulationMonitor] - Finished Simulation {"hostname": "ece-linlabsrv01.ece.gatech.edu", "processid": 3485851, "history": "ExplorerRun.0", "testname": "Tutorial_myInverter_1", "cornername": "Nominal", "point": 1, "logfile": "/nethome/jchen3014/ECE6130_Updated/ECE6130_LAB/Cadence/logs_jchen3014/logs0/Job36.log", "simid": "1", "event": "finish", "category": "obsolete"}
[2024-10-25 20:17:20.495 -0400] [PROCESS] [cadence.virtuoso.ade.simulationMonitor] - Point Finished {"hostname": "ece-linlabsrv01.ece.gatech.edu", "processid": 3485851, "history": "ExplorerRun.0", "testname": "Tutorial_myInverter_1", "cornername": "Nominal", "point": 1, "logfile": "/nethome/jchen3014/ECE6130_Updated/ECE6130_LAB/Cadence/logs_jchen3014/logs0/Job36.log", "event": "finish", "category": "sim-eval"}
[2024-10-25 20:17:20.497 -0400] [PROCESS] [cadence.virtuoso.ade.simulationMonitor] - HostInfo:
Host name (type):	ece-linlabsrv01.ece.gatech.edu (x86_64)
Operating system:	Linux 4.18.0-553.22.1.el8_10.x86_64 #1 SMP Wed Sep 11 18:02:00 EDT 2024 {"hostname": "ece-linlabsrv01.ece.gatech.edu", "processid": 3485851, "history": "ExplorerRun.0", "testname": "Tutorial_myInverter_1", "cornername": "Nominal", "point": 1, "logfile": "/nethome/jchen3014/ECE6130_Updated/ECE6130_LAB/Cadence/logs_jchen3014/logs0/Job36.log", "nodename": "ece-linlabsrv01.ece.gatech.edu", "domainname": "(none)", "machine": "x86_64", "sysname": "Linux", "release": "4.18.0-553.22.1.el8_10.x86_64", "version": "#1 SMP Wed Sep 11 18:02:00 EDT 2024"}
[2024-10-25 20:17:20.497 -0400] [PROCESS] [cadence.virtuoso.ade.simulationMonitor] - UsageInfo:
pid=3485851
totalPhysicalMemory=186.850800GB,Used=138.783432GB,totalVirtualMemory=250.850796GB,Used=142.175865GB
Cpu: Cores=112, Load average:2.830000,4.450000,4.790000 {"hostname": "ece-linlabsrv01.ece.gatech.edu", "processid": 3485851, "history": "ExplorerRun.0", "testname": "Tutorial_myInverter_1", "cornername": "Nominal", "point": 1, "logfile": "/nethome/jchen3014/ECE6130_Updated/ECE6130_LAB/Cadence/logs_jchen3014/logs0/Job36.log", "pid": "3485851", "totalPhysicalMemory": "186.850800", "physicalMemoryUsed": "138.783432", "totalVirtualMemory": "250.850796", "virtualMemoryUsed": "142.175865", "cpuCores": "112", "processes": "8073", "loadAverage1": "2.830000", "loadAverage5": "4.450000", "loadAverage15": "4.790000", "loadAverage1Percent": "0.025268"}
[2024-10-25 20:17:20.502 -0400] [EVENT] [cadence.virtuoso.ade.simulationMonitor] - NewPoint {"history": "ExplorerRun.0", "point": 2, "testname": "Tutorial_myInverter_1", "cornername": "Nominal", "event": "NewPoint", "EventSource": "Simulation Monitor", "HistoryName": "ExplorerRun.0", "logFile": "/nethome/jchen3014/ECE6130_Updated/ECE6130_LAB/Cadence/logs_jchen3014/logs0/Job36.log", "logFileSize": "14738", "category": "simulation"}
[2024-10-25 20:17:20.704 -0400] [EVENT] [cadence.virtuoso.ade.simulationMonitor] - NewPoint {"history": "ExplorerRun.0", "point": 2, "testname": "Tutorial_myInverter_1", "cornername": "Nominal", "event": "NewPoint", "EventSource": "spectre", "HistoryName": "ExplorerRun.0", "logFile": "/nethome/jchen3014/simulation/Tutorial/myInverter/maestro/results/maestro/ExplorerRun.0/2/Tutorial_myInverter_1/psf/spectre.out", "logFileSize": "-1", "category": "simulation"}
[2024-10-25 20:17:20.968 -0400] [PROCESS] [cadence.virtuoso.ade.simulationMonitor] - Simulator launched {"hostname": "ece-linlabsrv01.ece.gatech.edu", "processid": 3485851, "history": "ExplorerRun.0", "testname": "Tutorial_myInverter_1", "cornername": "Nominal", "point": 2, "logfile": "/nethome/jchen3014/ECE6130_Updated/ECE6130_LAB/Cadence/logs_jchen3014/logs0/Job36.log", "simid": "2", "event": "launch", "category": "simulation"}
[2024-10-25 20:17:21.517 -0400] [PROCESS] [cadence.virtuoso.ade.simulationMonitor] - Started Simulation {"hostname": "ece-linlabsrv01.ece.gatech.edu", "processid": 3485851, "history": "ExplorerRun.0", "testname": "Tutorial_myInverter_1", "cornername": "Nominal", "point": 2, "logfile": "/nethome/jchen3014/ECE6130_Updated/ECE6130_LAB/Cadence/logs_jchen3014/logs0/Job36.log", "event": "start", "category": "simulation"}
[2024-10-25 20:17:22.018 -0400] [INFO] [cadence.virtuoso.ade.simulationMonitor] - Peak resident memory used = 163 Mbytes. {"history": "ExplorerRun.0", "point": 2, "testname": "Tutorial_myInverter_1", "cornername": "Nominal"}
[2024-10-25 20:17:22.018 -0400] [INFO] [cadence.virtuoso.ade.simulationMonitor] - Peak resident memory used = 171 Mbytes. {"history": "ExplorerRun.0", "point": 2, "testname": "Tutorial_myInverter_1", "cornername": "Nominal"}
[2024-10-25 20:17:22.018 -0400] [INFO] [cadence.virtuoso.ade.simulationMonitor] - Notice from spectre during hierarchy flattening.
    The value 'psf' specified for the 'checklimitdest' option will no longer be supported in future releases. Use 'spectre -h' to see other recommended values for the 'checklimitdest' option. {"history": "ExplorerRun.0", "point": 2, "testname": "Tutorial_myInverter_1", "cornername": "Nominal"}
[2024-10-25 20:17:22.018 -0400] [INFO] [cadence.virtuoso.ade.simulationMonitor] - Peak resident memory used = 171 Mbytes. {"history": "ExplorerRun.0", "point": 2, "testname": "Tutorial_myInverter_1", "cornername": "Nominal"}
[2024-10-25 20:17:22.018 -0400] [INFO] [cadence.virtuoso.ade.simulationMonitor] - Notice from spectre during initial setup.
    Multithreading is disabled due to the size of the design being too small. {"history": "ExplorerRun.0", "point": 2, "testname": "Tutorial_myInverter_1", "cornername": "Nominal"}
[2024-10-25 20:17:22.022 -0400] [INFO] [cadence.virtuoso.ade.simulationMonitor] -               nodes 3 {"history": "ExplorerRun.0", "point": 2, "testname": "Tutorial_myInverter_1", "cornername": "Nominal"}
[2024-10-25 20:17:22.022 -0400] [INFO] [cadence.virtuoso.ade.simulationMonitor] - Notice from spectre during initial setup.
    Protected devices exist and are not included in the circuit inventory.
    APS enabled. {"history": "ExplorerRun.0", "point": 2, "testname": "Tutorial_myInverter_1", "cornername": "Nominal"}
[2024-10-25 20:17:22.022 -0400] [INFO] [cadence.virtuoso.ade.simulationMonitor] - Peak resident memory used = 174 Mbytes. {"history": "ExplorerRun.0", "point": 2, "testname": "Tutorial_myInverter_1", "cornername": "Nominal"}
[2024-10-25 20:17:22.023 -0400] [INFO] [cadence.virtuoso.ade.simulationMonitor] -    -   (APS) Multi-threading. The recommended number of threads is 1, consider adding +mt=1 on command line. {"history": "ExplorerRun.0", "point": 2, "testname": "Tutorial_myInverter_1", "cornername": "Nominal"}
[2024-10-25 20:17:22.023 -0400] [INFO] [cadence.virtuoso.ade.simulationMonitor] - Notice from spectre during transient analysis `tran'.
    Multithreading is disabled due to the size of the design being too small. {"history": "ExplorerRun.0", "point": 2, "testname": "Tutorial_myInverter_1", "cornername": "Nominal"}
[2024-10-25 20:17:22.024 -0400] [INFO] [cadence.virtuoso.ade.simulationMonitor] - Intrinsic tran analysis time:    CPU = 22.967 ms, elapsed = 32.3231 ms. {"history": "ExplorerRun.0", "point": 2, "testname": "Tutorial_myInverter_1", "cornername": "Nominal"}
[2024-10-25 20:17:22.025 -0400] [INFO] [cadence.virtuoso.ade.simulationMonitor] - Total time required for tran analysis `tran': CPU = 25.385 ms, elapsed = 36.4559 ms, util. = 69.6%. {"history": "ExplorerRun.0", "point": 2, "testname": "Tutorial_myInverter_1", "cornername": "Nominal"}
[2024-10-25 20:17:22.025 -0400] [INFO] [cadence.virtuoso.ade.simulationMonitor] - Peak resident memory used = 182 Mbytes. {"history": "ExplorerRun.0", "point": 2, "testname": "Tutorial_myInverter_1", "cornername": "Nominal"}
[2024-10-25 20:17:22.026 -0400] [INFO] [cadence.virtuoso.ade.simulationMonitor] - Time used: CPU = 372 ms, elapsed = 521 ms, util. = 71.5%. {"history": "ExplorerRun.0", "point": 2, "testname": "Tutorial_myInverter_1", "cornername": "Nominal"}
[2024-10-25 20:17:22.027 -0400] [INFO] [cadence.virtuoso.ade.simulationMonitor] - Time spent in licensing: elapsed = 54.6 ms, percentage of total = 10.5%. {"history": "ExplorerRun.0", "point": 2, "testname": "Tutorial_myInverter_1", "cornername": "Nominal"}
[2024-10-25 20:17:22.027 -0400] [INFO] [cadence.virtuoso.ade.simulationMonitor] - Peak memory used = 183 Mbytes. {"history": "ExplorerRun.0", "point": 2, "testname": "Tutorial_myInverter_1", "cornername": "Nominal"}
[2024-10-25 20:17:22.030 -0400] [PROCESS] [cadence.virtuoso.ade.simulationMonitor] - Simulation started at: 8:17:21 PM, Fri Oct 25, 2024, ended at: 8:17:21 PM, Fri Oct 25, 2024, with elapsed time (wall clock): 521 ms. {"history": "ExplorerRun.0", "point": 2, "testname": "Tutorial_myInverter_1", "cornername": "Nominal"}
[2024-10-25 20:17:22.030 -0400] [PROCESS] [cadence.virtuoso.ade.simulationMonitor] - spectre completes with 0 errors, 0 warnings, and 6 notices. {"history": "ExplorerRun.0", "point": 2, "testname": "Tutorial_myInverter_1", "cornername": "Nominal"}
[2024-10-25 20:17:22.530 -0400] [PROCESS] [cadence.virtuoso.ade.simulationMonitor] - Finished simulating for one point {"hostname": "ece-linlabsrv01.ece.gatech.edu", "processid": 3485851, "history": "ExplorerRun.0", "testname": "Tutorial_myInverter_1", "cornername": "Nominal", "point": 2, "logfile": "/nethome/jchen3014/ECE6130_Updated/ECE6130_LAB/Cadence/logs_jchen3014/logs0/Job36.log", "simid": "2", "event": "finish", "category": "simulation"}
[2024-10-25 20:17:22.530 -0400] [PROCESS] [cadence.virtuoso.ade.simulationMonitor] - Simulator exited {"hostname": "ece-linlabsrv01.ece.gatech.edu", "processid": 3485851, "history": "ExplorerRun.0", "testname": "Tutorial_myInverter_1", "cornername": "Nominal", "point": 2, "logfile": "/nethome/jchen3014/ECE6130_Updated/ECE6130_LAB/Cadence/logs_jchen3014/logs0/Job36.log", "exitStatus": "0"}
[2024-10-25 20:17:22.530 -0400] [PROCESS] [cadence.virtuoso.ade.simulationMonitor] - Finished Simulation {"hostname": "ece-linlabsrv01.ece.gatech.edu", "processid": 3485851, "history": "ExplorerRun.0", "testname": "Tutorial_myInverter_1", "cornername": "Nominal", "point": 2, "logfile": "/nethome/jchen3014/ECE6130_Updated/ECE6130_LAB/Cadence/logs_jchen3014/logs0/Job36.log", "simid": "2", "event": "finish", "category": "obsolete"}
[2024-10-25 20:17:23.534 -0400] [PROCESS] [cadence.virtuoso.ade.simulationMonitor] - Point Finished {"hostname": "ece-linlabsrv01.ece.gatech.edu", "processid": 3485851, "history": "ExplorerRun.0", "testname": "Tutorial_myInverter_1", "cornername": "Nominal", "point": 2, "logfile": "/nethome/jchen3014/ECE6130_Updated/ECE6130_LAB/Cadence/logs_jchen3014/logs0/Job36.log", "event": "finish", "category": "sim-eval"}
[2024-10-25 20:17:23.536 -0400] [PROCESS] [cadence.virtuoso.ade.simulationMonitor] - HostInfo:
Host name (type):	ece-linlabsrv01.ece.gatech.edu (x86_64)
Operating system:	Linux 4.18.0-553.22.1.el8_10.x86_64 #1 SMP Wed Sep 11 18:02:00 EDT 2024 {"hostname": "ece-linlabsrv01.ece.gatech.edu", "processid": 3485851, "history": "ExplorerRun.0", "testname": "Tutorial_myInverter_1", "cornername": "Nominal", "point": 2, "logfile": "/nethome/jchen3014/ECE6130_Updated/ECE6130_LAB/Cadence/logs_jchen3014/logs0/Job36.log", "nodename": "ece-linlabsrv01.ece.gatech.edu", "domainname": "(none)", "machine": "x86_64", "sysname": "Linux", "release": "4.18.0-553.22.1.el8_10.x86_64", "version": "#1 SMP Wed Sep 11 18:02:00 EDT 2024"}
[2024-10-25 20:17:23.536 -0400] [PROCESS] [cadence.virtuoso.ade.simulationMonitor] - UsageInfo:
pid=3485851
totalPhysicalMemory=186.850800GB,Used=138.782337GB,totalVirtualMemory=250.850796GB,Used=142.174770GB
Cpu: Cores=112, Load average:2.830000,4.450000,4.790000 {"hostname": "ece-linlabsrv01.ece.gatech.edu", "processid": 3485851, "history": "ExplorerRun.0", "testname": "Tutorial_myInverter_1", "cornername": "Nominal", "point": 2, "logfile": "/nethome/jchen3014/ECE6130_Updated/ECE6130_LAB/Cadence/logs_jchen3014/logs0/Job36.log", "pid": "3485851", "totalPhysicalMemory": "186.850800", "physicalMemoryUsed": "138.782337", "totalVirtualMemory": "250.850796", "virtualMemoryUsed": "142.174770", "cpuCores": "112", "processes": "8070", "loadAverage1": "2.830000", "loadAverage5": "4.450000", "loadAverage15": "4.790000", "loadAverage1Percent": "0.025268"}
[2024-10-25 20:17:23.540 -0400] [EVENT] [cadence.virtuoso.ade.simulationMonitor] - NewPoint {"history": "ExplorerRun.0", "point": 3, "testname": "Tutorial_myInverter_1", "cornername": "Nominal", "event": "NewPoint", "EventSource": "Simulation Monitor", "HistoryName": "ExplorerRun.0", "logFile": "/nethome/jchen3014/ECE6130_Updated/ECE6130_LAB/Cadence/logs_jchen3014/logs0/Job36.log", "logFileSize": "24575", "category": "simulation"}
[2024-10-25 20:17:23.742 -0400] [EVENT] [cadence.virtuoso.ade.simulationMonitor] - NewPoint {"history": "ExplorerRun.0", "point": 3, "testname": "Tutorial_myInverter_1", "cornername": "Nominal", "event": "NewPoint", "EventSource": "spectre", "HistoryName": "ExplorerRun.0", "logFile": "/nethome/jchen3014/simulation/Tutorial/myInverter/maestro/results/maestro/ExplorerRun.0/3/Tutorial_myInverter_1/psf/spectre.out", "logFileSize": "-1", "category": "simulation"}
[2024-10-25 20:17:24.019 -0400] [PROCESS] [cadence.virtuoso.ade.simulationMonitor] - Simulator launched {"hostname": "ece-linlabsrv01.ece.gatech.edu", "processid": 3485851, "history": "ExplorerRun.0", "testname": "Tutorial_myInverter_1", "cornername": "Nominal", "point": 3, "logfile": "/nethome/jchen3014/ECE6130_Updated/ECE6130_LAB/Cadence/logs_jchen3014/logs0/Job36.log", "simid": "3", "event": "launch", "category": "simulation"}
[2024-10-25 20:17:24.605 -0400] [PROCESS] [cadence.virtuoso.ade.simulationMonitor] - Started Simulation {"hostname": "ece-linlabsrv01.ece.gatech.edu", "processid": 3485851, "history": "ExplorerRun.0", "testname": "Tutorial_myInverter_1", "cornername": "Nominal", "point": 3, "logfile": "/nethome/jchen3014/ECE6130_Updated/ECE6130_LAB/Cadence/logs_jchen3014/logs0/Job36.log", "event": "start", "category": "simulation"}
[2024-10-25 20:17:25.105 -0400] [INFO] [cadence.virtuoso.ade.simulationMonitor] - Peak resident memory used = 163 Mbytes. {"history": "ExplorerRun.0", "point": 3, "testname": "Tutorial_myInverter_1", "cornername": "Nominal"}
[2024-10-25 20:17:25.105 -0400] [INFO] [cadence.virtuoso.ade.simulationMonitor] - Peak resident memory used = 172 Mbytes. {"history": "ExplorerRun.0", "point": 3, "testname": "Tutorial_myInverter_1", "cornername": "Nominal"}
[2024-10-25 20:17:25.105 -0400] [INFO] [cadence.virtuoso.ade.simulationMonitor] - Notice from spectre during hierarchy flattening.
    The value 'psf' specified for the 'checklimitdest' option will no longer be supported in future releases. Use 'spectre -h' to see other recommended values for the 'checklimitdest' option. {"history": "ExplorerRun.0", "point": 3, "testname": "Tutorial_myInverter_1", "cornername": "Nominal"}
[2024-10-25 20:17:25.105 -0400] [INFO] [cadence.virtuoso.ade.simulationMonitor] - Peak resident memory used = 172 Mbytes. {"history": "ExplorerRun.0", "point": 3, "testname": "Tutorial_myInverter_1", "cornername": "Nominal"}
[2024-10-25 20:17:25.105 -0400] [INFO] [cadence.virtuoso.ade.simulationMonitor] - Notice from spectre during initial setup.
    Multithreading is disabled due to the size of the design being too small. {"history": "ExplorerRun.0", "point": 3, "testname": "Tutorial_myInverter_1", "cornername": "Nominal"}
[2024-10-25 20:17:25.109 -0400] [INFO] [cadence.virtuoso.ade.simulationMonitor] -               nodes 3 {"history": "ExplorerRun.0", "point": 3, "testname": "Tutorial_myInverter_1", "cornername": "Nominal"}
[2024-10-25 20:17:25.109 -0400] [INFO] [cadence.virtuoso.ade.simulationMonitor] - Notice from spectre during initial setup.
    Protected devices exist and are not included in the circuit inventory.
    APS enabled. {"history": "ExplorerRun.0", "point": 3, "testname": "Tutorial_myInverter_1", "cornername": "Nominal"}
[2024-10-25 20:17:25.110 -0400] [INFO] [cadence.virtuoso.ade.simulationMonitor] - Peak resident memory used = 174 Mbytes. {"history": "ExplorerRun.0", "point": 3, "testname": "Tutorial_myInverter_1", "cornername": "Nominal"}
[2024-10-25 20:17:25.110 -0400] [INFO] [cadence.virtuoso.ade.simulationMonitor] -    -   (APS) Multi-threading. The recommended number of threads is 1, consider adding +mt=1 on command line. {"history": "ExplorerRun.0", "point": 3, "testname": "Tutorial_myInverter_1", "cornername": "Nominal"}
[2024-10-25 20:17:25.110 -0400] [INFO] [cadence.virtuoso.ade.simulationMonitor] - Notice from spectre during transient analysis `tran'.
    Multithreading is disabled due to the size of the design being too small. {"history": "ExplorerRun.0", "point": 3, "testname": "Tutorial_myInverter_1", "cornername": "Nominal"}
[2024-10-25 20:17:25.111 -0400] [INFO] [cadence.virtuoso.ade.simulationMonitor] - Intrinsic tran analysis time:    CPU = 26.984 ms, elapsed = 35.9249 ms. {"history": "ExplorerRun.0", "point": 3, "testname": "Tutorial_myInverter_1", "cornername": "Nominal"}
[2024-10-25 20:17:25.111 -0400] [INFO] [cadence.virtuoso.ade.simulationMonitor] - Total time required for tran analysis `tran': CPU = 29.254 ms, elapsed = 39.901 ms, util. = 73.3%. {"history": "ExplorerRun.0", "point": 3, "testname": "Tutorial_myInverter_1", "cornername": "Nominal"}
[2024-10-25 20:17:25.111 -0400] [INFO] [cadence.virtuoso.ade.simulationMonitor] - Peak resident memory used = 183 Mbytes. {"history": "ExplorerRun.0", "point": 3, "testname": "Tutorial_myInverter_1", "cornername": "Nominal"}
[2024-10-25 20:17:25.113 -0400] [INFO] [cadence.virtuoso.ade.simulationMonitor] - Time used: CPU = 366 ms, elapsed = 501 ms, util. = 73%. {"history": "ExplorerRun.0", "point": 3, "testname": "Tutorial_myInverter_1", "cornername": "Nominal"}
[2024-10-25 20:17:25.113 -0400] [INFO] [cadence.virtuoso.ade.simulationMonitor] - Time spent in licensing: elapsed = 52.9 ms, percentage of total = 10.6%. {"history": "ExplorerRun.0", "point": 3, "testname": "Tutorial_myInverter_1", "cornername": "Nominal"}
[2024-10-25 20:17:25.114 -0400] [INFO] [cadence.virtuoso.ade.simulationMonitor] - Peak memory used = 183 Mbytes. {"history": "ExplorerRun.0", "point": 3, "testname": "Tutorial_myInverter_1", "cornername": "Nominal"}
[2024-10-25 20:17:25.116 -0400] [PROCESS] [cadence.virtuoso.ade.simulationMonitor] - Simulation started at: 8:17:24 PM, Fri Oct 25, 2024, ended at: 8:17:24 PM, Fri Oct 25, 2024, with elapsed time (wall clock): 501 ms. {"history": "ExplorerRun.0", "point": 3, "testname": "Tutorial_myInverter_1", "cornername": "Nominal"}
[2024-10-25 20:17:25.116 -0400] [PROCESS] [cadence.virtuoso.ade.simulationMonitor] - spectre completes with 0 errors, 0 warnings, and 6 notices. {"history": "ExplorerRun.0", "point": 3, "testname": "Tutorial_myInverter_1", "cornername": "Nominal"}
[2024-10-25 20:17:25.116 -0400] [PROCESS] [cadence.virtuoso.ade.simulationMonitor] - Finished simulating for one point {"hostname": "ece-linlabsrv01.ece.gatech.edu", "processid": 3485851, "history": "ExplorerRun.0", "testname": "Tutorial_myInverter_1", "cornername": "Nominal", "point": 3, "logfile": "/nethome/jchen3014/ECE6130_Updated/ECE6130_LAB/Cadence/logs_jchen3014/logs0/Job36.log", "simid": "3", "event": "finish", "category": "simulation"}
[2024-10-25 20:17:25.116 -0400] [PROCESS] [cadence.virtuoso.ade.simulationMonitor] - Simulator exited {"hostname": "ece-linlabsrv01.ece.gatech.edu", "processid": 3485851, "history": "ExplorerRun.0", "testname": "Tutorial_myInverter_1", "cornername": "Nominal", "point": 3, "logfile": "/nethome/jchen3014/ECE6130_Updated/ECE6130_LAB/Cadence/logs_jchen3014/logs0/Job36.log", "exitStatus": "0"}
[2024-10-25 20:17:25.116 -0400] [PROCESS] [cadence.virtuoso.ade.simulationMonitor] - Finished Simulation {"hostname": "ece-linlabsrv01.ece.gatech.edu", "processid": 3485851, "history": "ExplorerRun.0", "testname": "Tutorial_myInverter_1", "cornername": "Nominal", "point": 3, "logfile": "/nethome/jchen3014/ECE6130_Updated/ECE6130_LAB/Cadence/logs_jchen3014/logs0/Job36.log", "simid": "3", "event": "finish", "category": "obsolete"}
[2024-10-25 20:17:26.619 -0400] [PROCESS] [cadence.virtuoso.ade.simulationMonitor] - Point Finished {"hostname": "ece-linlabsrv01.ece.gatech.edu", "processid": 3485851, "history": "ExplorerRun.0", "testname": "Tutorial_myInverter_1", "cornername": "Nominal", "point": 3, "logfile": "/nethome/jchen3014/ECE6130_Updated/ECE6130_LAB/Cadence/logs_jchen3014/logs0/Job36.log", "event": "finish", "category": "sim-eval"}
[2024-10-25 20:17:26.621 -0400] [PROCESS] [cadence.virtuoso.ade.simulationMonitor] - HostInfo:
Host name (type):	ece-linlabsrv01.ece.gatech.edu (x86_64)
Operating system:	Linux 4.18.0-553.22.1.el8_10.x86_64 #1 SMP Wed Sep 11 18:02:00 EDT 2024 {"hostname": "ece-linlabsrv01.ece.gatech.edu", "processid": 3485851, "history": "ExplorerRun.0", "testname": "Tutorial_myInverter_1", "cornername": "Nominal", "point": 3, "logfile": "/nethome/jchen3014/ECE6130_Updated/ECE6130_LAB/Cadence/logs_jchen3014/logs0/Job36.log", "nodename": "ece-linlabsrv01.ece.gatech.edu", "domainname": "(none)", "machine": "x86_64", "sysname": "Linux", "release": "4.18.0-553.22.1.el8_10.x86_64", "version": "#1 SMP Wed Sep 11 18:02:00 EDT 2024"}
[2024-10-25 20:17:26.621 -0400] [PROCESS] [cadence.virtuoso.ade.simulationMonitor] - UsageInfo:
pid=3485851
totalPhysicalMemory=186.850800GB,Used=138.812576GB,totalVirtualMemory=250.850796GB,Used=142.205009GB
Cpu: Cores=112, Load average:2.920000,4.440000,4.780000 {"hostname": "ece-linlabsrv01.ece.gatech.edu", "processid": 3485851, "history": "ExplorerRun.0", "testname": "Tutorial_myInverter_1", "cornername": "Nominal", "point": 3, "logfile": "/nethome/jchen3014/ECE6130_Updated/ECE6130_LAB/Cadence/logs_jchen3014/logs0/Job36.log", "pid": "3485851", "totalPhysicalMemory": "186.850800", "physicalMemoryUsed": "138.812576", "totalVirtualMemory": "250.850796", "virtualMemoryUsed": "142.205009", "cpuCores": "112", "processes": "8098", "loadAverage1": "2.920000", "loadAverage5": "4.440000", "loadAverage15": "4.780000", "loadAverage1Percent": "0.026071"}
[2024-10-25 20:17:26.628 -0400] [EVENT] [cadence.virtuoso.ade.simulationMonitor] - NewPoint {"history": "ExplorerRun.0", "point": 4, "testname": "Tutorial_myInverter_1", "cornername": "Nominal", "event": "NewPoint", "EventSource": "Simulation Monitor", "HistoryName": "ExplorerRun.0", "logFile": "/nethome/jchen3014/ECE6130_Updated/ECE6130_LAB/Cadence/logs_jchen3014/logs0/Job36.log", "logFileSize": "34409", "category": "simulation"}
[2024-10-25 20:17:26.830 -0400] [EVENT] [cadence.virtuoso.ade.simulationMonitor] - NewPoint {"history": "ExplorerRun.0", "point": 4, "testname": "Tutorial_myInverter_1", "cornername": "Nominal", "event": "NewPoint", "EventSource": "spectre", "HistoryName": "ExplorerRun.0", "logFile": "/nethome/jchen3014/simulation/Tutorial/myInverter/maestro/results/maestro/ExplorerRun.0/4/Tutorial_myInverter_1/psf/spectre.out", "logFileSize": "-1", "category": "simulation"}
[2024-10-25 20:17:27.102 -0400] [PROCESS] [cadence.virtuoso.ade.simulationMonitor] - Simulator launched {"hostname": "ece-linlabsrv01.ece.gatech.edu", "processid": 3485851, "history": "ExplorerRun.0", "testname": "Tutorial_myInverter_1", "cornername": "Nominal", "point": 4, "logfile": "/nethome/jchen3014/ECE6130_Updated/ECE6130_LAB/Cadence/logs_jchen3014/logs0/Job36.log", "simid": "4", "event": "launch", "category": "simulation"}
[2024-10-25 20:17:27.633 -0400] [PROCESS] [cadence.virtuoso.ade.simulationMonitor] - Started Simulation {"hostname": "ece-linlabsrv01.ece.gatech.edu", "processid": 3485851, "history": "ExplorerRun.0", "testname": "Tutorial_myInverter_1", "cornername": "Nominal", "point": 4, "logfile": "/nethome/jchen3014/ECE6130_Updated/ECE6130_LAB/Cadence/logs_jchen3014/logs0/Job36.log", "event": "start", "category": "simulation"}
[2024-10-25 20:17:28.134 -0400] [INFO] [cadence.virtuoso.ade.simulationMonitor] - Peak resident memory used = 164 Mbytes. {"history": "ExplorerRun.0", "point": 4, "testname": "Tutorial_myInverter_1", "cornername": "Nominal"}
[2024-10-25 20:17:28.134 -0400] [INFO] [cadence.virtuoso.ade.simulationMonitor] - Peak resident memory used = 171 Mbytes. {"history": "ExplorerRun.0", "point": 4, "testname": "Tutorial_myInverter_1", "cornername": "Nominal"}
[2024-10-25 20:17:28.134 -0400] [INFO] [cadence.virtuoso.ade.simulationMonitor] - Notice from spectre during hierarchy flattening.
    The value 'psf' specified for the 'checklimitdest' option will no longer be supported in future releases. Use 'spectre -h' to see other recommended values for the 'checklimitdest' option. {"history": "ExplorerRun.0", "point": 4, "testname": "Tutorial_myInverter_1", "cornername": "Nominal"}
[2024-10-25 20:17:28.134 -0400] [INFO] [cadence.virtuoso.ade.simulationMonitor] - Peak resident memory used = 173 Mbytes. {"history": "ExplorerRun.0", "point": 4, "testname": "Tutorial_myInverter_1", "cornername": "Nominal"}
[2024-10-25 20:17:28.134 -0400] [INFO] [cadence.virtuoso.ade.simulationMonitor] - Notice from spectre during initial setup.
    Multithreading is disabled due to the size of the design being too small. {"history": "ExplorerRun.0", "point": 4, "testname": "Tutorial_myInverter_1", "cornername": "Nominal"}
[2024-10-25 20:17:28.138 -0400] [INFO] [cadence.virtuoso.ade.simulationMonitor] -               nodes 3 {"history": "ExplorerRun.0", "point": 4, "testname": "Tutorial_myInverter_1", "cornername": "Nominal"}
[2024-10-25 20:17:28.139 -0400] [INFO] [cadence.virtuoso.ade.simulationMonitor] - Notice from spectre during initial setup.
    Protected devices exist and are not included in the circuit inventory.
    APS enabled. {"history": "ExplorerRun.0", "point": 4, "testname": "Tutorial_myInverter_1", "cornername": "Nominal"}
[2024-10-25 20:17:28.139 -0400] [INFO] [cadence.virtuoso.ade.simulationMonitor] - Peak resident memory used = 175 Mbytes. {"history": "ExplorerRun.0", "point": 4, "testname": "Tutorial_myInverter_1", "cornername": "Nominal"}
[2024-10-25 20:17:28.139 -0400] [INFO] [cadence.virtuoso.ade.simulationMonitor] -    -   (APS) Multi-threading. The recommended number of threads is 1, consider adding +mt=1 on command line. {"history": "ExplorerRun.0", "point": 4, "testname": "Tutorial_myInverter_1", "cornername": "Nominal"}
[2024-10-25 20:17:28.140 -0400] [INFO] [cadence.virtuoso.ade.simulationMonitor] - Notice from spectre during transient analysis `tran'.
    Multithreading is disabled due to the size of the design being too small. {"history": "ExplorerRun.0", "point": 4, "testname": "Tutorial_myInverter_1", "cornername": "Nominal"}
[2024-10-25 20:17:28.140 -0400] [INFO] [cadence.virtuoso.ade.simulationMonitor] - Intrinsic tran analysis time:    CPU = 22.571 ms, elapsed = 37.812 ms. {"history": "ExplorerRun.0", "point": 4, "testname": "Tutorial_myInverter_1", "cornername": "Nominal"}
[2024-10-25 20:17:28.140 -0400] [INFO] [cadence.virtuoso.ade.simulationMonitor] - Total time required for tran analysis `tran': CPU = 24.81 ms, elapsed = 41.682 ms, util. = 59.5%. {"history": "ExplorerRun.0", "point": 4, "testname": "Tutorial_myInverter_1", "cornername": "Nominal"}
[2024-10-25 20:17:28.140 -0400] [INFO] [cadence.virtuoso.ade.simulationMonitor] - Peak resident memory used = 183 Mbytes. {"history": "ExplorerRun.0", "point": 4, "testname": "Tutorial_myInverter_1", "cornername": "Nominal"}
[2024-10-25 20:17:28.142 -0400] [INFO] [cadence.virtuoso.ade.simulationMonitor] - Time used: CPU = 358 ms, elapsed = 526 ms, util. = 68%. {"history": "ExplorerRun.0", "point": 4, "testname": "Tutorial_myInverter_1", "cornername": "Nominal"}
[2024-10-25 20:17:28.142 -0400] [INFO] [cadence.virtuoso.ade.simulationMonitor] - Time spent in licensing: elapsed = 52.9 ms, percentage of total = 10%. {"history": "ExplorerRun.0", "point": 4, "testname": "Tutorial_myInverter_1", "cornername": "Nominal"}
[2024-10-25 20:17:28.143 -0400] [INFO] [cadence.virtuoso.ade.simulationMonitor] - Peak memory used = 184 Mbytes. {"history": "ExplorerRun.0", "point": 4, "testname": "Tutorial_myInverter_1", "cornername": "Nominal"}
[2024-10-25 20:17:28.146 -0400] [PROCESS] [cadence.virtuoso.ade.simulationMonitor] - Simulation started at: 8:17:27 PM, Fri Oct 25, 2024, ended at: 8:17:28 PM, Fri Oct 25, 2024, with elapsed time (wall clock): 526 ms. {"history": "ExplorerRun.0", "point": 4, "testname": "Tutorial_myInverter_1", "cornername": "Nominal"}
[2024-10-25 20:17:28.146 -0400] [PROCESS] [cadence.virtuoso.ade.simulationMonitor] - spectre completes with 0 errors, 0 warnings, and 6 notices. {"history": "ExplorerRun.0", "point": 4, "testname": "Tutorial_myInverter_1", "cornername": "Nominal"}
[2024-10-25 20:17:28.146 -0400] [PROCESS] [cadence.virtuoso.ade.simulationMonitor] - Finished simulating for one point {"hostname": "ece-linlabsrv01.ece.gatech.edu", "processid": 3485851, "history": "ExplorerRun.0", "testname": "Tutorial_myInverter_1", "cornername": "Nominal", "point": 4, "logfile": "/nethome/jchen3014/ECE6130_Updated/ECE6130_LAB/Cadence/logs_jchen3014/logs0/Job36.log", "simid": "4", "event": "finish", "category": "simulation"}
[2024-10-25 20:17:28.146 -0400] [PROCESS] [cadence.virtuoso.ade.simulationMonitor] - Simulator exited {"hostname": "ece-linlabsrv01.ece.gatech.edu", "processid": 3485851, "history": "ExplorerRun.0", "testname": "Tutorial_myInverter_1", "cornername": "Nominal", "point": 4, "logfile": "/nethome/jchen3014/ECE6130_Updated/ECE6130_LAB/Cadence/logs_jchen3014/logs0/Job36.log", "exitStatus": "0"}
[2024-10-25 20:17:28.146 -0400] [PROCESS] [cadence.virtuoso.ade.simulationMonitor] - Finished Simulation {"hostname": "ece-linlabsrv01.ece.gatech.edu", "processid": 3485851, "history": "ExplorerRun.0", "testname": "Tutorial_myInverter_1", "cornername": "Nominal", "point": 4, "logfile": "/nethome/jchen3014/ECE6130_Updated/ECE6130_LAB/Cadence/logs_jchen3014/logs0/Job36.log", "simid": "4", "event": "finish", "category": "obsolete"}
[2024-10-25 20:17:29.151 -0400] [PROCESS] [cadence.virtuoso.ade.simulationMonitor] - Point Finished {"hostname": "ece-linlabsrv01.ece.gatech.edu", "processid": 3485851, "history": "ExplorerRun.0", "testname": "Tutorial_myInverter_1", "cornername": "Nominal", "point": 4, "logfile": "/nethome/jchen3014/ECE6130_Updated/ECE6130_LAB/Cadence/logs_jchen3014/logs0/Job36.log", "event": "finish", "category": "sim-eval"}
[2024-10-25 20:17:29.153 -0400] [PROCESS] [cadence.virtuoso.ade.simulationMonitor] - HostInfo:
Host name (type):	ece-linlabsrv01.ece.gatech.edu (x86_64)
Operating system:	Linux 4.18.0-553.22.1.el8_10.x86_64 #1 SMP Wed Sep 11 18:02:00 EDT 2024 {"hostname": "ece-linlabsrv01.ece.gatech.edu", "processid": 3485851, "history": "ExplorerRun.0", "testname": "Tutorial_myInverter_1", "cornername": "Nominal", "point": 4, "logfile": "/nethome/jchen3014/ECE6130_Updated/ECE6130_LAB/Cadence/logs_jchen3014/logs0/Job36.log", "nodename": "ece-linlabsrv01.ece.gatech.edu", "domainname": "(none)", "machine": "x86_64", "sysname": "Linux", "release": "4.18.0-553.22.1.el8_10.x86_64", "version": "#1 SMP Wed Sep 11 18:02:00 EDT 2024"}
[2024-10-25 20:17:29.153 -0400] [PROCESS] [cadence.virtuoso.ade.simulationMonitor] - UsageInfo:
pid=3485851
totalPhysicalMemory=186.850800GB,Used=138.957779GB,totalVirtualMemory=250.850796GB,Used=142.350212GB
Cpu: Cores=112, Load average:2.920000,4.440000,4.780000 {"hostname": "ece-linlabsrv01.ece.gatech.edu", "processid": 3485851, "history": "ExplorerRun.0", "testname": "Tutorial_myInverter_1", "cornername": "Nominal", "point": 4, "logfile": "/nethome/jchen3014/ECE6130_Updated/ECE6130_LAB/Cadence/logs_jchen3014/logs0/Job36.log", "pid": "3485851", "totalPhysicalMemory": "186.850800", "physicalMemoryUsed": "138.957779", "totalVirtualMemory": "250.850796", "virtualMemoryUsed": "142.350212", "cpuCores": "112", "processes": "8098", "loadAverage1": "2.920000", "loadAverage5": "4.440000", "loadAverage15": "4.780000", "loadAverage1Percent": "0.026071"}
[2024-10-25 20:17:29.158 -0400] [EVENT] [cadence.virtuoso.ade.simulationMonitor] - NewPoint {"history": "ExplorerRun.0", "point": 5, "testname": "Tutorial_myInverter_1", "cornername": "Nominal", "event": "NewPoint", "EventSource": "Simulation Monitor", "HistoryName": "ExplorerRun.0", "logFile": "/nethome/jchen3014/ECE6130_Updated/ECE6130_LAB/Cadence/logs_jchen3014/logs0/Job36.log", "logFileSize": "44239", "category": "simulation"}
[2024-10-25 20:17:29.360 -0400] [EVENT] [cadence.virtuoso.ade.simulationMonitor] - NewPoint {"history": "ExplorerRun.0", "point": 5, "testname": "Tutorial_myInverter_1", "cornername": "Nominal", "event": "NewPoint", "EventSource": "spectre", "HistoryName": "ExplorerRun.0", "logFile": "/nethome/jchen3014/simulation/Tutorial/myInverter/maestro/results/maestro/ExplorerRun.0/5/Tutorial_myInverter_1/psf/spectre.out", "logFileSize": "-1", "category": "simulation"}
[2024-10-25 20:17:29.639 -0400] [PROCESS] [cadence.virtuoso.ade.simulationMonitor] - Simulator launched {"hostname": "ece-linlabsrv01.ece.gatech.edu", "processid": 3485851, "history": "ExplorerRun.0", "testname": "Tutorial_myInverter_1", "cornername": "Nominal", "point": 5, "logfile": "/nethome/jchen3014/ECE6130_Updated/ECE6130_LAB/Cadence/logs_jchen3014/logs0/Job36.log", "simid": "5", "event": "launch", "category": "simulation"}
[2024-10-25 20:17:30.195 -0400] [PROCESS] [cadence.virtuoso.ade.simulationMonitor] - Started Simulation {"hostname": "ece-linlabsrv01.ece.gatech.edu", "processid": 3485851, "history": "ExplorerRun.0", "testname": "Tutorial_myInverter_1", "cornername": "Nominal", "point": 5, "logfile": "/nethome/jchen3014/ECE6130_Updated/ECE6130_LAB/Cadence/logs_jchen3014/logs0/Job36.log", "event": "start", "category": "simulation"}
[2024-10-25 20:17:30.695 -0400] [INFO] [cadence.virtuoso.ade.simulationMonitor] - Peak resident memory used = 170 Mbytes. {"history": "ExplorerRun.0", "point": 5, "testname": "Tutorial_myInverter_1", "cornername": "Nominal"}
[2024-10-25 20:17:30.695 -0400] [INFO] [cadence.virtuoso.ade.simulationMonitor] - Peak resident memory used = 177 Mbytes. {"history": "ExplorerRun.0", "point": 5, "testname": "Tutorial_myInverter_1", "cornername": "Nominal"}
[2024-10-25 20:17:30.696 -0400] [INFO] [cadence.virtuoso.ade.simulationMonitor] - Notice from spectre during hierarchy flattening.
    The value 'psf' specified for the 'checklimitdest' option will no longer be supported in future releases. Use 'spectre -h' to see other recommended values for the 'checklimitdest' option. {"history": "ExplorerRun.0", "point": 5, "testname": "Tutorial_myInverter_1", "cornername": "Nominal"}
[2024-10-25 20:17:30.696 -0400] [INFO] [cadence.virtuoso.ade.simulationMonitor] - Peak resident memory used = 178 Mbytes. {"history": "ExplorerRun.0", "point": 5, "testname": "Tutorial_myInverter_1", "cornername": "Nominal"}
[2024-10-25 20:17:30.696 -0400] [INFO] [cadence.virtuoso.ade.simulationMonitor] - Notice from spectre during initial setup.
    Multithreading is disabled due to the size of the design being too small. {"history": "ExplorerRun.0", "point": 5, "testname": "Tutorial_myInverter_1", "cornername": "Nominal"}
[2024-10-25 20:17:30.700 -0400] [INFO] [cadence.virtuoso.ade.simulationMonitor] -               nodes 3 {"history": "ExplorerRun.0", "point": 5, "testname": "Tutorial_myInverter_1", "cornername": "Nominal"}
[2024-10-25 20:17:30.700 -0400] [INFO] [cadence.virtuoso.ade.simulationMonitor] - Notice from spectre during initial setup.
    Protected devices exist and are not included in the circuit inventory.
    APS enabled. {"history": "ExplorerRun.0", "point": 5, "testname": "Tutorial_myInverter_1", "cornername": "Nominal"}
[2024-10-25 20:17:30.700 -0400] [INFO] [cadence.virtuoso.ade.simulationMonitor] - Peak resident memory used = 181 Mbytes. {"history": "ExplorerRun.0", "point": 5, "testname": "Tutorial_myInverter_1", "cornername": "Nominal"}
[2024-10-25 20:17:30.701 -0400] [INFO] [cadence.virtuoso.ade.simulationMonitor] -    -   (APS) Multi-threading. The recommended number of threads is 1, consider adding +mt=1 on command line. {"history": "ExplorerRun.0", "point": 5, "testname": "Tutorial_myInverter_1", "cornername": "Nominal"}
[2024-10-25 20:17:30.701 -0400] [INFO] [cadence.virtuoso.ade.simulationMonitor] - Notice from spectre during transient analysis `tran'.
    Multithreading is disabled due to the size of the design being too small. {"history": "ExplorerRun.0", "point": 5, "testname": "Tutorial_myInverter_1", "cornername": "Nominal"}
[2024-10-25 20:17:30.702 -0400] [INFO] [cadence.virtuoso.ade.simulationMonitor] - Intrinsic tran analysis time:    CPU = 27.577 ms, elapsed = 36.6681 ms. {"history": "ExplorerRun.0", "point": 5, "testname": "Tutorial_myInverter_1", "cornername": "Nominal"}
[2024-10-25 20:17:30.702 -0400] [INFO] [cadence.virtuoso.ade.simulationMonitor] - Total time required for tran analysis `tran': CPU = 29.75 ms, elapsed = 40.493 ms, util. = 73.5%. {"history": "ExplorerRun.0", "point": 5, "testname": "Tutorial_myInverter_1", "cornername": "Nominal"}
[2024-10-25 20:17:30.702 -0400] [INFO] [cadence.virtuoso.ade.simulationMonitor] - Peak resident memory used = 189 Mbytes. {"history": "ExplorerRun.0", "point": 5, "testname": "Tutorial_myInverter_1", "cornername": "Nominal"}
[2024-10-25 20:17:30.704 -0400] [INFO] [cadence.virtuoso.ade.simulationMonitor] - Time used: CPU = 377 ms, elapsed = 506 ms, util. = 74.6%. {"history": "ExplorerRun.0", "point": 5, "testname": "Tutorial_myInverter_1", "cornername": "Nominal"}
[2024-10-25 20:17:30.704 -0400] [INFO] [cadence.virtuoso.ade.simulationMonitor] - Time spent in licensing: elapsed = 52.6 ms, percentage of total = 10.4%. {"history": "ExplorerRun.0", "point": 5, "testname": "Tutorial_myInverter_1", "cornername": "Nominal"}
[2024-10-25 20:17:30.705 -0400] [INFO] [cadence.virtuoso.ade.simulationMonitor] - Peak memory used = 189 Mbytes. {"history": "ExplorerRun.0", "point": 5, "testname": "Tutorial_myInverter_1", "cornername": "Nominal"}
[2024-10-25 20:17:30.707 -0400] [PROCESS] [cadence.virtuoso.ade.simulationMonitor] - Simulation started at: 8:17:30 PM, Fri Oct 25, 2024, ended at: 8:17:30 PM, Fri Oct 25, 2024, with elapsed time (wall clock): 506 ms. {"history": "ExplorerRun.0", "point": 5, "testname": "Tutorial_myInverter_1", "cornername": "Nominal"}
[2024-10-25 20:17:30.707 -0400] [PROCESS] [cadence.virtuoso.ade.simulationMonitor] - spectre completes with 0 errors, 0 warnings, and 6 notices. {"history": "ExplorerRun.0", "point": 5, "testname": "Tutorial_myInverter_1", "cornername": "Nominal"}
[2024-10-25 20:17:30.707 -0400] [PROCESS] [cadence.virtuoso.ade.simulationMonitor] - Finished simulating for one point {"hostname": "ece-linlabsrv01.ece.gatech.edu", "processid": 3485851, "history": "ExplorerRun.0", "testname": "Tutorial_myInverter_1", "cornername": "Nominal", "point": 5, "logfile": "/nethome/jchen3014/ECE6130_Updated/ECE6130_LAB/Cadence/logs_jchen3014/logs0/Job36.log", "simid": "5", "event": "finish", "category": "simulation"}
[2024-10-25 20:17:30.707 -0400] [PROCESS] [cadence.virtuoso.ade.simulationMonitor] - Simulator exited {"hostname": "ece-linlabsrv01.ece.gatech.edu", "processid": 3485851, "history": "ExplorerRun.0", "testname": "Tutorial_myInverter_1", "cornername": "Nominal", "point": 5, "logfile": "/nethome/jchen3014/ECE6130_Updated/ECE6130_LAB/Cadence/logs_jchen3014/logs0/Job36.log", "exitStatus": "0"}
[2024-10-25 20:17:30.708 -0400] [PROCESS] [cadence.virtuoso.ade.simulationMonitor] - Finished Simulation {"hostname": "ece-linlabsrv01.ece.gatech.edu", "processid": 3485851, "history": "ExplorerRun.0", "testname": "Tutorial_myInverter_1", "cornername": "Nominal", "point": 5, "logfile": "/nethome/jchen3014/ECE6130_Updated/ECE6130_LAB/Cadence/logs_jchen3014/logs0/Job36.log", "simid": "5", "event": "finish", "category": "obsolete"}
[2024-10-25 20:17:31.711 -0400] [PROCESS] [cadence.virtuoso.ade.simulationMonitor] - Point Finished {"hostname": "ece-linlabsrv01.ece.gatech.edu", "processid": 3485851, "history": "ExplorerRun.0", "testname": "Tutorial_myInverter_1", "cornername": "Nominal", "point": 5, "logfile": "/nethome/jchen3014/ECE6130_Updated/ECE6130_LAB/Cadence/logs_jchen3014/logs0/Job36.log", "event": "finish", "category": "sim-eval"}
[2024-10-25 20:17:31.713 -0400] [PROCESS] [cadence.virtuoso.ade.simulationMonitor] - HostInfo:
Host name (type):	ece-linlabsrv01.ece.gatech.edu (x86_64)
Operating system:	Linux 4.18.0-553.22.1.el8_10.x86_64 #1 SMP Wed Sep 11 18:02:00 EDT 2024 {"hostname": "ece-linlabsrv01.ece.gatech.edu", "processid": 3485851, "history": "ExplorerRun.0", "testname": "Tutorial_myInverter_1", "cornername": "Nominal", "point": 5, "logfile": "/nethome/jchen3014/ECE6130_Updated/ECE6130_LAB/Cadence/logs_jchen3014/logs0/Job36.log", "nodename": "ece-linlabsrv01.ece.gatech.edu", "domainname": "(none)", "machine": "x86_64", "sysname": "Linux", "release": "4.18.0-553.22.1.el8_10.x86_64", "version": "#1 SMP Wed Sep 11 18:02:00 EDT 2024"}
[2024-10-25 20:17:31.713 -0400] [PROCESS] [cadence.virtuoso.ade.simulationMonitor] - UsageInfo:
pid=3485851
totalPhysicalMemory=186.850800GB,Used=139.049381GB,totalVirtualMemory=250.850796GB,Used=142.441814GB
Cpu: Cores=112, Load average:2.930000,4.410000,4.770000 {"hostname": "ece-linlabsrv01.ece.gatech.edu", "processid": 3485851, "history": "ExplorerRun.0", "testname": "Tutorial_myInverter_1", "cornername": "Nominal", "point": 5, "logfile": "/nethome/jchen3014/ECE6130_Updated/ECE6130_LAB/Cadence/logs_jchen3014/logs0/Job36.log", "pid": "3485851", "totalPhysicalMemory": "186.850800", "physicalMemoryUsed": "139.049381", "totalVirtualMemory": "250.850796", "virtualMemoryUsed": "142.441814", "cpuCores": "112", "processes": "8112", "loadAverage1": "2.930000", "loadAverage5": "4.410000", "loadAverage15": "4.770000", "loadAverage1Percent": "0.026161"}
[2024-10-25 20:17:31.717 -0400] [EVENT] [cadence.virtuoso.ade.simulationMonitor] - NewPoint {"history": "ExplorerRun.0", "point": 6, "testname": "Tutorial_myInverter_1", "cornername": "Nominal", "event": "NewPoint", "EventSource": "Simulation Monitor", "HistoryName": "ExplorerRun.0", "logFile": "/nethome/jchen3014/ECE6130_Updated/ECE6130_LAB/Cadence/logs_jchen3014/logs0/Job36.log", "logFileSize": "54074", "category": "simulation"}
[2024-10-25 20:17:31.919 -0400] [EVENT] [cadence.virtuoso.ade.simulationMonitor] - NewPoint {"history": "ExplorerRun.0", "point": 6, "testname": "Tutorial_myInverter_1", "cornername": "Nominal", "event": "NewPoint", "EventSource": "spectre", "HistoryName": "ExplorerRun.0", "logFile": "/nethome/jchen3014/simulation/Tutorial/myInverter/maestro/results/maestro/ExplorerRun.0/6/Tutorial_myInverter_1/psf/spectre.out", "logFileSize": "-1", "category": "simulation"}
[2024-10-25 20:17:32.288 -0400] [PROCESS] [cadence.virtuoso.ade.simulationMonitor] - Simulator launched {"hostname": "ece-linlabsrv01.ece.gatech.edu", "processid": 3485851, "history": "ExplorerRun.0", "testname": "Tutorial_myInverter_1", "cornername": "Nominal", "point": 6, "logfile": "/nethome/jchen3014/ECE6130_Updated/ECE6130_LAB/Cadence/logs_jchen3014/logs0/Job36.log", "simid": "6", "event": "launch", "category": "simulation"}
[2024-10-25 20:17:32.889 -0400] [PROCESS] [cadence.virtuoso.ade.simulationMonitor] - Started Simulation {"hostname": "ece-linlabsrv01.ece.gatech.edu", "processid": 3485851, "history": "ExplorerRun.0", "testname": "Tutorial_myInverter_1", "cornername": "Nominal", "point": 6, "logfile": "/nethome/jchen3014/ECE6130_Updated/ECE6130_LAB/Cadence/logs_jchen3014/logs0/Job36.log", "event": "start", "category": "simulation"}
[2024-10-25 20:17:33.890 -0400] [INFO] [cadence.virtuoso.ade.simulationMonitor] - Peak resident memory used = 166 Mbytes. {"history": "ExplorerRun.0", "point": 6, "testname": "Tutorial_myInverter_1", "cornername": "Nominal"}
[2024-10-25 20:17:33.890 -0400] [INFO] [cadence.virtuoso.ade.simulationMonitor] - Peak resident memory used = 174 Mbytes. {"history": "ExplorerRun.0", "point": 6, "testname": "Tutorial_myInverter_1", "cornername": "Nominal"}
[2024-10-25 20:17:33.890 -0400] [INFO] [cadence.virtuoso.ade.simulationMonitor] - Notice from spectre during hierarchy flattening.
    The value 'psf' specified for the 'checklimitdest' option will no longer be supported in future releases. Use 'spectre -h' to see other recommended values for the 'checklimitdest' option. {"history": "ExplorerRun.0", "point": 6, "testname": "Tutorial_myInverter_1", "cornername": "Nominal"}
[2024-10-25 20:17:33.890 -0400] [INFO] [cadence.virtuoso.ade.simulationMonitor] - Peak resident memory used = 174 Mbytes. {"history": "ExplorerRun.0", "point": 6, "testname": "Tutorial_myInverter_1", "cornername": "Nominal"}
[2024-10-25 20:17:33.890 -0400] [INFO] [cadence.virtuoso.ade.simulationMonitor] - Notice from spectre during initial setup.
    Multithreading is disabled due to the size of the design being too small. {"history": "ExplorerRun.0", "point": 6, "testname": "Tutorial_myInverter_1", "cornername": "Nominal"}
[2024-10-25 20:17:33.894 -0400] [INFO] [cadence.virtuoso.ade.simulationMonitor] -               nodes 3 {"history": "ExplorerRun.0", "point": 6, "testname": "Tutorial_myInverter_1", "cornername": "Nominal"}
[2024-10-25 20:17:33.894 -0400] [INFO] [cadence.virtuoso.ade.simulationMonitor] - Notice from spectre during initial setup.
    Protected devices exist and are not included in the circuit inventory.
    APS enabled. {"history": "ExplorerRun.0", "point": 6, "testname": "Tutorial_myInverter_1", "cornername": "Nominal"}
[2024-10-25 20:17:33.894 -0400] [INFO] [cadence.virtuoso.ade.simulationMonitor] - Peak resident memory used = 176 Mbytes. {"history": "ExplorerRun.0", "point": 6, "testname": "Tutorial_myInverter_1", "cornername": "Nominal"}
[2024-10-25 20:17:33.895 -0400] [INFO] [cadence.virtuoso.ade.simulationMonitor] -    -   (APS) Multi-threading. The recommended number of threads is 1, consider adding +mt=1 on command line. {"history": "ExplorerRun.0", "point": 6, "testname": "Tutorial_myInverter_1", "cornername": "Nominal"}
[2024-10-25 20:17:33.895 -0400] [INFO] [cadence.virtuoso.ade.simulationMonitor] - Notice from spectre during transient analysis `tran'.
    Multithreading is disabled due to the size of the design being too small. {"history": "ExplorerRun.0", "point": 6, "testname": "Tutorial_myInverter_1", "cornername": "Nominal"}
[2024-10-25 20:17:33.896 -0400] [INFO] [cadence.virtuoso.ade.simulationMonitor] - Intrinsic tran analysis time:    CPU = 25.534 ms, elapsed = 34.8721 ms. {"history": "ExplorerRun.0", "point": 6, "testname": "Tutorial_myInverter_1", "cornername": "Nominal"}
[2024-10-25 20:17:33.896 -0400] [INFO] [cadence.virtuoso.ade.simulationMonitor] - Total time required for tran analysis `tran': CPU = 27.677 ms, elapsed = 38.691 ms, util. = 71.5%. {"history": "ExplorerRun.0", "point": 6, "testname": "Tutorial_myInverter_1", "cornername": "Nominal"}
[2024-10-25 20:17:33.896 -0400] [INFO] [cadence.virtuoso.ade.simulationMonitor] - Peak resident memory used = 185 Mbytes. {"history": "ExplorerRun.0", "point": 6, "testname": "Tutorial_myInverter_1", "cornername": "Nominal"}
[2024-10-25 20:17:33.897 -0400] [INFO] [cadence.virtuoso.ade.simulationMonitor] - Time used: CPU = 399 ms, elapsed = 554 ms, util. = 72.1%. {"history": "ExplorerRun.0", "point": 6, "testname": "Tutorial_myInverter_1", "cornername": "Nominal"}
[2024-10-25 20:17:33.898 -0400] [INFO] [cadence.virtuoso.ade.simulationMonitor] - Time spent in licensing: elapsed = 52.3 ms, percentage of total = 9.44%. {"history": "ExplorerRun.0", "point": 6, "testname": "Tutorial_myInverter_1", "cornername": "Nominal"}
[2024-10-25 20:17:33.898 -0400] [INFO] [cadence.virtuoso.ade.simulationMonitor] - Peak memory used = 186 Mbytes. {"history": "ExplorerRun.0", "point": 6, "testname": "Tutorial_myInverter_1", "cornername": "Nominal"}
[2024-10-25 20:17:33.901 -0400] [PROCESS] [cadence.virtuoso.ade.simulationMonitor] - Simulation started at: 8:17:32 PM, Fri Oct 25, 2024, ended at: 8:17:33 PM, Fri Oct 25, 2024, with elapsed time (wall clock): 554 ms. {"history": "ExplorerRun.0", "point": 6, "testname": "Tutorial_myInverter_1", "cornername": "Nominal"}
[2024-10-25 20:17:33.901 -0400] [PROCESS] [cadence.virtuoso.ade.simulationMonitor] - spectre completes with 0 errors, 0 warnings, and 6 notices. {"history": "ExplorerRun.0", "point": 6, "testname": "Tutorial_myInverter_1", "cornername": "Nominal"}
[2024-10-25 20:17:33.901 -0400] [PROCESS] [cadence.virtuoso.ade.simulationMonitor] - Finished simulating for one point {"hostname": "ece-linlabsrv01.ece.gatech.edu", "processid": 3485851, "history": "ExplorerRun.0", "testname": "Tutorial_myInverter_1", "cornername": "Nominal", "point": 6, "logfile": "/nethome/jchen3014/ECE6130_Updated/ECE6130_LAB/Cadence/logs_jchen3014/logs0/Job36.log", "simid": "6", "event": "finish", "category": "simulation"}
[2024-10-25 20:17:33.901 -0400] [PROCESS] [cadence.virtuoso.ade.simulationMonitor] - Simulator exited {"hostname": "ece-linlabsrv01.ece.gatech.edu", "processid": 3485851, "history": "ExplorerRun.0", "testname": "Tutorial_myInverter_1", "cornername": "Nominal", "point": 6, "logfile": "/nethome/jchen3014/ECE6130_Updated/ECE6130_LAB/Cadence/logs_jchen3014/logs0/Job36.log", "exitStatus": "0"}
[2024-10-25 20:17:33.901 -0400] [PROCESS] [cadence.virtuoso.ade.simulationMonitor] - Finished Simulation {"hostname": "ece-linlabsrv01.ece.gatech.edu", "processid": 3485851, "history": "ExplorerRun.0", "testname": "Tutorial_myInverter_1", "cornername": "Nominal", "point": 6, "logfile": "/nethome/jchen3014/ECE6130_Updated/ECE6130_LAB/Cadence/logs_jchen3014/logs0/Job36.log", "simid": "6", "event": "finish", "category": "obsolete"}
[2024-10-25 20:17:34.904 -0400] [PROCESS] [cadence.virtuoso.ade.simulationMonitor] - Point Finished {"hostname": "ece-linlabsrv01.ece.gatech.edu", "processid": 3485851, "history": "ExplorerRun.0", "testname": "Tutorial_myInverter_1", "cornername": "Nominal", "point": 6, "logfile": "/nethome/jchen3014/ECE6130_Updated/ECE6130_LAB/Cadence/logs_jchen3014/logs0/Job36.log", "event": "finish", "category": "sim-eval"}
[2024-10-25 20:17:35.905 -0400] [PROCESS] [cadence.virtuoso.ade.simulationMonitor] - Stay with the runId '0', Linger time '300', currentRunSyn '1', currentTestSyn '2' {"hostname": "ece-linlabsrv01.ece.gatech.edu", "processid": 3485851, "history": "ExplorerRun.0", "testname": "Tutorial_myInverter_1", "cornername": "Nominal", "point": 6, "logfile": "/nethome/jchen3014/ECE6130_Updated/ECE6130_LAB/Cadence/logs_jchen3014/logs0/Job36.log"}
[2024-10-25 20:17:36.907 -0400] [PROCESS] [cadence.virtuoso.ade.simulationMonitor] - Stay with the runId '0', Linger time '300', currentRunSyn '1', currentTestSyn '2' {"hostname": "ece-linlabsrv01.ece.gatech.edu", "processid": 3485851, "history": "ExplorerRun.0", "testname": "Tutorial_myInverter_1", "cornername": "Nominal", "point": 6, "logfile": "/nethome/jchen3014/ECE6130_Updated/ECE6130_LAB/Cadence/logs_jchen3014/logs0/Job36.log"}
[2024-10-25 20:22:35.774 -0400] [PROCESS] [cadence.virtuoso.ade.simulationMonitor] - Current memory used: 80.7070 MBytes, peak memory used: 80.7070 MBytes {"hostname": "ece-linlabsrv01.ece.gatech.edu", "processid": 3485851, "history": "ExplorerRun.0", "testname": "Tutorial_myInverter_1", "cornername": "Nominal", "point": 6, "logfile": "/nethome/jchen3014/ECE6130_Updated/ECE6130_LAB/Cadence/logs_jchen3014/logs0/Job36.log"}
[2024-10-25 20:22:35.774 -0400] [PROCESS] [cadence.virtuoso.ade.simulationMonitor] - Simulation Monitor process exits. {"hostname": "ece-linlabsrv01.ece.gatech.edu", "processid": 3485851, "history": "ExplorerRun.0", "testname": "Tutorial_myInverter_1", "cornername": "Nominal", "point": 6, "logfile": "/nethome/jchen3014/ECE6130_Updated/ECE6130_LAB/Cadence/logs_jchen3014/logs0/Job36.log"}
