[Simulation Monitor: 3]
[2024-10-25 13:20:05.736 -0400] [PROCESS] [cadence.virtuoso.ade.simulationMonitor] - Started the simulation monitor process {"hostname": "ece-linlabsrv01.ece.gatech.edu", "processid": 2935484, "logfile": "/nethome/jchen3014/ECE6130_Updated/ECE6130_LAB/Cadence/logs_jchen3014/logs0/Job3.log", "simulation monitor command line": "/tools/software/cadence/ic/23.10.080/tools.lnx86/dfII/bin/64bit/spectreMonitor --davinciService DaVinciService_2623637_1729875955 --axlsession fnxSession0 -lscs 000175E1894CBE06FF0966E38F1FFC06BC4D60B5D54DCC37D27E6FA78410926AD02470F28B50992BD92E69ED90048F74DD2F32AE9C019928D92E01F85C5B2F42DB5600001DDA -beanhost ece-linlabsrv01.ece.gatech.edu -beanport 11479 -beanLogFile /nethome/jchen3014/ECE6130_Updated/ECE6130_LAB/Cadence/logs_jchen3014/logs0/amps_Job3.log -beanbinlog  --domain 0 --interactive yes --netlistOpt no --useMultiPointEvaluation yes --exprEvalShowJobStderr yes --evalSimParallel no --maxSims 0 --historyName ExplorerRun.0 --historyUUID  --exprEvaluator vds --mcMapping mc1.mapping --checkLogStatusInterval 0 --checkSimulatorLogTimeout 1200 --exprEvalMaxTries 3 --maxNFSSyncWait 60 -adeBrokerAddress ece-linlabsrv01.ece.gatech.edu:37135 --fromADE true --virtuosoBinary virtuoso --guiDisplay ece-linlabsrv01.ece.gatech.edu:233 --globalStatus 60 --evaluateMultiMC yes --evalOnSimFail SkipFailedAnalyses --numRetriesOnError 1 --fenixMode explorer --lingertimeout 300 -ahdlLockTimeout 60 --sdbLib Tutorial --sdbCell myInverter --sdbView maestro --heartBeatFileDir /dev/shm --id 3 --uuid 463c1f2f-9e81-4135-ad50-cf34da833505 --log /nethome/jchen3014/ECE6130_Updated/ECE6130_LAB/Cadence/logs_jchen3014/logs0/Job3.log "}
[2024-10-25 13:20:05.737 -0400] [PROCESS] [cadence.virtuoso.ade.simulationMonitor] - Started the simulation monitor process {"hostname": "ece-linlabsrv01.ece.gatech.edu", "processid": 2935484, "logfile": "/nethome/jchen3014/ECE6130_Updated/ECE6130_LAB/Cadence/logs_jchen3014/logs0/Job3.log", "current directory": "/nethome/jchen3014/ECE6130_Updated/ECE6130_LAB/Cadence"}
[2024-10-25 13:20:05.737 -0400] [PROCESS] [cadence.virtuoso.ade.simulationMonitor] - Simulation Monitor has successfully started up. Trying to set up communication channels to other components ... {"hostname": "ece-linlabsrv01.ece.gatech.edu", "processid": 2935484, "logfile": "/nethome/jchen3014/ECE6130_Updated/ECE6130_LAB/Cadence/logs_jchen3014/logs0/Job3.log"}
[2024-10-25 13:20:05.766 -0400] [PROCESS] [cadence.virtuoso.ade.simulationMonitor] - Communication channels have been successfully set up. Start processing events ... {"hostname": "ece-linlabsrv01.ece.gatech.edu", "processid": 2935484, "logfile": "/nethome/jchen3014/ECE6130_Updated/ECE6130_LAB/Cadence/logs_jchen3014/logs0/Job3.log"}
[2024-10-25 13:20:05.766 -0400] [PROCESS] [cadence.virtuoso.ade.simulationMonitor] - Considering to start history {"hostname": "ece-linlabsrv01.ece.gatech.edu", "processid": 2935484, "history": "ExplorerRun.0", "logfile": "/nethome/jchen3014/ECE6130_Updated/ECE6130_LAB/Cadence/logs_jchen3014/logs0/Job3.log"}
[2024-10-25 13:20:05.780 -0400] [PROCESS] [cadence.virtuoso.ade.simulationMonitor] - HostInfo:
Host name (type):	ece-linlabsrv01.ece.gatech.edu (x86_64)
Operating system:	Linux 4.18.0-553.22.1.el8_10.x86_64 #1 SMP Wed Sep 11 18:02:00 EDT 2024 {"hostname": "ece-linlabsrv01.ece.gatech.edu", "processid": 2935484, "history": "ExplorerRun.0", "logfile": "/nethome/jchen3014/ECE6130_Updated/ECE6130_LAB/Cadence/logs_jchen3014/logs0/Job3.log", "nodename": "ece-linlabsrv01.ece.gatech.edu", "domainname": "(none)", "machine": "x86_64", "sysname": "Linux", "release": "4.18.0-553.22.1.el8_10.x86_64", "version": "#1 SMP Wed Sep 11 18:02:00 EDT 2024"}
[2024-10-25 13:20:05.780 -0400] [PROCESS] [cadence.virtuoso.ade.simulationMonitor] - UsageInfo:
pid=2935484
totalPhysicalMemory=186.850800GB,Used=139.626553GB,totalVirtualMemory=250.850796GB,Used=143.006535GB
Cpu: Cores=112, Load average:119.400000,119.720000,97.310000 {"hostname": "ece-linlabsrv01.ece.gatech.edu", "processid": 2935484, "history": "ExplorerRun.0", "logfile": "/nethome/jchen3014/ECE6130_Updated/ECE6130_LAB/Cadence/logs_jchen3014/logs0/Job3.log", "pid": "2935484", "totalPhysicalMemory": "186.850800", "physicalMemoryUsed": "139.626553", "totalVirtualMemory": "250.850796", "virtualMemoryUsed": "143.006535", "cpuCores": "112", "processes": "9186", "loadAverage1": "119.400000", "loadAverage5": "119.720000", "loadAverage15": "97.310000", "loadAverage1Percent": "1.066071"}
[2024-10-25 13:20:05.837 -0400] [EVENT] [cadence.virtuoso.ade.simulationMonitor] - NewPoint {"history": "ExplorerRun.0", "point": 1, "testname": "Tutorial_myInverter_1", "cornername": "Nominal", "event": "NewPoint", "EventSource": "Simulation Monitor", "HistoryName": "ExplorerRun.0", "logFile": "/nethome/jchen3014/ECE6130_Updated/ECE6130_LAB/Cadence/logs_jchen3014/logs0/Job3.log", "logFileSize": "4500", "category": "simulation"}
[2024-10-25 13:20:06.143 -0400] [EVENT] [cadence.virtuoso.ade.simulationMonitor] - NewPoint {"history": "ExplorerRun.0", "point": 1, "testname": "Tutorial_myInverter_1", "cornername": "Nominal", "event": "NewPoint", "EventSource": "spectre", "HistoryName": "ExplorerRun.0", "logFile": "/nethome/jchen3014/simulation/Tutorial/myInverter/maestro/results/maestro/ExplorerRun.0/1/Tutorial_myInverter_1/psf/spectre.out", "logFileSize": "-1", "category": "simulation"}
[2024-10-25 13:20:07.347 -0400] [PROCESS] [cadence.virtuoso.ade.simulationMonitor] - Simulator launched {"hostname": "ece-linlabsrv01.ece.gatech.edu", "processid": 2935484, "history": "ExplorerRun.0", "testname": "Tutorial_myInverter_1", "cornername": "Nominal", "point": 1, "logfile": "/nethome/jchen3014/ECE6130_Updated/ECE6130_LAB/Cadence/logs_jchen3014/logs0/Job3.log", "simid": "1", "event": "launch", "category": "simulation"}
[2024-10-25 13:20:07.362 -0400] [PROCESS] [cadence.virtuoso.ade.simulationMonitor] - Expression evaluator launched {"hostname": "ece-linlabsrv01.ece.gatech.edu", "processid": 2935484, "history": "ExplorerRun.0", "testname": "Tutorial_myInverter_1", "cornername": "Nominal", "point": 1, "logfile": "/nethome/jchen3014/ECE6130_Updated/ECE6130_LAB/Cadence/logs_jchen3014/logs0/Job3.log"}
[2024-10-25 13:20:08.387 -0400] [PROCESS] [cadence.virtuoso.ade.simulationMonitor] - Started Simulation {"hostname": "ece-linlabsrv01.ece.gatech.edu", "processid": 2935484, "history": "ExplorerRun.0", "testname": "Tutorial_myInverter_1", "cornername": "Nominal", "point": 1, "logfile": "/nethome/jchen3014/ECE6130_Updated/ECE6130_LAB/Cadence/logs_jchen3014/logs0/Job3.log", "event": "start", "category": "simulation"}
[2024-10-25 13:20:09.890 -0400] [INFO] [cadence.virtuoso.ade.simulationMonitor] - Peak resident memory used = 166 Mbytes. {"history": "ExplorerRun.0", "point": 1, "testname": "Tutorial_myInverter_1", "cornername": "Nominal"}
[2024-10-25 13:20:09.890 -0400] [INFO] [cadence.virtuoso.ade.simulationMonitor] - Peak resident memory used = 174 Mbytes. {"history": "ExplorerRun.0", "point": 1, "testname": "Tutorial_myInverter_1", "cornername": "Nominal"}
[2024-10-25 13:20:09.890 -0400] [INFO] [cadence.virtuoso.ade.simulationMonitor] - Notice from spectre during hierarchy flattening.
    The value 'psf' specified for the 'checklimitdest' option will no longer be supported in future releases. Use 'spectre -h' to see other recommended values for the 'checklimitdest' option. {"history": "ExplorerRun.0", "point": 1, "testname": "Tutorial_myInverter_1", "cornername": "Nominal"}
[2024-10-25 13:20:09.890 -0400] [INFO] [cadence.virtuoso.ade.simulationMonitor] - Peak resident memory used = 174 Mbytes. {"history": "ExplorerRun.0", "point": 1, "testname": "Tutorial_myInverter_1", "cornername": "Nominal"}
[2024-10-25 13:20:09.890 -0400] [INFO] [cadence.virtuoso.ade.simulationMonitor] - Notice from spectre during topology check.
    No connections to node `0'.
    No DC path from node `M0:int_g' to ground, Gmin installed to provide path. {"history": "ExplorerRun.0", "point": 1, "testname": "Tutorial_myInverter_1", "cornername": "Nominal"}
[2024-10-25 13:20:09.890 -0400] [INFO] [cadence.virtuoso.ade.simulationMonitor] - Notice from spectre during initial setup.
    Multithreading is disabled due to the size of the design being too small. {"history": "ExplorerRun.0", "point": 1, "testname": "Tutorial_myInverter_1", "cornername": "Nominal"}
[2024-10-25 13:20:09.964 -0400] [INFO] [cadence.virtuoso.ade.simulationMonitor] -               nodes 4 {"history": "ExplorerRun.0", "point": 1, "testname": "Tutorial_myInverter_1", "cornername": "Nominal"}
[2024-10-25 13:20:09.964 -0400] [INFO] [cadence.virtuoso.ade.simulationMonitor] - Notice from spectre during initial setup.
    Protected devices exist and are not included in the circuit inventory.
    APS enabled. {"history": "ExplorerRun.0", "point": 1, "testname": "Tutorial_myInverter_1", "cornername": "Nominal"}
[2024-10-25 13:20:09.964 -0400] [INFO] [cadence.virtuoso.ade.simulationMonitor] - Peak resident memory used = 177 Mbytes. {"history": "ExplorerRun.0", "point": 1, "testname": "Tutorial_myInverter_1", "cornername": "Nominal"}
[2024-10-25 13:20:09.965 -0400] [INFO] [cadence.virtuoso.ade.simulationMonitor] -    -   (APS) Multi-threading. The recommended number of threads is 1, consider adding +mt=1 on command line. {"history": "ExplorerRun.0", "point": 1, "testname": "Tutorial_myInverter_1", "cornername": "Nominal"}
[2024-10-25 13:20:09.965 -0400] [WARN] [cadence.virtuoso.ade.simulationMonitor] -     WARNING (SPECTRE-470): No ground node was found in the netlist. To continue with this simulation, Spectre will add a gmin. If you want to use a specific ground node, define that as the first entry in the Spectre global statement and rerun the simulation. {"history": "ExplorerRun.0", "point": 1, "testname": "Tutorial_myInverter_1", "cornername": "Nominal"}
[2024-10-25 13:20:09.965 -0400] [INFO] [cadence.virtuoso.ade.simulationMonitor] - Notice from spectre during transient analysis `tran'.
    Multithreading is disabled due to the size of the design being too small. {"history": "ExplorerRun.0", "point": 1, "testname": "Tutorial_myInverter_1", "cornername": "Nominal"}
[2024-10-25 13:20:09.965 -0400] [INFO] [cadence.virtuoso.ade.simulationMonitor] - Notice from spectre at time = 488.281 as during transient analysis `tran'.
    Newton iteration fails to converge at time = 488.281 as step = 40e-24 s.
        Disaster recovery algorithm is enabled to search for a converged solution. {"history": "ExplorerRun.0", "point": 1, "testname": "Tutorial_myInverter_1", "cornername": "Nominal"}
[2024-10-25 13:20:09.965 -0400] [INFO] [cadence.virtuoso.ade.simulationMonitor] - Notice from spectre at time = 1.46484 fs during transient analysis `tran'.
    Newton iteration fails to converge at time = 1.46484 fs step = 40e-24 s.
        Disaster recovery algorithm is enabled to search for a converged solution. {"history": "ExplorerRun.0", "point": 1, "testname": "Tutorial_myInverter_1", "cornername": "Nominal"}
[2024-10-25 13:20:09.965 -0400] [INFO] [cadence.virtuoso.ade.simulationMonitor] - Notice from spectre at time = 1.58387 fs during transient analysis `tran'.
    Newton iteration fails to converge at time = 1.58387 fs step = 40e-24 s.
        Disaster recovery algorithm is enabled to search for a converged solution. {"history": "ExplorerRun.0", "point": 1, "testname": "Tutorial_myInverter_1", "cornername": "Nominal"}
[2024-10-25 13:20:10.465 -0400] [INFO] [cadence.virtuoso.ade.simulationMonitor] - Notice from spectre at time = 2.05088 fs during transient analysis `tran'.
    Newton iteration fails to converge at time = 2.05088 fs step = 40e-24 s.
        Disaster recovery algorithm is enabled to search for a converged solution. {"history": "ExplorerRun.0", "point": 1, "testname": "Tutorial_myInverter_1", "cornername": "Nominal"}
[2024-10-25 13:20:10.466 -0400] [INFO] [cadence.virtuoso.ade.simulationMonitor] - Notice from spectre at time = 2.05088 fs during transient analysis `tran'.
    Newton iteration fails to converge at time = 2.05088 fs step = 40e-24 s.
        Disaster recovery algorithm is enabled to search for a converged solution.
        Further occurrences of this notice will be suppressed. {"history": "ExplorerRun.0", "point": 1, "testname": "Tutorial_myInverter_1", "cornername": "Nominal"}
[2024-10-25 13:20:10.466 -0400] [WARN] [cadence.virtuoso.ade.simulationMonitor] -     WARNING (SPECTRE-16191): Minimum time step used.  Solution might be in error. {"history": "ExplorerRun.0", "point": 1, "testname": "Tutorial_myInverter_1", "cornername": "Nominal"}
[2024-10-25 13:20:10.466 -0400] [WARN] [cadence.virtuoso.ade.simulationMonitor] -     WARNING (SPECTRE-16191): Minimum time step used.  Solution might be in error. {"history": "ExplorerRun.0", "point": 1, "testname": "Tutorial_myInverter_1", "cornername": "Nominal"}
[2024-10-25 13:20:10.466 -0400] [WARN] [cadence.virtuoso.ade.simulationMonitor] -     WARNING (SPECTRE-16191): Minimum time step used.  Solution might be in error. {"history": "ExplorerRun.0", "point": 1, "testname": "Tutorial_myInverter_1", "cornername": "Nominal"}
[2024-10-25 13:20:10.967 -0400] [WARN] [cadence.virtuoso.ade.simulationMonitor] -     WARNING (SPECTRE-16191): Minimum time step used.  Solution might be in error. {"history": "ExplorerRun.0", "point": 1, "testname": "Tutorial_myInverter_1", "cornername": "Nominal"}
[2024-10-25 13:20:10.967 -0400] [WARN] [cadence.virtuoso.ade.simulationMonitor] -     WARNING (SPECTRE-16191): Minimum time step used.  Solution might be in error.
        Further occurrences of this warning will be suppressed. {"history": "ExplorerRun.0", "point": 1, "testname": "Tutorial_myInverter_1", "cornername": "Nominal"}
[2024-10-25 13:20:12.469 -0400] [ERROR] [cadence.virtuoso.ade.simulationMonitor] -     ERROR (SPECTRE-16927): Cannot run the simulation because transient analysis has reached the maximum allowed number of timesteps with timestep size of 'minstep', in a period of 5% of stop time. Use the 'max_minstep_nonconv' option to adjust the maximum allowed number of convergence failures with 'minstep', and rerun the simulation. {"history": "ExplorerRun.0", "point": 1, "testname": "Tutorial_myInverter_1", "cornername": "Nominal"}
[2024-10-25 13:20:12.499 -0400] [ERROR] [cadence.virtuoso.ade.simulationMonitor] - Analysis `tran' was terminated prematurely due to an error. {"history": "ExplorerRun.0", "point": 1, "testname": "Tutorial_myInverter_1", "cornername": "Nominal"}
[2024-10-25 13:20:12.520 -0400] [INFO] [cadence.virtuoso.ade.simulationMonitor] - Notice from spectre.
    195 notices suppressed.
    1 warning suppressed. {"history": "ExplorerRun.0", "point": 1, "testname": "Tutorial_myInverter_1", "cornername": "Nominal"}
[2024-10-25 13:20:13.023 -0400] [INFO] [cadence.virtuoso.ade.simulationMonitor] - Time used: CPU = 3 s, elapsed = 3.9 s, util. = 76.9%. {"history": "ExplorerRun.0", "point": 1, "testname": "Tutorial_myInverter_1", "cornername": "Nominal"}
[2024-10-25 13:20:13.023 -0400] [INFO] [cadence.virtuoso.ade.simulationMonitor] - Time spent in licensing: elapsed = 209 ms, percentage of total = 5.35%. {"history": "ExplorerRun.0", "point": 1, "testname": "Tutorial_myInverter_1", "cornername": "Nominal"}
[2024-10-25 13:20:13.024 -0400] [INFO] [cadence.virtuoso.ade.simulationMonitor] - Peak memory used = 187 Mbytes. {"history": "ExplorerRun.0", "point": 1, "testname": "Tutorial_myInverter_1", "cornername": "Nominal"}
[2024-10-25 13:20:13.026 -0400] [PROCESS] [cadence.virtuoso.ade.simulationMonitor] - Simulation started at: 1:20:08 PM, Fri Oct 25, 2024, ended at: 1:20:12 PM, Fri Oct 25, 2024, with elapsed time (wall clock): 3.9 s. {"history": "ExplorerRun.0", "point": 1, "testname": "Tutorial_myInverter_1", "cornername": "Nominal"}
[2024-10-25 13:20:13.026 -0400] [PROCESS] [cadence.virtuoso.ade.simulationMonitor] - spectre completes with 1 error, 6 warnings, and 15 notices. {"history": "ExplorerRun.0", "point": 1, "testname": "Tutorial_myInverter_1", "cornername": "Nominal"}
[2024-10-25 13:20:13.026 -0400] [PROCESS] [cadence.virtuoso.ade.simulationMonitor] - Finished simulating for one point {"hostname": "ece-linlabsrv01.ece.gatech.edu", "processid": 2935484, "history": "ExplorerRun.0", "testname": "Tutorial_myInverter_1", "cornername": "Nominal", "point": 1, "logfile": "/nethome/jchen3014/ECE6130_Updated/ECE6130_LAB/Cadence/logs_jchen3014/logs0/Job3.log", "simid": "1", "event": "finish", "category": "simulation"}
[2024-10-25 13:20:13.027 -0400] [ERROR] [cadence.virtuoso.ade.simulationMonitor] - While simulating run ExplorerRun.0, point 1, test Tutorial_myInverter_1, received error:
Simulation Error:
 The simulator process returned a non-zero exit code, indicating failure.
The simulator could have crashed or intentionally returned to indicate an error.
Check the simulator log file for more information.  Common causes:
1. Simulator may have crashed during exit even after reporting success in log file.
2. Abrupt automatic simulator termination (e.g., SIGKILL) because the simulator process has
   exc... {"history": "ExplorerRun.0", "point": 1, "testname": "Tutorial_myInverter_1", "cornername": "Nominal"}
[2024-10-25 13:20:13.027 -0400] [PROCESS] [cadence.virtuoso.ade.simulationMonitor] - Finished Simulation {"hostname": "ece-linlabsrv01.ece.gatech.edu", "processid": 2935484, "history": "ExplorerRun.0", "testname": "Tutorial_myInverter_1", "cornername": "Nominal", "point": 1, "logfile": "/nethome/jchen3014/ECE6130_Updated/ECE6130_LAB/Cadence/logs_jchen3014/logs0/Job3.log", "simid": "1", "event": "finish", "category": "obsolete"}
[2024-10-25 13:20:19.060 -0400] [PROCESS] [cadence.virtuoso.ade.simulationMonitor] - Point Finished {"hostname": "ece-linlabsrv01.ece.gatech.edu", "processid": 2935484, "history": "ExplorerRun.0", "testname": "Tutorial_myInverter_1", "cornername": "Nominal", "point": 1, "logfile": "/nethome/jchen3014/ECE6130_Updated/ECE6130_LAB/Cadence/logs_jchen3014/logs0/Job3.log", "event": "finish", "category": "sim-eval"}
[2024-10-25 13:20:20.113 -0400] [PROCESS] [cadence.virtuoso.ade.simulationMonitor] - Stay with the runId '2', Linger time '300', currentRunSyn '5', currentTestSyn '6' {"hostname": "ece-linlabsrv01.ece.gatech.edu", "processid": 2935484, "history": "ExplorerRun.0", "testname": "Tutorial_myInverter_1", "cornername": "Nominal", "point": 1, "logfile": "/nethome/jchen3014/ECE6130_Updated/ECE6130_LAB/Cadence/logs_jchen3014/logs0/Job3.log"}
[2024-10-25 13:21:17.971 -0400] [PROCESS] [cadence.virtuoso.ade.simulationMonitor] - get signal Terminated<15> from user:jchen3014, which pid:2935471:/tools/software/cadence/ic/latest/tools/bin/64bit/cdsServIpc {"hostname": "ece-linlabsrv01.ece.gatech.edu", "processid": 2935484, "history": "ExplorerRun.0", "testname": "Tutorial_myInverter_1", "cornername": "Nominal", "point": 1, "logfile": "/nethome/jchen3014/ECE6130_Updated/ECE6130_LAB/Cadence/logs_jchen3014/logs0/Job3.log", "signal": "15", "signalName": "Terminated", "which": "/tools/software/cadence/ic/latest/tools/bin/64bit/cdsServIpc", "pid": "2935471", "user": "jchen3014", "uid": "1159659"}
[2024-10-25 13:21:17.971 -0400] [INFO] [cadence.virtuoso.ade.simulationMonitor] - SimulationMonitor has terminated the  process '2936689', reason: 'simulationMonitor is handling signal 15' {"history": "ExplorerRun.0", "point": 1, "testname": "Tutorial_myInverter_1", "cornername": "Nominal"}
