[Simulation Monitor: 7]
[2024-10-25 13:41:10.301 -0400] [PROCESS] [cadence.virtuoso.ade.simulationMonitor] - Started the simulation monitor process {"hostname": "ece-linlabsrv01.ece.gatech.edu", "processid": 3322231, "logfile": "/nethome/jchen3014/ECE6130_Updated/ECE6130_LAB/Cadence/logs_jchen3014/logs0/Job7.log", "simulation monitor command line": "/tools/software/cadence/ic/23.10.080/tools.lnx86/dfII/bin/64bit/spectreMonitor --davinciService DaVinciService_2623637_1729875955 --axlsession fnxSession1 -lscs 000175E1894CBE06FF0966E38F1FFC06BC4D60B5D54DCC37D27E6FA78410926AD02470F28B50992BD92E69ED90048F74DD2F32AE9C019928D92E01F8572A2433DB5600001DB8 -beanhost ece-linlabsrv01.ece.gatech.edu -beanport 11479 -beanLogFile /nethome/jchen3014/ECE6130_Updated/ECE6130_LAB/Cadence/logs_jchen3014/logs0/amps_Job7.log -beanbinlog  --domain 0 --interactive yes --netlistOpt no --useMultiPointEvaluation yes --exprEvalShowJobStderr yes --evalSimParallel no --maxSims 0 --historyName ExplorerRun.0 --historyUUID  --exprEvaluator vds --mcMapping mc1.mapping --checkLogStatusInterval 0 --checkSimulatorLogTimeout 1200 --exprEvalMaxTries 3 --maxNFSSyncWait 60 -adeBrokerAddress ece-linlabsrv01.ece.gatech.edu:37135 --statdbType h5v2 --fromADE true --virtuosoBinary virtuoso --guiDisplay ece-linlabsrv01.ece.gatech.edu:233 --globalStatus 60 --evaluateMultiMC yes --evalOnSimFail SkipFailedAnalyses --numRetriesOnError 1 --fenixMode explorer --lingertimeout 300 -ahdlLockTimeout 60 --sdbLib Tutorial --sdbCell myTransmissionGate --sdbView maestro --heartBeatFileDir /dev/shm --id 7 --uuid ef1fb457-bb93-4291-8887-29161ad70b11 --log /nethome/jchen3014/ECE6130_Updated/ECE6130_LAB/Cadence/logs_jchen3014/logs0/Job7.log "}
[2024-10-25 13:41:10.302 -0400] [PROCESS] [cadence.virtuoso.ade.simulationMonitor] - Started the simulation monitor process {"hostname": "ece-linlabsrv01.ece.gatech.edu", "processid": 3322231, "logfile": "/nethome/jchen3014/ECE6130_Updated/ECE6130_LAB/Cadence/logs_jchen3014/logs0/Job7.log", "current directory": "/nethome/jchen3014/ECE6130_Updated/ECE6130_LAB/Cadence"}
[2024-10-25 13:41:10.302 -0400] [PROCESS] [cadence.virtuoso.ade.simulationMonitor] - Simulation Monitor has successfully started up. Trying to set up communication channels to other components ... {"hostname": "ece-linlabsrv01.ece.gatech.edu", "processid": 3322231, "logfile": "/nethome/jchen3014/ECE6130_Updated/ECE6130_LAB/Cadence/logs_jchen3014/logs0/Job7.log"}
[2024-10-25 13:41:10.306 -0400] [PROCESS] [cadence.virtuoso.ade.simulationMonitor] - Communication channels have been successfully set up. Start processing events ... {"hostname": "ece-linlabsrv01.ece.gatech.edu", "processid": 3322231, "logfile": "/nethome/jchen3014/ECE6130_Updated/ECE6130_LAB/Cadence/logs_jchen3014/logs0/Job7.log"}
[2024-10-25 13:41:10.306 -0400] [PROCESS] [cadence.virtuoso.ade.simulationMonitor] - Considering to start history {"hostname": "ece-linlabsrv01.ece.gatech.edu", "processid": 3322231, "history": "ExplorerRun.0", "logfile": "/nethome/jchen3014/ECE6130_Updated/ECE6130_LAB/Cadence/logs_jchen3014/logs0/Job7.log"}
[2024-10-25 13:41:10.310 -0400] [PROCESS] [cadence.virtuoso.ade.simulationMonitor] - HostInfo:
Host name (type):	ece-linlabsrv01.ece.gatech.edu (x86_64)
Operating system:	Linux 4.18.0-553.22.1.el8_10.x86_64 #1 SMP Wed Sep 11 18:02:00 EDT 2024 {"hostname": "ece-linlabsrv01.ece.gatech.edu", "processid": 3322231, "history": "ExplorerRun.0", "logfile": "/nethome/jchen3014/ECE6130_Updated/ECE6130_LAB/Cadence/logs_jchen3014/logs0/Job7.log", "nodename": "ece-linlabsrv01.ece.gatech.edu", "domainname": "(none)", "machine": "x86_64", "sysname": "Linux", "release": "4.18.0-553.22.1.el8_10.x86_64", "version": "#1 SMP Wed Sep 11 18:02:00 EDT 2024"}
[2024-10-25 13:41:10.310 -0400] [PROCESS] [cadence.virtuoso.ade.simulationMonitor] - UsageInfo:
pid=3322231
totalPhysicalMemory=186.850800GB,Used=141.471062GB,totalVirtualMemory=250.850796GB,Used=144.851044GB
Cpu: Cores=112, Load average:80.470000,98.650000,105.550000 {"hostname": "ece-linlabsrv01.ece.gatech.edu", "processid": 3322231, "history": "ExplorerRun.0", "logfile": "/nethome/jchen3014/ECE6130_Updated/ECE6130_LAB/Cadence/logs_jchen3014/logs0/Job7.log", "pid": "3322231", "totalPhysicalMemory": "186.850800", "physicalMemoryUsed": "141.471062", "totalVirtualMemory": "250.850796", "virtualMemoryUsed": "144.851044", "cpuCores": "112", "processes": "9169", "loadAverage1": "80.470000", "loadAverage5": "98.650000", "loadAverage15": "105.550000", "loadAverage1Percent": "0.718482"}
[2024-10-25 13:41:10.316 -0400] [EVENT] [cadence.virtuoso.ade.simulationMonitor] - NewPoint {"history": "ExplorerRun.0", "point": 1, "testname": "Tutorial_myTransmissionGate_1", "cornername": "Nominal", "event": "NewPoint", "EventSource": "Simulation Monitor", "HistoryName": "ExplorerRun.0", "logFile": "/nethome/jchen3014/ECE6130_Updated/ECE6130_LAB/Cadence/logs_jchen3014/logs0/Job7.log", "logFileSize": "4524", "category": "simulation"}
[2024-10-25 13:41:10.518 -0400] [EVENT] [cadence.virtuoso.ade.simulationMonitor] - NewPoint {"history": "ExplorerRun.0", "point": 1, "testname": "Tutorial_myTransmissionGate_1", "cornername": "Nominal", "event": "NewPoint", "EventSource": "spectre", "HistoryName": "ExplorerRun.0", "logFile": "/nethome/jchen3014/simulation/Tutorial/myTransmissionGate/maestro/results/maestro/ExplorerRun.0/1/Tutorial_myTransmissionGate_1/psf/spectre.out", "logFileSize": "-1", "category": "simulation"}
[2024-10-25 13:41:10.891 -0400] [PROCESS] [cadence.virtuoso.ade.simulationMonitor] - Simulator launched {"hostname": "ece-linlabsrv01.ece.gatech.edu", "processid": 3322231, "history": "ExplorerRun.0", "testname": "Tutorial_myTransmissionGate_1", "cornername": "Nominal", "point": 1, "logfile": "/nethome/jchen3014/ECE6130_Updated/ECE6130_LAB/Cadence/logs_jchen3014/logs0/Job7.log", "simid": "1", "event": "launch", "category": "simulation"}
[2024-10-25 13:41:10.897 -0400] [PROCESS] [cadence.virtuoso.ade.simulationMonitor] - Expression evaluator launched {"hostname": "ece-linlabsrv01.ece.gatech.edu", "processid": 3322231, "history": "ExplorerRun.0", "testname": "Tutorial_myTransmissionGate_1", "cornername": "Nominal", "point": 1, "logfile": "/nethome/jchen3014/ECE6130_Updated/ECE6130_LAB/Cadence/logs_jchen3014/logs0/Job7.log"}
[2024-10-25 13:41:11.747 -0400] [PROCESS] [cadence.virtuoso.ade.simulationMonitor] - Started Simulation {"hostname": "ece-linlabsrv01.ece.gatech.edu", "processid": 3322231, "history": "ExplorerRun.0", "testname": "Tutorial_myTransmissionGate_1", "cornername": "Nominal", "point": 1, "logfile": "/nethome/jchen3014/ECE6130_Updated/ECE6130_LAB/Cadence/logs_jchen3014/logs0/Job7.log", "event": "start", "category": "simulation"}
[2024-10-25 13:41:12.247 -0400] [INFO] [cadence.virtuoso.ade.simulationMonitor] - Peak resident memory used = 161 Mbytes. {"history": "ExplorerRun.0", "point": 1, "testname": "Tutorial_myTransmissionGate_1", "cornername": "Nominal"}
[2024-10-25 13:41:12.247 -0400] [INFO] [cadence.virtuoso.ade.simulationMonitor] - Peak resident memory used = 170 Mbytes. {"history": "ExplorerRun.0", "point": 1, "testname": "Tutorial_myTransmissionGate_1", "cornername": "Nominal"}
[2024-10-25 13:41:12.247 -0400] [INFO] [cadence.virtuoso.ade.simulationMonitor] - Notice from spectre during hierarchy flattening.
    The value 'psf' specified for the 'checklimitdest' option will no longer be supported in future releases. Use 'spectre -h' to see other recommended values for the 'checklimitdest' option. {"history": "ExplorerRun.0", "point": 1, "testname": "Tutorial_myTransmissionGate_1", "cornername": "Nominal"}
[2024-10-25 13:41:12.247 -0400] [INFO] [cadence.virtuoso.ade.simulationMonitor] - Peak resident memory used = 170 Mbytes. {"history": "ExplorerRun.0", "point": 1, "testname": "Tutorial_myTransmissionGate_1", "cornername": "Nominal"}
[2024-10-25 13:41:12.247 -0400] [INFO] [cadence.virtuoso.ade.simulationMonitor] - Notice from spectre during initial setup.
    Multithreading is disabled due to the size of the design being too small. {"history": "ExplorerRun.0", "point": 1, "testname": "Tutorial_myTransmissionGate_1", "cornername": "Nominal"}
[2024-10-25 13:41:12.333 -0400] [INFO] [cadence.virtuoso.ade.simulationMonitor] -               nodes 5 {"history": "ExplorerRun.0", "point": 1, "testname": "Tutorial_myTransmissionGate_1", "cornername": "Nominal"}
[2024-10-25 13:41:12.334 -0400] [INFO] [cadence.virtuoso.ade.simulationMonitor] - Notice from spectre during initial setup.
    Protected devices exist and are not included in the circuit inventory.
    APS enabled. {"history": "ExplorerRun.0", "point": 1, "testname": "Tutorial_myTransmissionGate_1", "cornername": "Nominal"}
[2024-10-25 13:41:12.334 -0400] [INFO] [cadence.virtuoso.ade.simulationMonitor] - Peak resident memory used = 175 Mbytes. {"history": "ExplorerRun.0", "point": 1, "testname": "Tutorial_myTransmissionGate_1", "cornername": "Nominal"}
[2024-10-25 13:41:12.335 -0400] [INFO] [cadence.virtuoso.ade.simulationMonitor] -    -   (APS) Multi-threading. The recommended number of threads is 1, consider adding +mt=1 on command line. {"history": "ExplorerRun.0", "point": 1, "testname": "Tutorial_myTransmissionGate_1", "cornername": "Nominal"}
[2024-10-25 13:41:12.335 -0400] [INFO] [cadence.virtuoso.ade.simulationMonitor] - Notice from spectre during IC analysis, during transient analysis `tran'.
    GminDC = 1 pS is large enough to noticeably affect the DC solution.
        dV(net4) = 286.621 uV
        Use the `gmin_check' option to eliminate or expand this report. {"history": "ExplorerRun.0", "point": 1, "testname": "Tutorial_myTransmissionGate_1", "cornername": "Nominal"}
[2024-10-25 13:41:12.836 -0400] [INFO] [cadence.virtuoso.ade.simulationMonitor] - Notice from spectre during transient analysis `tran'.
    Multithreading is disabled due to the size of the design being too small. {"history": "ExplorerRun.0", "point": 1, "testname": "Tutorial_myTransmissionGate_1", "cornername": "Nominal"}
[2024-10-25 13:41:12.837 -0400] [INFO] [cadence.virtuoso.ade.simulationMonitor] - Intrinsic tran analysis time:    CPU = 45.239 ms, elapsed = 179.599 ms. {"history": "ExplorerRun.0", "point": 1, "testname": "Tutorial_myTransmissionGate_1", "cornername": "Nominal"}
[2024-10-25 13:41:12.837 -0400] [INFO] [cadence.virtuoso.ade.simulationMonitor] - Total time required for tran analysis `tran': CPU = 49.397 ms, elapsed = 257.265 ms, util. = 19.2%. {"history": "ExplorerRun.0", "point": 1, "testname": "Tutorial_myTransmissionGate_1", "cornername": "Nominal"}
[2024-10-25 13:41:12.837 -0400] [INFO] [cadence.virtuoso.ade.simulationMonitor] - Peak resident memory used = 181 Mbytes. {"history": "ExplorerRun.0", "point": 1, "testname": "Tutorial_myTransmissionGate_1", "cornername": "Nominal"}
[2024-10-25 13:41:12.839 -0400] [INFO] [cadence.virtuoso.ade.simulationMonitor] - Time used: CPU = 623 ms, elapsed = 1.07 s, util. = 58.3%. {"history": "ExplorerRun.0", "point": 1, "testname": "Tutorial_myTransmissionGate_1", "cornername": "Nominal"}
[2024-10-25 13:41:12.839 -0400] [INFO] [cadence.virtuoso.ade.simulationMonitor] - Time spent in licensing: elapsed = 60.8 ms, percentage of total = 5.69%. {"history": "ExplorerRun.0", "point": 1, "testname": "Tutorial_myTransmissionGate_1", "cornername": "Nominal"}
[2024-10-25 13:41:12.840 -0400] [INFO] [cadence.virtuoso.ade.simulationMonitor] - Peak memory used = 182 Mbytes. {"history": "ExplorerRun.0", "point": 1, "testname": "Tutorial_myTransmissionGate_1", "cornername": "Nominal"}
[2024-10-25 13:41:12.842 -0400] [PROCESS] [cadence.virtuoso.ade.simulationMonitor] - Simulation started at: 1:41:11 PM, Fri Oct 25, 2024, ended at: 1:41:12 PM, Fri Oct 25, 2024, with elapsed time (wall clock): 1.07 s. {"history": "ExplorerRun.0", "point": 1, "testname": "Tutorial_myTransmissionGate_1", "cornername": "Nominal"}
[2024-10-25 13:41:12.842 -0400] [PROCESS] [cadence.virtuoso.ade.simulationMonitor] - spectre completes with 0 errors, 0 warnings, and 7 notices. {"history": "ExplorerRun.0", "point": 1, "testname": "Tutorial_myTransmissionGate_1", "cornername": "Nominal"}
[2024-10-25 13:41:12.842 -0400] [PROCESS] [cadence.virtuoso.ade.simulationMonitor] - Finished simulating for one point {"hostname": "ece-linlabsrv01.ece.gatech.edu", "processid": 3322231, "history": "ExplorerRun.0", "testname": "Tutorial_myTransmissionGate_1", "cornername": "Nominal", "point": 1, "logfile": "/nethome/jchen3014/ECE6130_Updated/ECE6130_LAB/Cadence/logs_jchen3014/logs0/Job7.log", "simid": "1", "event": "finish", "category": "simulation"}
[2024-10-25 13:41:12.843 -0400] [PROCESS] [cadence.virtuoso.ade.simulationMonitor] - Simulator exited {"hostname": "ece-linlabsrv01.ece.gatech.edu", "processid": 3322231, "history": "ExplorerRun.0", "testname": "Tutorial_myTransmissionGate_1", "cornername": "Nominal", "point": 1, "logfile": "/nethome/jchen3014/ECE6130_Updated/ECE6130_LAB/Cadence/logs_jchen3014/logs0/Job7.log", "exitStatus": "0"}
[2024-10-25 13:41:12.843 -0400] [PROCESS] [cadence.virtuoso.ade.simulationMonitor] - Finished Simulation {"hostname": "ece-linlabsrv01.ece.gatech.edu", "processid": 3322231, "history": "ExplorerRun.0", "testname": "Tutorial_myTransmissionGate_1", "cornername": "Nominal", "point": 1, "logfile": "/nethome/jchen3014/ECE6130_Updated/ECE6130_LAB/Cadence/logs_jchen3014/logs0/Job7.log", "simid": "1", "event": "finish", "category": "obsolete"}
[2024-10-25 13:41:19.848 -0400] [PROCESS] [cadence.virtuoso.ade.simulationMonitor] - Point Finished {"hostname": "ece-linlabsrv01.ece.gatech.edu", "processid": 3322231, "history": "ExplorerRun.0", "testname": "Tutorial_myTransmissionGate_1", "cornername": "Nominal", "point": 1, "logfile": "/nethome/jchen3014/ECE6130_Updated/ECE6130_LAB/Cadence/logs_jchen3014/logs0/Job7.log", "event": "finish", "category": "sim-eval"}
[2024-10-25 13:41:20.851 -0400] [PROCESS] [cadence.virtuoso.ade.simulationMonitor] - Stay with the runId '0', Linger time '300', currentRunSyn '1', currentTestSyn '2' {"hostname": "ece-linlabsrv01.ece.gatech.edu", "processid": 3322231, "history": "ExplorerRun.0", "testname": "Tutorial_myTransmissionGate_1", "cornername": "Nominal", "point": 1, "logfile": "/nethome/jchen3014/ECE6130_Updated/ECE6130_LAB/Cadence/logs_jchen3014/logs0/Job7.log"}
[2024-10-25 13:44:20.899 -0400] [INFO] [cadence.virtuoso.ade.simulationMonitor] - SimulationMonitor has terminated the vds process '3322411', reason: 'Force to stop the expression evalutor process because of new run' {"history": "ExplorerRun.0", "point": 1, "testname": "Tutorial_myTransmissionGate_1", "cornername": "Nominal"}
[2024-10-25 13:44:20.901 -0400] [PROCESS] [cadence.virtuoso.ade.simulationMonitor] - HostInfo:
Host name (type):	ece-linlabsrv01.ece.gatech.edu (x86_64)
Operating system:	Linux 4.18.0-553.22.1.el8_10.x86_64 #1 SMP Wed Sep 11 18:02:00 EDT 2024 {"hostname": "ece-linlabsrv01.ece.gatech.edu", "processid": 3322231, "history": "ExplorerRun.0", "testname": "Tutorial_myTransmissionGate_1", "cornername": "Nominal", "point": 1, "logfile": "/nethome/jchen3014/ECE6130_Updated/ECE6130_LAB/Cadence/logs_jchen3014/logs0/Job7.log", "nodename": "ece-linlabsrv01.ece.gatech.edu", "domainname": "(none)", "machine": "x86_64", "sysname": "Linux", "release": "4.18.0-553.22.1.el8_10.x86_64", "version": "#1 SMP Wed Sep 11 18:02:00 EDT 2024"}
[2024-10-25 13:44:20.901 -0400] [PROCESS] [cadence.virtuoso.ade.simulationMonitor] - UsageInfo:
pid=3322231
totalPhysicalMemory=186.850800GB,Used=142.304317GB,totalVirtualMemory=250.850796GB,Used=145.684299GB
Cpu: Cores=112, Load average:88.540000,94.490000,102.640000 {"hostname": "ece-linlabsrv01.ece.gatech.edu", "processid": 3322231, "history": "ExplorerRun.0", "testname": "Tutorial_myTransmissionGate_1", "cornername": "Nominal", "point": 1, "logfile": "/nethome/jchen3014/ECE6130_Updated/ECE6130_LAB/Cadence/logs_jchen3014/logs0/Job7.log", "pid": "3322231", "totalPhysicalMemory": "186.850800", "physicalMemoryUsed": "142.304317", "totalVirtualMemory": "250.850796", "virtualMemoryUsed": "145.684299", "cpuCores": "112", "processes": "9280", "loadAverage1": "88.540000", "loadAverage5": "94.490000", "loadAverage15": "102.640000", "loadAverage1Percent": "0.790536"}
[2024-10-25 13:44:20.906 -0400] [EVENT] [cadence.virtuoso.ade.simulationMonitor] - NewPoint {"history": "ExplorerRun.0", "point": 1, "testname": "Tutorial_myTransmissionGate_1", "cornername": "Nominal", "event": "NewPoint", "EventSource": "Simulation Monitor", "HistoryName": "ExplorerRun.0", "logFile": "/nethome/jchen3014/ECE6130_Updated/ECE6130_LAB/Cadence/logs_jchen3014/logs0/Job7.log", "logFileSize": "16206", "category": "simulation"}
[2024-10-25 13:44:21.109 -0400] [EVENT] [cadence.virtuoso.ade.simulationMonitor] - NewPoint {"history": "ExplorerRun.0", "point": 1, "testname": "Tutorial_myTransmissionGate_1", "cornername": "Nominal", "event": "NewPoint", "EventSource": "spectre", "HistoryName": "ExplorerRun.0", "logFile": "/nethome/jchen3014/simulation/Tutorial/myTransmissionGate/maestro/results/maestro/ExplorerRun.0/1/Tutorial_myTransmissionGate_1/psf/spectre.out", "logFileSize": "-1", "category": "simulation"}
[2024-10-25 13:44:21.595 -0400] [PROCESS] [cadence.virtuoso.ade.simulationMonitor] - Simulator launched {"hostname": "ece-linlabsrv01.ece.gatech.edu", "processid": 3322231, "history": "ExplorerRun.0", "testname": "Tutorial_myTransmissionGate_1", "cornername": "Nominal", "point": 1, "logfile": "/nethome/jchen3014/ECE6130_Updated/ECE6130_LAB/Cadence/logs_jchen3014/logs0/Job7.log", "simid": "2", "event": "launch", "category": "simulation"}
[2024-10-25 13:44:21.603 -0400] [PROCESS] [cadence.virtuoso.ade.simulationMonitor] - Expression evaluator launched {"hostname": "ece-linlabsrv01.ece.gatech.edu", "processid": 3322231, "history": "ExplorerRun.0", "testname": "Tutorial_myTransmissionGate_1", "cornername": "Nominal", "point": 1, "logfile": "/nethome/jchen3014/ECE6130_Updated/ECE6130_LAB/Cadence/logs_jchen3014/logs0/Job7.log"}
[2024-10-25 13:44:22.544 -0400] [PROCESS] [cadence.virtuoso.ade.simulationMonitor] - Started Simulation {"hostname": "ece-linlabsrv01.ece.gatech.edu", "processid": 3322231, "history": "ExplorerRun.0", "testname": "Tutorial_myTransmissionGate_1", "cornername": "Nominal", "point": 1, "logfile": "/nethome/jchen3014/ECE6130_Updated/ECE6130_LAB/Cadence/logs_jchen3014/logs0/Job7.log", "event": "start", "category": "simulation"}
[2024-10-25 13:44:23.044 -0400] [INFO] [cadence.virtuoso.ade.simulationMonitor] - Peak resident memory used = 163 Mbytes. {"history": "ExplorerRun.0", "point": 1, "testname": "Tutorial_myTransmissionGate_1", "cornername": "Nominal"}
[2024-10-25 13:44:23.045 -0400] [INFO] [cadence.virtuoso.ade.simulationMonitor] - Peak resident memory used = 172 Mbytes. {"history": "ExplorerRun.0", "point": 1, "testname": "Tutorial_myTransmissionGate_1", "cornername": "Nominal"}
[2024-10-25 13:44:23.045 -0400] [INFO] [cadence.virtuoso.ade.simulationMonitor] - Notice from spectre during hierarchy flattening.
    The value 'psf' specified for the 'checklimitdest' option will no longer be supported in future releases. Use 'spectre -h' to see other recommended values for the 'checklimitdest' option. {"history": "ExplorerRun.0", "point": 1, "testname": "Tutorial_myTransmissionGate_1", "cornername": "Nominal"}
[2024-10-25 13:44:23.045 -0400] [INFO] [cadence.virtuoso.ade.simulationMonitor] - Peak resident memory used = 172 Mbytes. {"history": "ExplorerRun.0", "point": 1, "testname": "Tutorial_myTransmissionGate_1", "cornername": "Nominal"}
[2024-10-25 13:44:23.045 -0400] [INFO] [cadence.virtuoso.ade.simulationMonitor] - Notice from spectre during initial setup.
    Multithreading is disabled due to the size of the design being too small. {"history": "ExplorerRun.0", "point": 1, "testname": "Tutorial_myTransmissionGate_1", "cornername": "Nominal"}
[2024-10-25 13:44:23.051 -0400] [INFO] [cadence.virtuoso.ade.simulationMonitor] -               nodes 5 {"history": "ExplorerRun.0", "point": 1, "testname": "Tutorial_myTransmissionGate_1", "cornername": "Nominal"}
[2024-10-25 13:44:23.051 -0400] [INFO] [cadence.virtuoso.ade.simulationMonitor] - Notice from spectre during initial setup.
    Protected devices exist and are not included in the circuit inventory.
    APS enabled. {"history": "ExplorerRun.0", "point": 1, "testname": "Tutorial_myTransmissionGate_1", "cornername": "Nominal"}
[2024-10-25 13:44:23.051 -0400] [INFO] [cadence.virtuoso.ade.simulationMonitor] - Peak resident memory used = 176 Mbytes. {"history": "ExplorerRun.0", "point": 1, "testname": "Tutorial_myTransmissionGate_1", "cornername": "Nominal"}
[2024-10-25 13:44:23.052 -0400] [INFO] [cadence.virtuoso.ade.simulationMonitor] -    -   (APS) Multi-threading. The recommended number of threads is 1, consider adding +mt=1 on command line. {"history": "ExplorerRun.0", "point": 1, "testname": "Tutorial_myTransmissionGate_1", "cornername": "Nominal"}
[2024-10-25 13:44:23.052 -0400] [INFO] [cadence.virtuoso.ade.simulationMonitor] - Notice from spectre during IC analysis, during transient analysis `tran'.
    GminDC = 1 pS is large enough to noticeably affect the DC solution.
        dV(net4) = 286.621 uV
        Use the `gmin_check' option to eliminate or expand this report. {"history": "ExplorerRun.0", "point": 1, "testname": "Tutorial_myTransmissionGate_1", "cornername": "Nominal"}
[2024-10-25 13:44:23.052 -0400] [INFO] [cadence.virtuoso.ade.simulationMonitor] - Notice from spectre during transient analysis `tran'.
    Multithreading is disabled due to the size of the design being too small. {"history": "ExplorerRun.0", "point": 1, "testname": "Tutorial_myTransmissionGate_1", "cornername": "Nominal"}
[2024-10-25 13:44:23.053 -0400] [INFO] [cadence.virtuoso.ade.simulationMonitor] - Intrinsic tran analysis time:    CPU = 53.41 ms, elapsed = 63.1201 ms. {"history": "ExplorerRun.0", "point": 1, "testname": "Tutorial_myTransmissionGate_1", "cornername": "Nominal"}
[2024-10-25 13:44:23.053 -0400] [INFO] [cadence.virtuoso.ade.simulationMonitor] - Total time required for tran analysis `tran': CPU = 57.051 ms, elapsed = 68.5761 ms, util. = 83.2%. {"history": "ExplorerRun.0", "point": 1, "testname": "Tutorial_myTransmissionGate_1", "cornername": "Nominal"}
[2024-10-25 13:44:23.054 -0400] [INFO] [cadence.virtuoso.ade.simulationMonitor] - Peak resident memory used = 183 Mbytes. {"history": "ExplorerRun.0", "point": 1, "testname": "Tutorial_myTransmissionGate_1", "cornername": "Nominal"}
[2024-10-25 13:44:23.055 -0400] [INFO] [cadence.virtuoso.ade.simulationMonitor] - Time used: CPU = 702 ms, elapsed = 686 ms, util. = 102%. {"history": "ExplorerRun.0", "point": 1, "testname": "Tutorial_myTransmissionGate_1", "cornername": "Nominal"}
[2024-10-25 13:44:23.055 -0400] [INFO] [cadence.virtuoso.ade.simulationMonitor] - Time spent in licensing: elapsed = 60.3 ms, percentage of total = 8.8%. {"history": "ExplorerRun.0", "point": 1, "testname": "Tutorial_myTransmissionGate_1", "cornername": "Nominal"}
[2024-10-25 13:44:23.056 -0400] [INFO] [cadence.virtuoso.ade.simulationMonitor] - Peak memory used = 184 Mbytes. {"history": "ExplorerRun.0", "point": 1, "testname": "Tutorial_myTransmissionGate_1", "cornername": "Nominal"}
[2024-10-25 13:44:23.059 -0400] [PROCESS] [cadence.virtuoso.ade.simulationMonitor] - Simulation started at: 1:44:22 PM, Fri Oct 25, 2024, ended at: 1:44:23 PM, Fri Oct 25, 2024, with elapsed time (wall clock): 686 ms. {"history": "ExplorerRun.0", "point": 1, "testname": "Tutorial_myTransmissionGate_1", "cornername": "Nominal"}
[2024-10-25 13:44:23.059 -0400] [PROCESS] [cadence.virtuoso.ade.simulationMonitor] - spectre completes with 0 errors, 0 warnings, and 7 notices. {"history": "ExplorerRun.0", "point": 1, "testname": "Tutorial_myTransmissionGate_1", "cornername": "Nominal"}
[2024-10-25 13:44:23.560 -0400] [PROCESS] [cadence.virtuoso.ade.simulationMonitor] - Finished simulating for one point {"hostname": "ece-linlabsrv01.ece.gatech.edu", "processid": 3322231, "history": "ExplorerRun.0", "testname": "Tutorial_myTransmissionGate_1", "cornername": "Nominal", "point": 1, "logfile": "/nethome/jchen3014/ECE6130_Updated/ECE6130_LAB/Cadence/logs_jchen3014/logs0/Job7.log", "simid": "2", "event": "finish", "category": "simulation"}
[2024-10-25 13:44:23.560 -0400] [PROCESS] [cadence.virtuoso.ade.simulationMonitor] - Simulator exited {"hostname": "ece-linlabsrv01.ece.gatech.edu", "processid": 3322231, "history": "ExplorerRun.0", "testname": "Tutorial_myTransmissionGate_1", "cornername": "Nominal", "point": 1, "logfile": "/nethome/jchen3014/ECE6130_Updated/ECE6130_LAB/Cadence/logs_jchen3014/logs0/Job7.log", "exitStatus": "0"}
[2024-10-25 13:44:23.560 -0400] [PROCESS] [cadence.virtuoso.ade.simulationMonitor] - Finished Simulation {"hostname": "ece-linlabsrv01.ece.gatech.edu", "processid": 3322231, "history": "ExplorerRun.0", "testname": "Tutorial_myTransmissionGate_1", "cornername": "Nominal", "point": 1, "logfile": "/nethome/jchen3014/ECE6130_Updated/ECE6130_LAB/Cadence/logs_jchen3014/logs0/Job7.log", "simid": "2", "event": "finish", "category": "obsolete"}
[2024-10-25 13:44:30.565 -0400] [PROCESS] [cadence.virtuoso.ade.simulationMonitor] - Point Finished {"hostname": "ece-linlabsrv01.ece.gatech.edu", "processid": 3322231, "history": "ExplorerRun.0", "testname": "Tutorial_myTransmissionGate_1", "cornername": "Nominal", "point": 1, "logfile": "/nethome/jchen3014/ECE6130_Updated/ECE6130_LAB/Cadence/logs_jchen3014/logs0/Job7.log", "event": "finish", "category": "sim-eval"}
[2024-10-25 13:45:56.628 -0400] [INFO] [cadence.virtuoso.ade.simulationMonitor] - SimulationMonitor has terminated the vds process '3372506', reason: 'Force to stop the expression evalutor process because of new run' {"history": "ExplorerRun.0", "point": 1, "testname": "Tutorial_myTransmissionGate_1", "cornername": "Nominal"}
[2024-10-25 13:45:56.629 -0400] [PROCESS] [cadence.virtuoso.ade.simulationMonitor] - HostInfo:
Host name (type):	ece-linlabsrv01.ece.gatech.edu (x86_64)
Operating system:	Linux 4.18.0-553.22.1.el8_10.x86_64 #1 SMP Wed Sep 11 18:02:00 EDT 2024 {"hostname": "ece-linlabsrv01.ece.gatech.edu", "processid": 3322231, "history": "ExplorerRun.0", "testname": "Tutorial_myTransmissionGate_1", "cornername": "Nominal", "point": 1, "logfile": "/nethome/jchen3014/ECE6130_Updated/ECE6130_LAB/Cadence/logs_jchen3014/logs0/Job7.log", "nodename": "ece-linlabsrv01.ece.gatech.edu", "domainname": "(none)", "machine": "x86_64", "sysname": "Linux", "release": "4.18.0-553.22.1.el8_10.x86_64", "version": "#1 SMP Wed Sep 11 18:02:00 EDT 2024"}
[2024-10-25 13:45:56.630 -0400] [PROCESS] [cadence.virtuoso.ade.simulationMonitor] - UsageInfo:
pid=3322231
totalPhysicalMemory=186.850800GB,Used=142.672112GB,totalVirtualMemory=250.850796GB,Used=146.052094GB
Cpu: Cores=112, Load average:82.810000,90.530000,100.410000 {"hostname": "ece-linlabsrv01.ece.gatech.edu", "processid": 3322231, "history": "ExplorerRun.0", "testname": "Tutorial_myTransmissionGate_1", "cornername": "Nominal", "point": 1, "logfile": "/nethome/jchen3014/ECE6130_Updated/ECE6130_LAB/Cadence/logs_jchen3014/logs0/Job7.log", "pid": "3322231", "totalPhysicalMemory": "186.850800", "physicalMemoryUsed": "142.672112", "totalVirtualMemory": "250.850796", "virtualMemoryUsed": "146.052094", "cpuCores": "112", "processes": "9210", "loadAverage1": "82.810000", "loadAverage5": "90.530000", "loadAverage15": "100.410000", "loadAverage1Percent": "0.739375"}
[2024-10-25 13:45:56.634 -0400] [EVENT] [cadence.virtuoso.ade.simulationMonitor] - NewPoint {"history": "ExplorerRun.0", "point": 1, "testname": "Tutorial_myTransmissionGate_1", "cornername": "Nominal", "event": "NewPoint", "EventSource": "Simulation Monitor", "HistoryName": "ExplorerRun.0", "logFile": "/nethome/jchen3014/ECE6130_Updated/ECE6130_LAB/Cadence/logs_jchen3014/logs0/Job7.log", "logFileSize": "27441", "category": "simulation"}
[2024-10-25 13:45:56.836 -0400] [EVENT] [cadence.virtuoso.ade.simulationMonitor] - NewPoint {"history": "ExplorerRun.0", "point": 1, "testname": "Tutorial_myTransmissionGate_1", "cornername": "Nominal", "event": "NewPoint", "EventSource": "spectre", "HistoryName": "ExplorerRun.0", "logFile": "/nethome/jchen3014/simulation/Tutorial/myTransmissionGate/maestro/results/maestro/ExplorerRun.0/1/Tutorial_myTransmissionGate_1/psf/spectre.out", "logFileSize": "-1", "category": "simulation"}
[2024-10-25 13:45:57.307 -0400] [PROCESS] [cadence.virtuoso.ade.simulationMonitor] - Simulator launched {"hostname": "ece-linlabsrv01.ece.gatech.edu", "processid": 3322231, "history": "ExplorerRun.0", "testname": "Tutorial_myTransmissionGate_1", "cornername": "Nominal", "point": 1, "logfile": "/nethome/jchen3014/ECE6130_Updated/ECE6130_LAB/Cadence/logs_jchen3014/logs0/Job7.log", "simid": "3", "event": "launch", "category": "simulation"}
[2024-10-25 13:45:57.312 -0400] [PROCESS] [cadence.virtuoso.ade.simulationMonitor] - Expression evaluator launched {"hostname": "ece-linlabsrv01.ece.gatech.edu", "processid": 3322231, "history": "ExplorerRun.0", "testname": "Tutorial_myTransmissionGate_1", "cornername": "Nominal", "point": 1, "logfile": "/nethome/jchen3014/ECE6130_Updated/ECE6130_LAB/Cadence/logs_jchen3014/logs0/Job7.log"}
[2024-10-25 13:45:58.211 -0400] [PROCESS] [cadence.virtuoso.ade.simulationMonitor] - Started Simulation {"hostname": "ece-linlabsrv01.ece.gatech.edu", "processid": 3322231, "history": "ExplorerRun.0", "testname": "Tutorial_myTransmissionGate_1", "cornername": "Nominal", "point": 1, "logfile": "/nethome/jchen3014/ECE6130_Updated/ECE6130_LAB/Cadence/logs_jchen3014/logs0/Job7.log", "event": "start", "category": "simulation"}
[2024-10-25 13:45:59.211 -0400] [INFO] [cadence.virtuoso.ade.simulationMonitor] - Peak resident memory used = 165 Mbytes. {"history": "ExplorerRun.0", "point": 1, "testname": "Tutorial_myTransmissionGate_1", "cornername": "Nominal"}
[2024-10-25 13:45:59.211 -0400] [INFO] [cadence.virtuoso.ade.simulationMonitor] - Peak resident memory used = 174 Mbytes. {"history": "ExplorerRun.0", "point": 1, "testname": "Tutorial_myTransmissionGate_1", "cornername": "Nominal"}
[2024-10-25 13:45:59.212 -0400] [INFO] [cadence.virtuoso.ade.simulationMonitor] - Notice from spectre during hierarchy flattening.
    The value 'psf' specified for the 'checklimitdest' option will no longer be supported in future releases. Use 'spectre -h' to see other recommended values for the 'checklimitdest' option. {"history": "ExplorerRun.0", "point": 1, "testname": "Tutorial_myTransmissionGate_1", "cornername": "Nominal"}
[2024-10-25 13:45:59.212 -0400] [INFO] [cadence.virtuoso.ade.simulationMonitor] - Peak resident memory used = 174 Mbytes. {"history": "ExplorerRun.0", "point": 1, "testname": "Tutorial_myTransmissionGate_1", "cornername": "Nominal"}
[2024-10-25 13:45:59.212 -0400] [INFO] [cadence.virtuoso.ade.simulationMonitor] - Notice from spectre during initial setup.
    Multithreading is disabled due to the size of the design being too small. {"history": "ExplorerRun.0", "point": 1, "testname": "Tutorial_myTransmissionGate_1", "cornername": "Nominal"}
[2024-10-25 13:45:59.216 -0400] [INFO] [cadence.virtuoso.ade.simulationMonitor] -               nodes 5 {"history": "ExplorerRun.0", "point": 1, "testname": "Tutorial_myTransmissionGate_1", "cornername": "Nominal"}
[2024-10-25 13:45:59.216 -0400] [INFO] [cadence.virtuoso.ade.simulationMonitor] - Notice from spectre during initial setup.
    Protected devices exist and are not included in the circuit inventory.
    APS enabled. {"history": "ExplorerRun.0", "point": 1, "testname": "Tutorial_myTransmissionGate_1", "cornername": "Nominal"}
[2024-10-25 13:45:59.217 -0400] [INFO] [cadence.virtuoso.ade.simulationMonitor] - Peak resident memory used = 179 Mbytes. {"history": "ExplorerRun.0", "point": 1, "testname": "Tutorial_myTransmissionGate_1", "cornername": "Nominal"}
[2024-10-25 13:45:59.217 -0400] [INFO] [cadence.virtuoso.ade.simulationMonitor] -    -   (APS) Multi-threading. The recommended number of threads is 1, consider adding +mt=1 on command line. {"history": "ExplorerRun.0", "point": 1, "testname": "Tutorial_myTransmissionGate_1", "cornername": "Nominal"}
[2024-10-25 13:45:59.218 -0400] [INFO] [cadence.virtuoso.ade.simulationMonitor] - Notice from spectre during IC analysis, during transient analysis `tran'.
    GminDC = 1 pS is large enough to noticeably affect the DC solution.
        dV(net4) = 286.621 uV
        Use the `gmin_check' option to eliminate or expand this report. {"history": "ExplorerRun.0", "point": 1, "testname": "Tutorial_myTransmissionGate_1", "cornername": "Nominal"}
[2024-10-25 13:45:59.218 -0400] [INFO] [cadence.virtuoso.ade.simulationMonitor] - Notice from spectre during transient analysis `tran'.
    Multithreading is disabled due to the size of the design being too small. {"history": "ExplorerRun.0", "point": 1, "testname": "Tutorial_myTransmissionGate_1", "cornername": "Nominal"}
[2024-10-25 13:45:59.219 -0400] [INFO] [cadence.virtuoso.ade.simulationMonitor] - Intrinsic tran analysis time:    CPU = 51.883 ms, elapsed = 61.5299 ms. {"history": "ExplorerRun.0", "point": 1, "testname": "Tutorial_myTransmissionGate_1", "cornername": "Nominal"}
[2024-10-25 13:45:59.219 -0400] [INFO] [cadence.virtuoso.ade.simulationMonitor] - Total time required for tran analysis `tran': CPU = 55.918 ms, elapsed = 69.201 ms, util. = 80.8%. {"history": "ExplorerRun.0", "point": 1, "testname": "Tutorial_myTransmissionGate_1", "cornername": "Nominal"}
[2024-10-25 13:45:59.219 -0400] [INFO] [cadence.virtuoso.ade.simulationMonitor] - Peak resident memory used = 185 Mbytes. {"history": "ExplorerRun.0", "point": 1, "testname": "Tutorial_myTransmissionGate_1", "cornername": "Nominal"}
[2024-10-25 13:45:59.220 -0400] [INFO] [cadence.virtuoso.ade.simulationMonitor] - Time used: CPU = 718 ms, elapsed = 768 ms, util. = 93.6%. {"history": "ExplorerRun.0", "point": 1, "testname": "Tutorial_myTransmissionGate_1", "cornername": "Nominal"}
[2024-10-25 13:45:59.221 -0400] [INFO] [cadence.virtuoso.ade.simulationMonitor] - Time spent in licensing: elapsed = 58.3 ms, percentage of total = 7.59%. {"history": "ExplorerRun.0", "point": 1, "testname": "Tutorial_myTransmissionGate_1", "cornername": "Nominal"}
[2024-10-25 13:45:59.221 -0400] [INFO] [cadence.virtuoso.ade.simulationMonitor] - Peak memory used = 186 Mbytes. {"history": "ExplorerRun.0", "point": 1, "testname": "Tutorial_myTransmissionGate_1", "cornername": "Nominal"}
[2024-10-25 13:45:59.224 -0400] [PROCESS] [cadence.virtuoso.ade.simulationMonitor] - Simulation started at: 1:45:58 PM, Fri Oct 25, 2024, ended at: 1:45:58 PM, Fri Oct 25, 2024, with elapsed time (wall clock): 768 ms. {"history": "ExplorerRun.0", "point": 1, "testname": "Tutorial_myTransmissionGate_1", "cornername": "Nominal"}
[2024-10-25 13:45:59.224 -0400] [PROCESS] [cadence.virtuoso.ade.simulationMonitor] - spectre completes with 0 errors, 0 warnings, and 7 notices. {"history": "ExplorerRun.0", "point": 1, "testname": "Tutorial_myTransmissionGate_1", "cornername": "Nominal"}
[2024-10-25 13:45:59.224 -0400] [PROCESS] [cadence.virtuoso.ade.simulationMonitor] - Finished simulating for one point {"hostname": "ece-linlabsrv01.ece.gatech.edu", "processid": 3322231, "history": "ExplorerRun.0", "testname": "Tutorial_myTransmissionGate_1", "cornername": "Nominal", "point": 1, "logfile": "/nethome/jchen3014/ECE6130_Updated/ECE6130_LAB/Cadence/logs_jchen3014/logs0/Job7.log", "simid": "3", "event": "finish", "category": "simulation"}
[2024-10-25 13:45:59.224 -0400] [PROCESS] [cadence.virtuoso.ade.simulationMonitor] - Simulator exited {"hostname": "ece-linlabsrv01.ece.gatech.edu", "processid": 3322231, "history": "ExplorerRun.0", "testname": "Tutorial_myTransmissionGate_1", "cornername": "Nominal", "point": 1, "logfile": "/nethome/jchen3014/ECE6130_Updated/ECE6130_LAB/Cadence/logs_jchen3014/logs0/Job7.log", "exitStatus": "0"}
[2024-10-25 13:45:59.224 -0400] [PROCESS] [cadence.virtuoso.ade.simulationMonitor] - Finished Simulation {"hostname": "ece-linlabsrv01.ece.gatech.edu", "processid": 3322231, "history": "ExplorerRun.0", "testname": "Tutorial_myTransmissionGate_1", "cornername": "Nominal", "point": 1, "logfile": "/nethome/jchen3014/ECE6130_Updated/ECE6130_LAB/Cadence/logs_jchen3014/logs0/Job7.log", "simid": "3", "event": "finish", "category": "obsolete"}
[2024-10-25 13:46:05.229 -0400] [PROCESS] [cadence.virtuoso.ade.simulationMonitor] - Point Finished {"hostname": "ece-linlabsrv01.ece.gatech.edu", "processid": 3322231, "history": "ExplorerRun.0", "testname": "Tutorial_myTransmissionGate_1", "cornername": "Nominal", "point": 1, "logfile": "/nethome/jchen3014/ECE6130_Updated/ECE6130_LAB/Cadence/logs_jchen3014/logs0/Job7.log", "event": "finish", "category": "sim-eval"}
[2024-10-25 13:51:06.264 -0400] [PROCESS] [cadence.virtuoso.ade.simulationMonitor] - Current memory used: 82.9531 MBytes, peak memory used: 82.9531 MBytes {"hostname": "ece-linlabsrv01.ece.gatech.edu", "processid": 3322231, "history": "ExplorerRun.0", "testname": "Tutorial_myTransmissionGate_1", "cornername": "Nominal", "point": 1, "logfile": "/nethome/jchen3014/ECE6130_Updated/ECE6130_LAB/Cadence/logs_jchen3014/logs0/Job7.log"}
[2024-10-25 13:51:06.264 -0400] [PROCESS] [cadence.virtuoso.ade.simulationMonitor] - Simulation Monitor process exits. {"hostname": "ece-linlabsrv01.ece.gatech.edu", "processid": 3322231, "history": "ExplorerRun.0", "testname": "Tutorial_myTransmissionGate_1", "cornername": "Nominal", "point": 1, "logfile": "/nethome/jchen3014/ECE6130_Updated/ECE6130_LAB/Cadence/logs_jchen3014/logs0/Job7.log"}
