[Simulation Monitor: 8]
[2024-10-25 19:19:00.964 -0400] [PROCESS] [cadence.virtuoso.ade.simulationMonitor] - Started the simulation monitor process {"hostname": "ece-linlabsrv01.ece.gatech.edu", "processid": 2633086, "logfile": "/nethome/jchen3014/ECE6130_Updated/ECE6130_LAB/Cadence/logs_jchen3014/logs0/Job8.log", "simulation monitor command line": "/tools/software/cadence/ic/23.10.080/tools.lnx86/dfII/bin/64bit/spectreMonitor --davinciService DaVinciService_1645282_1729895283 --axlsession fnxSession1 -lscs 000175E1894CBE06FF0966E38F1FFC06BC4D60B5D54DCC37D27E6FA78410926AD02470F28B50992BD92E69ED90048F74DD2F32AE9C019928D92E01FFA87BDB62DB5100001DF6 -beanhost ece-linlabsrv01.ece.gatech.edu -beanport 11815 -beanLogFile /nethome/jchen3014/ECE6130_Updated/ECE6130_LAB/Cadence/logs_jchen3014/logs0/amps_Job8.log -beanbinlog  --domain 0 --interactive yes --netlistOpt no --useMultiPointEvaluation yes --exprEvalShowJobStderr yes --evalSimParallel no --maxSims 0 --historyName ExplorerRun.0 --historyUUID  --exprEvaluator vds --mcMapping mc1.mapping --checkLogStatusInterval 0 --checkSimulatorLogTimeout 1200 --exprEvalMaxTries 3 --maxNFSSyncWait 60 -adeBrokerAddress ece-linlabsrv01.ece.gatech.edu:45169 --statdbType h5v2 --fromADE true --virtuosoBinary virtuoso --guiDisplay ece-linlabsrv01.ece.gatech.edu:233 --globalStatus 60 --evaluateMultiMC yes --evalOnSimFail SkipFailedAnalyses --numRetriesOnError 1 --fenixMode explorer --lingertimeout 300 -ahdlLockTimeout 60 --sdbLib Tutorial --sdbCell aa --sdbView maestro --heartBeatFileDir /dev/shm --id 8 --uuid a2063619-955f-4d73-af57-866077571ac2 --log /nethome/jchen3014/ECE6130_Updated/ECE6130_LAB/Cadence/logs_jchen3014/logs0/Job8.log "}
[2024-10-25 19:19:00.965 -0400] [PROCESS] [cadence.virtuoso.ade.simulationMonitor] - Started the simulation monitor process {"hostname": "ece-linlabsrv01.ece.gatech.edu", "processid": 2633086, "logfile": "/nethome/jchen3014/ECE6130_Updated/ECE6130_LAB/Cadence/logs_jchen3014/logs0/Job8.log", "current directory": "/nethome/jchen3014/ECE6130_Updated/ECE6130_LAB/Cadence"}
[2024-10-25 19:19:00.965 -0400] [PROCESS] [cadence.virtuoso.ade.simulationMonitor] - Simulation Monitor has successfully started up. Trying to set up communication channels to other components ... {"hostname": "ece-linlabsrv01.ece.gatech.edu", "processid": 2633086, "logfile": "/nethome/jchen3014/ECE6130_Updated/ECE6130_LAB/Cadence/logs_jchen3014/logs0/Job8.log"}
[2024-10-25 19:19:00.968 -0400] [PROCESS] [cadence.virtuoso.ade.simulationMonitor] - Communication channels have been successfully set up. Start processing events ... {"hostname": "ece-linlabsrv01.ece.gatech.edu", "processid": 2633086, "logfile": "/nethome/jchen3014/ECE6130_Updated/ECE6130_LAB/Cadence/logs_jchen3014/logs0/Job8.log"}
[2024-10-25 19:19:00.969 -0400] [PROCESS] [cadence.virtuoso.ade.simulationMonitor] - Considering to start history {"hostname": "ece-linlabsrv01.ece.gatech.edu", "processid": 2633086, "history": "ExplorerRun.0", "logfile": "/nethome/jchen3014/ECE6130_Updated/ECE6130_LAB/Cadence/logs_jchen3014/logs0/Job8.log"}
[2024-10-25 19:19:00.972 -0400] [PROCESS] [cadence.virtuoso.ade.simulationMonitor] - HostInfo:
Host name (type):	ece-linlabsrv01.ece.gatech.edu (x86_64)
Operating system:	Linux 4.18.0-553.22.1.el8_10.x86_64 #1 SMP Wed Sep 11 18:02:00 EDT 2024 {"hostname": "ece-linlabsrv01.ece.gatech.edu", "processid": 2633086, "history": "ExplorerRun.0", "logfile": "/nethome/jchen3014/ECE6130_Updated/ECE6130_LAB/Cadence/logs_jchen3014/logs0/Job8.log", "nodename": "ece-linlabsrv01.ece.gatech.edu", "domainname": "(none)", "machine": "x86_64", "sysname": "Linux", "release": "4.18.0-553.22.1.el8_10.x86_64", "version": "#1 SMP Wed Sep 11 18:02:00 EDT 2024"}
[2024-10-25 19:19:00.972 -0400] [PROCESS] [cadence.virtuoso.ade.simulationMonitor] - UsageInfo:
pid=2633086
totalPhysicalMemory=186.850800GB,Used=139.537197GB,totalVirtualMemory=250.850796GB,Used=142.929874GB
Cpu: Cores=112, Load average:6.720000,6.850000,14.510000 {"hostname": "ece-linlabsrv01.ece.gatech.edu", "processid": 2633086, "history": "ExplorerRun.0", "logfile": "/nethome/jchen3014/ECE6130_Updated/ECE6130_LAB/Cadence/logs_jchen3014/logs0/Job8.log", "pid": "2633086", "totalPhysicalMemory": "186.850800", "physicalMemoryUsed": "139.537197", "totalVirtualMemory": "250.850796", "virtualMemoryUsed": "142.929874", "cpuCores": "112", "processes": "9061", "loadAverage1": "6.720000", "loadAverage5": "6.850000", "loadAverage15": "14.510000", "loadAverage1Percent": "0.060000"}
[2024-10-25 19:19:00.980 -0400] [EVENT] [cadence.virtuoso.ade.simulationMonitor] - NewPoint {"history": "ExplorerRun.0", "point": 1, "testname": "Tutorial_myInverter_1", "cornername": "Nominal", "event": "NewPoint", "EventSource": "Simulation Monitor", "HistoryName": "ExplorerRun.0", "logFile": "/nethome/jchen3014/ECE6130_Updated/ECE6130_LAB/Cadence/logs_jchen3014/logs0/Job8.log", "logFileSize": "4502", "category": "simulation"}
[2024-10-25 19:19:01.182 -0400] [EVENT] [cadence.virtuoso.ade.simulationMonitor] - NewPoint {"history": "ExplorerRun.0", "point": 1, "testname": "Tutorial_myInverter_1", "cornername": "Nominal", "event": "NewPoint", "EventSource": "spectre", "HistoryName": "ExplorerRun.0", "logFile": "/nethome/jchen3014/simulation/Tutorial/aa/maestro/results/maestro/ExplorerRun.0/1/Tutorial_myInverter_1/psf/spectre.out", "logFileSize": "-1", "category": "simulation"}
[2024-10-25 19:19:01.449 -0400] [PROCESS] [cadence.virtuoso.ade.simulationMonitor] - Simulator launched {"hostname": "ece-linlabsrv01.ece.gatech.edu", "processid": 2633086, "history": "ExplorerRun.0", "testname": "Tutorial_myInverter_1", "cornername": "Nominal", "point": 1, "logfile": "/nethome/jchen3014/ECE6130_Updated/ECE6130_LAB/Cadence/logs_jchen3014/logs0/Job8.log", "simid": "1", "event": "launch", "category": "simulation"}
[2024-10-25 19:19:01.454 -0400] [PROCESS] [cadence.virtuoso.ade.simulationMonitor] - Expression evaluator launched {"hostname": "ece-linlabsrv01.ece.gatech.edu", "processid": 2633086, "history": "ExplorerRun.0", "testname": "Tutorial_myInverter_1", "cornername": "Nominal", "point": 1, "logfile": "/nethome/jchen3014/ECE6130_Updated/ECE6130_LAB/Cadence/logs_jchen3014/logs0/Job8.log"}
[2024-10-25 19:19:02.175 -0400] [PROCESS] [cadence.virtuoso.ade.simulationMonitor] - Started Simulation {"hostname": "ece-linlabsrv01.ece.gatech.edu", "processid": 2633086, "history": "ExplorerRun.0", "testname": "Tutorial_myInverter_1", "cornername": "Nominal", "point": 1, "logfile": "/nethome/jchen3014/ECE6130_Updated/ECE6130_LAB/Cadence/logs_jchen3014/logs0/Job8.log", "event": "start", "category": "simulation"}
[2024-10-25 19:19:02.675 -0400] [INFO] [cadence.virtuoso.ade.simulationMonitor] - Peak resident memory used = 166 Mbytes. {"history": "ExplorerRun.0", "point": 1, "testname": "Tutorial_myInverter_1", "cornername": "Nominal"}
[2024-10-25 19:19:02.675 -0400] [INFO] [cadence.virtuoso.ade.simulationMonitor] - Peak resident memory used = 174 Mbytes. {"history": "ExplorerRun.0", "point": 1, "testname": "Tutorial_myInverter_1", "cornername": "Nominal"}
[2024-10-25 19:19:02.675 -0400] [INFO] [cadence.virtuoso.ade.simulationMonitor] - Notice from spectre during hierarchy flattening.
    The value 'psf' specified for the 'checklimitdest' option will no longer be supported in future releases. Use 'spectre -h' to see other recommended values for the 'checklimitdest' option. {"history": "ExplorerRun.0", "point": 1, "testname": "Tutorial_myInverter_1", "cornername": "Nominal"}
[2024-10-25 19:19:02.675 -0400] [INFO] [cadence.virtuoso.ade.simulationMonitor] - Peak resident memory used = 174 Mbytes. {"history": "ExplorerRun.0", "point": 1, "testname": "Tutorial_myInverter_1", "cornername": "Nominal"}
[2024-10-25 19:19:02.675 -0400] [INFO] [cadence.virtuoso.ade.simulationMonitor] - Notice from spectre during initial setup.
    Multithreading is disabled due to the size of the design being too small. {"history": "ExplorerRun.0", "point": 1, "testname": "Tutorial_myInverter_1", "cornername": "Nominal"}
[2024-10-25 19:19:02.682 -0400] [INFO] [cadence.virtuoso.ade.simulationMonitor] -               nodes 3 {"history": "ExplorerRun.0", "point": 1, "testname": "Tutorial_myInverter_1", "cornername": "Nominal"}
[2024-10-25 19:19:02.682 -0400] [INFO] [cadence.virtuoso.ade.simulationMonitor] - Notice from spectre during initial setup.
    Protected devices exist and are not included in the circuit inventory.
    APS enabled. {"history": "ExplorerRun.0", "point": 1, "testname": "Tutorial_myInverter_1", "cornername": "Nominal"}
[2024-10-25 19:19:02.682 -0400] [INFO] [cadence.virtuoso.ade.simulationMonitor] - Peak resident memory used = 177 Mbytes. {"history": "ExplorerRun.0", "point": 1, "testname": "Tutorial_myInverter_1", "cornername": "Nominal"}
[2024-10-25 19:19:02.683 -0400] [INFO] [cadence.virtuoso.ade.simulationMonitor] -    -   (APS) Multi-threading. The recommended number of threads is 1, consider adding +mt=1 on command line. {"history": "ExplorerRun.0", "point": 1, "testname": "Tutorial_myInverter_1", "cornername": "Nominal"}
[2024-10-25 19:19:02.683 -0400] [INFO] [cadence.virtuoso.ade.simulationMonitor] - Notice from spectre at VIN = 1 during DC analysis `dc'.
    The value of parameter 'VIN' has been reset to the original value 0. {"history": "ExplorerRun.0", "point": 1, "testname": "Tutorial_myInverter_1", "cornername": "Nominal"}
[2024-10-25 19:19:02.683 -0400] [INFO] [cadence.virtuoso.ade.simulationMonitor] - Total time required for dc analysis `dc': CPU = 7.071 ms, elapsed = 11.7249 ms, util. = 60.3%. {"history": "ExplorerRun.0", "point": 1, "testname": "Tutorial_myInverter_1", "cornername": "Nominal"}
[2024-10-25 19:19:02.683 -0400] [INFO] [cadence.virtuoso.ade.simulationMonitor] - Peak resident memory used = 181 Mbytes. {"history": "ExplorerRun.0", "point": 1, "testname": "Tutorial_myInverter_1", "cornername": "Nominal"}
[2024-10-25 19:19:02.685 -0400] [INFO] [cadence.virtuoso.ade.simulationMonitor] - Time used: CPU = 348 ms, elapsed = 479 ms, util. = 72.6%. {"history": "ExplorerRun.0", "point": 1, "testname": "Tutorial_myInverter_1", "cornername": "Nominal"}
[2024-10-25 19:19:02.685 -0400] [INFO] [cadence.virtuoso.ade.simulationMonitor] - Time spent in licensing: elapsed = 55.5 ms, percentage of total = 11.6%. {"history": "ExplorerRun.0", "point": 1, "testname": "Tutorial_myInverter_1", "cornername": "Nominal"}
[2024-10-25 19:19:02.685 -0400] [INFO] [cadence.virtuoso.ade.simulationMonitor] - Peak memory used = 184 Mbytes. {"history": "ExplorerRun.0", "point": 1, "testname": "Tutorial_myInverter_1", "cornername": "Nominal"}
[2024-10-25 19:19:02.688 -0400] [PROCESS] [cadence.virtuoso.ade.simulationMonitor] - Simulation started at: 7:19:01 PM, Fri Oct 25, 2024, ended at: 7:19:02 PM, Fri Oct 25, 2024, with elapsed time (wall clock): 479 ms. {"history": "ExplorerRun.0", "point": 1, "testname": "Tutorial_myInverter_1", "cornername": "Nominal"}
[2024-10-25 19:19:02.688 -0400] [PROCESS] [cadence.virtuoso.ade.simulationMonitor] - spectre completes with 0 errors, 0 warnings, and 6 notices. {"history": "ExplorerRun.0", "point": 1, "testname": "Tutorial_myInverter_1", "cornername": "Nominal"}
[2024-10-25 19:19:02.688 -0400] [PROCESS] [cadence.virtuoso.ade.simulationMonitor] - Finished simulating for one point {"hostname": "ece-linlabsrv01.ece.gatech.edu", "processid": 2633086, "history": "ExplorerRun.0", "testname": "Tutorial_myInverter_1", "cornername": "Nominal", "point": 1, "logfile": "/nethome/jchen3014/ECE6130_Updated/ECE6130_LAB/Cadence/logs_jchen3014/logs0/Job8.log", "simid": "1", "event": "finish", "category": "simulation"}
[2024-10-25 19:19:02.688 -0400] [PROCESS] [cadence.virtuoso.ade.simulationMonitor] - Simulator exited {"hostname": "ece-linlabsrv01.ece.gatech.edu", "processid": 2633086, "history": "ExplorerRun.0", "testname": "Tutorial_myInverter_1", "cornername": "Nominal", "point": 1, "logfile": "/nethome/jchen3014/ECE6130_Updated/ECE6130_LAB/Cadence/logs_jchen3014/logs0/Job8.log", "exitStatus": "0"}
[2024-10-25 19:19:02.688 -0400] [PROCESS] [cadence.virtuoso.ade.simulationMonitor] - Finished Simulation {"hostname": "ece-linlabsrv01.ece.gatech.edu", "processid": 2633086, "history": "ExplorerRun.0", "testname": "Tutorial_myInverter_1", "cornername": "Nominal", "point": 1, "logfile": "/nethome/jchen3014/ECE6130_Updated/ECE6130_LAB/Cadence/logs_jchen3014/logs0/Job8.log", "simid": "1", "event": "finish", "category": "obsolete"}
[2024-10-25 19:19:07.191 -0400] [PROCESS] [cadence.virtuoso.ade.simulationMonitor] - Point Finished {"hostname": "ece-linlabsrv01.ece.gatech.edu", "processid": 2633086, "history": "ExplorerRun.0", "testname": "Tutorial_myInverter_1", "cornername": "Nominal", "point": 1, "logfile": "/nethome/jchen3014/ECE6130_Updated/ECE6130_LAB/Cadence/logs_jchen3014/logs0/Job8.log", "event": "finish", "category": "sim-eval"}
[2024-10-25 19:19:07.193 -0400] [PROCESS] [cadence.virtuoso.ade.simulationMonitor] - HostInfo:
Host name (type):	ece-linlabsrv01.ece.gatech.edu (x86_64)
Operating system:	Linux 4.18.0-553.22.1.el8_10.x86_64 #1 SMP Wed Sep 11 18:02:00 EDT 2024 {"hostname": "ece-linlabsrv01.ece.gatech.edu", "processid": 2633086, "history": "ExplorerRun.0", "testname": "Tutorial_myInverter_1", "cornername": "Nominal", "point": 1, "logfile": "/nethome/jchen3014/ECE6130_Updated/ECE6130_LAB/Cadence/logs_jchen3014/logs0/Job8.log", "nodename": "ece-linlabsrv01.ece.gatech.edu", "domainname": "(none)", "machine": "x86_64", "sysname": "Linux", "release": "4.18.0-553.22.1.el8_10.x86_64", "version": "#1 SMP Wed Sep 11 18:02:00 EDT 2024"}
[2024-10-25 19:19:07.193 -0400] [PROCESS] [cadence.virtuoso.ade.simulationMonitor] - UsageInfo:
pid=2633086
totalPhysicalMemory=186.850800GB,Used=139.802109GB,totalVirtualMemory=250.850796GB,Used=143.194786GB
Cpu: Cores=112, Load average:6.420000,6.790000,14.450000 {"hostname": "ece-linlabsrv01.ece.gatech.edu", "processid": 2633086, "history": "ExplorerRun.0", "testname": "Tutorial_myInverter_1", "cornername": "Nominal", "point": 1, "logfile": "/nethome/jchen3014/ECE6130_Updated/ECE6130_LAB/Cadence/logs_jchen3014/logs0/Job8.log", "pid": "2633086", "totalPhysicalMemory": "186.850800", "physicalMemoryUsed": "139.802109", "totalVirtualMemory": "250.850796", "virtualMemoryUsed": "143.194786", "cpuCores": "112", "processes": "9073", "loadAverage1": "6.420000", "loadAverage5": "6.790000", "loadAverage15": "14.450000", "loadAverage1Percent": "0.057321"}
[2024-10-25 19:19:07.202 -0400] [EVENT] [cadence.virtuoso.ade.simulationMonitor] - NewPoint {"history": "ExplorerRun.0", "point": 2, "testname": "Tutorial_myInverter_1", "cornername": "Nominal", "event": "NewPoint", "EventSource": "Simulation Monitor", "HistoryName": "ExplorerRun.0", "logFile": "/nethome/jchen3014/ECE6130_Updated/ECE6130_LAB/Cadence/logs_jchen3014/logs0/Job8.log", "logFileSize": "14443", "category": "simulation"}
[2024-10-25 19:19:07.404 -0400] [EVENT] [cadence.virtuoso.ade.simulationMonitor] - NewPoint {"history": "ExplorerRun.0", "point": 2, "testname": "Tutorial_myInverter_1", "cornername": "Nominal", "event": "NewPoint", "EventSource": "spectre", "HistoryName": "ExplorerRun.0", "logFile": "/nethome/jchen3014/simulation/Tutorial/aa/maestro/results/maestro/ExplorerRun.0/2/Tutorial_myInverter_1/psf/spectre.out", "logFileSize": "-1", "category": "simulation"}
[2024-10-25 19:19:07.671 -0400] [PROCESS] [cadence.virtuoso.ade.simulationMonitor] - Simulator launched {"hostname": "ece-linlabsrv01.ece.gatech.edu", "processid": 2633086, "history": "ExplorerRun.0", "testname": "Tutorial_myInverter_1", "cornername": "Nominal", "point": 2, "logfile": "/nethome/jchen3014/ECE6130_Updated/ECE6130_LAB/Cadence/logs_jchen3014/logs0/Job8.log", "simid": "2", "event": "launch", "category": "simulation"}
[2024-10-25 19:19:08.383 -0400] [PROCESS] [cadence.virtuoso.ade.simulationMonitor] - Started Simulation {"hostname": "ece-linlabsrv01.ece.gatech.edu", "processid": 2633086, "history": "ExplorerRun.0", "testname": "Tutorial_myInverter_1", "cornername": "Nominal", "point": 2, "logfile": "/nethome/jchen3014/ECE6130_Updated/ECE6130_LAB/Cadence/logs_jchen3014/logs0/Job8.log", "event": "start", "category": "simulation"}
[2024-10-25 19:19:08.883 -0400] [INFO] [cadence.virtuoso.ade.simulationMonitor] - Peak resident memory used = 166 Mbytes. {"history": "ExplorerRun.0", "point": 2, "testname": "Tutorial_myInverter_1", "cornername": "Nominal"}
[2024-10-25 19:19:08.883 -0400] [INFO] [cadence.virtuoso.ade.simulationMonitor] - Peak resident memory used = 174 Mbytes. {"history": "ExplorerRun.0", "point": 2, "testname": "Tutorial_myInverter_1", "cornername": "Nominal"}
[2024-10-25 19:19:08.883 -0400] [INFO] [cadence.virtuoso.ade.simulationMonitor] - Notice from spectre during hierarchy flattening.
    The value 'psf' specified for the 'checklimitdest' option will no longer be supported in future releases. Use 'spectre -h' to see other recommended values for the 'checklimitdest' option. {"history": "ExplorerRun.0", "point": 2, "testname": "Tutorial_myInverter_1", "cornername": "Nominal"}
[2024-10-25 19:19:08.883 -0400] [INFO] [cadence.virtuoso.ade.simulationMonitor] - Peak resident memory used = 175 Mbytes. {"history": "ExplorerRun.0", "point": 2, "testname": "Tutorial_myInverter_1", "cornername": "Nominal"}
[2024-10-25 19:19:08.883 -0400] [INFO] [cadence.virtuoso.ade.simulationMonitor] - Notice from spectre during initial setup.
    Multithreading is disabled due to the size of the design being too small. {"history": "ExplorerRun.0", "point": 2, "testname": "Tutorial_myInverter_1", "cornername": "Nominal"}
[2024-10-25 19:19:08.888 -0400] [INFO] [cadence.virtuoso.ade.simulationMonitor] -               nodes 3 {"history": "ExplorerRun.0", "point": 2, "testname": "Tutorial_myInverter_1", "cornername": "Nominal"}
[2024-10-25 19:19:08.888 -0400] [INFO] [cadence.virtuoso.ade.simulationMonitor] - Notice from spectre during initial setup.
    Protected devices exist and are not included in the circuit inventory.
    APS enabled. {"history": "ExplorerRun.0", "point": 2, "testname": "Tutorial_myInverter_1", "cornername": "Nominal"}
[2024-10-25 19:19:08.888 -0400] [INFO] [cadence.virtuoso.ade.simulationMonitor] - Peak resident memory used = 178 Mbytes. {"history": "ExplorerRun.0", "point": 2, "testname": "Tutorial_myInverter_1", "cornername": "Nominal"}
[2024-10-25 19:19:08.889 -0400] [INFO] [cadence.virtuoso.ade.simulationMonitor] -    -   (APS) Multi-threading. The recommended number of threads is 1, consider adding +mt=1 on command line. {"history": "ExplorerRun.0", "point": 2, "testname": "Tutorial_myInverter_1", "cornername": "Nominal"}
[2024-10-25 19:19:08.889 -0400] [INFO] [cadence.virtuoso.ade.simulationMonitor] - Notice from spectre at VIN = 1 during DC analysis `dc'.
    The value of parameter 'VIN' has been reset to the original value 0. {"history": "ExplorerRun.0", "point": 2, "testname": "Tutorial_myInverter_1", "cornername": "Nominal"}
[2024-10-25 19:19:08.889 -0400] [INFO] [cadence.virtuoso.ade.simulationMonitor] - Total time required for dc analysis `dc': CPU = 7.372 ms, elapsed = 10.582 ms, util. = 69.7%. {"history": "ExplorerRun.0", "point": 2, "testname": "Tutorial_myInverter_1", "cornername": "Nominal"}
[2024-10-25 19:19:08.889 -0400] [INFO] [cadence.virtuoso.ade.simulationMonitor] - Peak resident memory used = 181 Mbytes. {"history": "ExplorerRun.0", "point": 2, "testname": "Tutorial_myInverter_1", "cornername": "Nominal"}
[2024-10-25 19:19:08.890 -0400] [INFO] [cadence.virtuoso.ade.simulationMonitor] - Time used: CPU = 357 ms, elapsed = 508 ms, util. = 70.2%. {"history": "ExplorerRun.0", "point": 2, "testname": "Tutorial_myInverter_1", "cornername": "Nominal"}
[2024-10-25 19:19:08.890 -0400] [INFO] [cadence.virtuoso.ade.simulationMonitor] - Time spent in licensing: elapsed = 54.2 ms, percentage of total = 10.7%. {"history": "ExplorerRun.0", "point": 2, "testname": "Tutorial_myInverter_1", "cornername": "Nominal"}
[2024-10-25 19:19:08.891 -0400] [INFO] [cadence.virtuoso.ade.simulationMonitor] - Peak memory used = 184 Mbytes. {"history": "ExplorerRun.0", "point": 2, "testname": "Tutorial_myInverter_1", "cornername": "Nominal"}
[2024-10-25 19:19:08.894 -0400] [PROCESS] [cadence.virtuoso.ade.simulationMonitor] - Simulation started at: 7:19:08 PM, Fri Oct 25, 2024, ended at: 7:19:08 PM, Fri Oct 25, 2024, with elapsed time (wall clock): 508 ms. {"history": "ExplorerRun.0", "point": 2, "testname": "Tutorial_myInverter_1", "cornername": "Nominal"}
[2024-10-25 19:19:08.894 -0400] [PROCESS] [cadence.virtuoso.ade.simulationMonitor] - spectre completes with 0 errors, 0 warnings, and 6 notices. {"history": "ExplorerRun.0", "point": 2, "testname": "Tutorial_myInverter_1", "cornername": "Nominal"}
[2024-10-25 19:19:08.894 -0400] [PROCESS] [cadence.virtuoso.ade.simulationMonitor] - Finished simulating for one point {"hostname": "ece-linlabsrv01.ece.gatech.edu", "processid": 2633086, "history": "ExplorerRun.0", "testname": "Tutorial_myInverter_1", "cornername": "Nominal", "point": 2, "logfile": "/nethome/jchen3014/ECE6130_Updated/ECE6130_LAB/Cadence/logs_jchen3014/logs0/Job8.log", "simid": "2", "event": "finish", "category": "simulation"}
[2024-10-25 19:19:08.894 -0400] [PROCESS] [cadence.virtuoso.ade.simulationMonitor] - Simulator exited {"hostname": "ece-linlabsrv01.ece.gatech.edu", "processid": 2633086, "history": "ExplorerRun.0", "testname": "Tutorial_myInverter_1", "cornername": "Nominal", "point": 2, "logfile": "/nethome/jchen3014/ECE6130_Updated/ECE6130_LAB/Cadence/logs_jchen3014/logs0/Job8.log", "exitStatus": "0"}
[2024-10-25 19:19:08.894 -0400] [PROCESS] [cadence.virtuoso.ade.simulationMonitor] - Finished Simulation {"hostname": "ece-linlabsrv01.ece.gatech.edu", "processid": 2633086, "history": "ExplorerRun.0", "testname": "Tutorial_myInverter_1", "cornername": "Nominal", "point": 2, "logfile": "/nethome/jchen3014/ECE6130_Updated/ECE6130_LAB/Cadence/logs_jchen3014/logs0/Job8.log", "simid": "2", "event": "finish", "category": "obsolete"}
[2024-10-25 19:19:09.897 -0400] [PROCESS] [cadence.virtuoso.ade.simulationMonitor] - Point Finished {"hostname": "ece-linlabsrv01.ece.gatech.edu", "processid": 2633086, "history": "ExplorerRun.0", "testname": "Tutorial_myInverter_1", "cornername": "Nominal", "point": 2, "logfile": "/nethome/jchen3014/ECE6130_Updated/ECE6130_LAB/Cadence/logs_jchen3014/logs0/Job8.log", "event": "finish", "category": "sim-eval"}
[2024-10-25 19:19:09.900 -0400] [PROCESS] [cadence.virtuoso.ade.simulationMonitor] - HostInfo:
Host name (type):	ece-linlabsrv01.ece.gatech.edu (x86_64)
Operating system:	Linux 4.18.0-553.22.1.el8_10.x86_64 #1 SMP Wed Sep 11 18:02:00 EDT 2024 {"hostname": "ece-linlabsrv01.ece.gatech.edu", "processid": 2633086, "history": "ExplorerRun.0", "testname": "Tutorial_myInverter_1", "cornername": "Nominal", "point": 2, "logfile": "/nethome/jchen3014/ECE6130_Updated/ECE6130_LAB/Cadence/logs_jchen3014/logs0/Job8.log", "nodename": "ece-linlabsrv01.ece.gatech.edu", "domainname": "(none)", "machine": "x86_64", "sysname": "Linux", "release": "4.18.0-553.22.1.el8_10.x86_64", "version": "#1 SMP Wed Sep 11 18:02:00 EDT 2024"}
[2024-10-25 19:19:09.900 -0400] [PROCESS] [cadence.virtuoso.ade.simulationMonitor] - UsageInfo:
pid=2633086
totalPhysicalMemory=186.850800GB,Used=139.812370GB,totalVirtualMemory=250.850796GB,Used=143.205048GB
Cpu: Cores=112, Load average:6.150000,6.730000,14.390000 {"hostname": "ece-linlabsrv01.ece.gatech.edu", "processid": 2633086, "history": "ExplorerRun.0", "testname": "Tutorial_myInverter_1", "cornername": "Nominal", "point": 2, "logfile": "/nethome/jchen3014/ECE6130_Updated/ECE6130_LAB/Cadence/logs_jchen3014/logs0/Job8.log", "pid": "2633086", "totalPhysicalMemory": "186.850800", "physicalMemoryUsed": "139.812370", "totalVirtualMemory": "250.850796", "virtualMemoryUsed": "143.205048", "cpuCores": "112", "processes": "9074", "loadAverage1": "6.150000", "loadAverage5": "6.730000", "loadAverage15": "14.390000", "loadAverage1Percent": "0.054911"}
[2024-10-25 19:19:09.906 -0400] [EVENT] [cadence.virtuoso.ade.simulationMonitor] - NewPoint {"history": "ExplorerRun.0", "point": 3, "testname": "Tutorial_myInverter_1", "cornername": "Nominal", "event": "NewPoint", "EventSource": "Simulation Monitor", "HistoryName": "ExplorerRun.0", "logFile": "/nethome/jchen3014/ECE6130_Updated/ECE6130_LAB/Cadence/logs_jchen3014/logs0/Job8.log", "logFileSize": "23999", "category": "simulation"}
[2024-10-25 19:19:10.108 -0400] [EVENT] [cadence.virtuoso.ade.simulationMonitor] - NewPoint {"history": "ExplorerRun.0", "point": 3, "testname": "Tutorial_myInverter_1", "cornername": "Nominal", "event": "NewPoint", "EventSource": "spectre", "HistoryName": "ExplorerRun.0", "logFile": "/nethome/jchen3014/simulation/Tutorial/aa/maestro/results/maestro/ExplorerRun.0/3/Tutorial_myInverter_1/psf/spectre.out", "logFileSize": "-1", "category": "simulation"}
[2024-10-25 19:19:10.373 -0400] [PROCESS] [cadence.virtuoso.ade.simulationMonitor] - Simulator launched {"hostname": "ece-linlabsrv01.ece.gatech.edu", "processid": 2633086, "history": "ExplorerRun.0", "testname": "Tutorial_myInverter_1", "cornername": "Nominal", "point": 3, "logfile": "/nethome/jchen3014/ECE6130_Updated/ECE6130_LAB/Cadence/logs_jchen3014/logs0/Job8.log", "simid": "3", "event": "launch", "category": "simulation"}
[2024-10-25 19:19:11.040 -0400] [PROCESS] [cadence.virtuoso.ade.simulationMonitor] - Started Simulation {"hostname": "ece-linlabsrv01.ece.gatech.edu", "processid": 2633086, "history": "ExplorerRun.0", "testname": "Tutorial_myInverter_1", "cornername": "Nominal", "point": 3, "logfile": "/nethome/jchen3014/ECE6130_Updated/ECE6130_LAB/Cadence/logs_jchen3014/logs0/Job8.log", "event": "start", "category": "simulation"}
[2024-10-25 19:19:11.541 -0400] [INFO] [cadence.virtuoso.ade.simulationMonitor] - Peak resident memory used = 161 Mbytes. {"history": "ExplorerRun.0", "point": 3, "testname": "Tutorial_myInverter_1", "cornername": "Nominal"}
[2024-10-25 19:19:11.541 -0400] [INFO] [cadence.virtuoso.ade.simulationMonitor] - Peak resident memory used = 169 Mbytes. {"history": "ExplorerRun.0", "point": 3, "testname": "Tutorial_myInverter_1", "cornername": "Nominal"}
[2024-10-25 19:19:11.541 -0400] [INFO] [cadence.virtuoso.ade.simulationMonitor] - Notice from spectre during hierarchy flattening.
    The value 'psf' specified for the 'checklimitdest' option will no longer be supported in future releases. Use 'spectre -h' to see other recommended values for the 'checklimitdest' option. {"history": "ExplorerRun.0", "point": 3, "testname": "Tutorial_myInverter_1", "cornername": "Nominal"}
[2024-10-25 19:19:11.541 -0400] [INFO] [cadence.virtuoso.ade.simulationMonitor] - Peak resident memory used = 169 Mbytes. {"history": "ExplorerRun.0", "point": 3, "testname": "Tutorial_myInverter_1", "cornername": "Nominal"}
[2024-10-25 19:19:11.541 -0400] [INFO] [cadence.virtuoso.ade.simulationMonitor] - Notice from spectre during initial setup.
    Multithreading is disabled due to the size of the design being too small. {"history": "ExplorerRun.0", "point": 3, "testname": "Tutorial_myInverter_1", "cornername": "Nominal"}
[2024-10-25 19:19:11.556 -0400] [INFO] [cadence.virtuoso.ade.simulationMonitor] -               nodes 3 {"history": "ExplorerRun.0", "point": 3, "testname": "Tutorial_myInverter_1", "cornername": "Nominal"}
[2024-10-25 19:19:11.556 -0400] [INFO] [cadence.virtuoso.ade.simulationMonitor] - Notice from spectre during initial setup.
    Protected devices exist and are not included in the circuit inventory.
    APS enabled. {"history": "ExplorerRun.0", "point": 3, "testname": "Tutorial_myInverter_1", "cornername": "Nominal"}
[2024-10-25 19:19:11.556 -0400] [INFO] [cadence.virtuoso.ade.simulationMonitor] - Peak resident memory used = 172 Mbytes. {"history": "ExplorerRun.0", "point": 3, "testname": "Tutorial_myInverter_1", "cornername": "Nominal"}
[2024-10-25 19:19:11.557 -0400] [INFO] [cadence.virtuoso.ade.simulationMonitor] -    -   (APS) Multi-threading. The recommended number of threads is 1, consider adding +mt=1 on command line. {"history": "ExplorerRun.0", "point": 3, "testname": "Tutorial_myInverter_1", "cornername": "Nominal"}
[2024-10-25 19:19:11.557 -0400] [INFO] [cadence.virtuoso.ade.simulationMonitor] - Notice from spectre at VIN = 1 during DC analysis `dc'.
    The value of parameter 'VIN' has been reset to the original value 0. {"history": "ExplorerRun.0", "point": 3, "testname": "Tutorial_myInverter_1", "cornername": "Nominal"}
[2024-10-25 19:19:11.557 -0400] [INFO] [cadence.virtuoso.ade.simulationMonitor] - Total time required for dc analysis `dc': CPU = 7.709 ms, elapsed = 11.1041 ms, util. = 69.4%. {"history": "ExplorerRun.0", "point": 3, "testname": "Tutorial_myInverter_1", "cornername": "Nominal"}
[2024-10-25 19:19:11.557 -0400] [INFO] [cadence.virtuoso.ade.simulationMonitor] - Peak resident memory used = 176 Mbytes. {"history": "ExplorerRun.0", "point": 3, "testname": "Tutorial_myInverter_1", "cornername": "Nominal"}
[2024-10-25 19:19:11.575 -0400] [INFO] [cadence.virtuoso.ade.simulationMonitor] - Time used: CPU = 352 ms, elapsed = 571 ms, util. = 61.7%. {"history": "ExplorerRun.0", "point": 3, "testname": "Tutorial_myInverter_1", "cornername": "Nominal"}
[2024-10-25 19:19:11.575 -0400] [INFO] [cadence.virtuoso.ade.simulationMonitor] - Time spent in licensing: elapsed = 252 ms, percentage of total = 44.1%. {"history": "ExplorerRun.0", "point": 3, "testname": "Tutorial_myInverter_1", "cornername": "Nominal"}
[2024-10-25 19:19:11.605 -0400] [INFO] [cadence.virtuoso.ade.simulationMonitor] - Peak memory used = 179 Mbytes. {"history": "ExplorerRun.0", "point": 3, "testname": "Tutorial_myInverter_1", "cornername": "Nominal"}
[2024-10-25 19:19:11.609 -0400] [PROCESS] [cadence.virtuoso.ade.simulationMonitor] - Simulation started at: 7:19:10 PM, Fri Oct 25, 2024, ended at: 7:19:11 PM, Fri Oct 25, 2024, with elapsed time (wall clock): 571 ms. {"history": "ExplorerRun.0", "point": 3, "testname": "Tutorial_myInverter_1", "cornername": "Nominal"}
[2024-10-25 19:19:11.609 -0400] [PROCESS] [cadence.virtuoso.ade.simulationMonitor] - spectre completes with 0 errors, 0 warnings, and 6 notices. {"history": "ExplorerRun.0", "point": 3, "testname": "Tutorial_myInverter_1", "cornername": "Nominal"}
[2024-10-25 19:19:12.110 -0400] [PROCESS] [cadence.virtuoso.ade.simulationMonitor] - Finished simulating for one point {"hostname": "ece-linlabsrv01.ece.gatech.edu", "processid": 2633086, "history": "ExplorerRun.0", "testname": "Tutorial_myInverter_1", "cornername": "Nominal", "point": 3, "logfile": "/nethome/jchen3014/ECE6130_Updated/ECE6130_LAB/Cadence/logs_jchen3014/logs0/Job8.log", "simid": "3", "event": "finish", "category": "simulation"}
[2024-10-25 19:19:12.110 -0400] [PROCESS] [cadence.virtuoso.ade.simulationMonitor] - Simulator exited {"hostname": "ece-linlabsrv01.ece.gatech.edu", "processid": 2633086, "history": "ExplorerRun.0", "testname": "Tutorial_myInverter_1", "cornername": "Nominal", "point": 3, "logfile": "/nethome/jchen3014/ECE6130_Updated/ECE6130_LAB/Cadence/logs_jchen3014/logs0/Job8.log", "exitStatus": "0"}
[2024-10-25 19:19:12.110 -0400] [PROCESS] [cadence.virtuoso.ade.simulationMonitor] - Finished Simulation {"hostname": "ece-linlabsrv01.ece.gatech.edu", "processid": 2633086, "history": "ExplorerRun.0", "testname": "Tutorial_myInverter_1", "cornername": "Nominal", "point": 3, "logfile": "/nethome/jchen3014/ECE6130_Updated/ECE6130_LAB/Cadence/logs_jchen3014/logs0/Job8.log", "simid": "3", "event": "finish", "category": "obsolete"}
[2024-10-25 19:19:13.619 -0400] [PROCESS] [cadence.virtuoso.ade.simulationMonitor] - Point Finished {"hostname": "ece-linlabsrv01.ece.gatech.edu", "processid": 2633086, "history": "ExplorerRun.0", "testname": "Tutorial_myInverter_1", "cornername": "Nominal", "point": 3, "logfile": "/nethome/jchen3014/ECE6130_Updated/ECE6130_LAB/Cadence/logs_jchen3014/logs0/Job8.log", "event": "finish", "category": "sim-eval"}
[2024-10-25 19:19:13.621 -0400] [PROCESS] [cadence.virtuoso.ade.simulationMonitor] - HostInfo:
Host name (type):	ece-linlabsrv01.ece.gatech.edu (x86_64)
Operating system:	Linux 4.18.0-553.22.1.el8_10.x86_64 #1 SMP Wed Sep 11 18:02:00 EDT 2024 {"hostname": "ece-linlabsrv01.ece.gatech.edu", "processid": 2633086, "history": "ExplorerRun.0", "testname": "Tutorial_myInverter_1", "cornername": "Nominal", "point": 3, "logfile": "/nethome/jchen3014/ECE6130_Updated/ECE6130_LAB/Cadence/logs_jchen3014/logs0/Job8.log", "nodename": "ece-linlabsrv01.ece.gatech.edu", "domainname": "(none)", "machine": "x86_64", "sysname": "Linux", "release": "4.18.0-553.22.1.el8_10.x86_64", "version": "#1 SMP Wed Sep 11 18:02:00 EDT 2024"}
[2024-10-25 19:19:13.622 -0400] [PROCESS] [cadence.virtuoso.ade.simulationMonitor] - UsageInfo:
pid=2633086
totalPhysicalMemory=186.850800GB,Used=139.788033GB,totalVirtualMemory=250.850796GB,Used=143.180710GB
Cpu: Cores=112, Load average:6.150000,6.730000,14.390000 {"hostname": "ece-linlabsrv01.ece.gatech.edu", "processid": 2633086, "history": "ExplorerRun.0", "testname": "Tutorial_myInverter_1", "cornername": "Nominal", "point": 3, "logfile": "/nethome/jchen3014/ECE6130_Updated/ECE6130_LAB/Cadence/logs_jchen3014/logs0/Job8.log", "pid": "2633086", "totalPhysicalMemory": "186.850800", "physicalMemoryUsed": "139.788033", "totalVirtualMemory": "250.850796", "virtualMemoryUsed": "143.180710", "cpuCores": "112", "processes": "8964", "loadAverage1": "6.150000", "loadAverage5": "6.730000", "loadAverage15": "14.390000", "loadAverage1Percent": "0.054911"}
[2024-10-25 19:19:13.626 -0400] [EVENT] [cadence.virtuoso.ade.simulationMonitor] - NewPoint {"history": "ExplorerRun.0", "point": 4, "testname": "Tutorial_myInverter_1", "cornername": "Nominal", "event": "NewPoint", "EventSource": "Simulation Monitor", "HistoryName": "ExplorerRun.0", "logFile": "/nethome/jchen3014/ECE6130_Updated/ECE6130_LAB/Cadence/logs_jchen3014/logs0/Job8.log", "logFileSize": "33555", "category": "simulation"}
[2024-10-25 19:19:13.828 -0400] [EVENT] [cadence.virtuoso.ade.simulationMonitor] - NewPoint {"history": "ExplorerRun.0", "point": 4, "testname": "Tutorial_myInverter_1", "cornername": "Nominal", "event": "NewPoint", "EventSource": "spectre", "HistoryName": "ExplorerRun.0", "logFile": "/nethome/jchen3014/simulation/Tutorial/aa/maestro/results/maestro/ExplorerRun.0/4/Tutorial_myInverter_1/psf/spectre.out", "logFileSize": "-1", "category": "simulation"}
[2024-10-25 19:19:14.092 -0400] [PROCESS] [cadence.virtuoso.ade.simulationMonitor] - Simulator launched {"hostname": "ece-linlabsrv01.ece.gatech.edu", "processid": 2633086, "history": "ExplorerRun.0", "testname": "Tutorial_myInverter_1", "cornername": "Nominal", "point": 4, "logfile": "/nethome/jchen3014/ECE6130_Updated/ECE6130_LAB/Cadence/logs_jchen3014/logs0/Job8.log", "simid": "4", "event": "launch", "category": "simulation"}
[2024-10-25 19:19:14.777 -0400] [PROCESS] [cadence.virtuoso.ade.simulationMonitor] - Started Simulation {"hostname": "ece-linlabsrv01.ece.gatech.edu", "processid": 2633086, "history": "ExplorerRun.0", "testname": "Tutorial_myInverter_1", "cornername": "Nominal", "point": 4, "logfile": "/nethome/jchen3014/ECE6130_Updated/ECE6130_LAB/Cadence/logs_jchen3014/logs0/Job8.log", "event": "start", "category": "simulation"}
[2024-10-25 19:19:15.278 -0400] [INFO] [cadence.virtuoso.ade.simulationMonitor] - Peak resident memory used = 165 Mbytes. {"history": "ExplorerRun.0", "point": 4, "testname": "Tutorial_myInverter_1", "cornername": "Nominal"}
[2024-10-25 19:19:15.278 -0400] [INFO] [cadence.virtuoso.ade.simulationMonitor] - Peak resident memory used = 174 Mbytes. {"history": "ExplorerRun.0", "point": 4, "testname": "Tutorial_myInverter_1", "cornername": "Nominal"}
[2024-10-25 19:19:15.278 -0400] [INFO] [cadence.virtuoso.ade.simulationMonitor] - Notice from spectre during hierarchy flattening.
    The value 'psf' specified for the 'checklimitdest' option will no longer be supported in future releases. Use 'spectre -h' to see other recommended values for the 'checklimitdest' option. {"history": "ExplorerRun.0", "point": 4, "testname": "Tutorial_myInverter_1", "cornername": "Nominal"}
[2024-10-25 19:19:15.278 -0400] [INFO] [cadence.virtuoso.ade.simulationMonitor] - Peak resident memory used = 174 Mbytes. {"history": "ExplorerRun.0", "point": 4, "testname": "Tutorial_myInverter_1", "cornername": "Nominal"}
[2024-10-25 19:19:15.278 -0400] [INFO] [cadence.virtuoso.ade.simulationMonitor] - Notice from spectre during initial setup.
    Multithreading is disabled due to the size of the design being too small. {"history": "ExplorerRun.0", "point": 4, "testname": "Tutorial_myInverter_1", "cornername": "Nominal"}
[2024-10-25 19:19:15.282 -0400] [INFO] [cadence.virtuoso.ade.simulationMonitor] -               nodes 3 {"history": "ExplorerRun.0", "point": 4, "testname": "Tutorial_myInverter_1", "cornername": "Nominal"}
[2024-10-25 19:19:15.282 -0400] [INFO] [cadence.virtuoso.ade.simulationMonitor] - Notice from spectre during initial setup.
    Protected devices exist and are not included in the circuit inventory.
    APS enabled. {"history": "ExplorerRun.0", "point": 4, "testname": "Tutorial_myInverter_1", "cornername": "Nominal"}
[2024-10-25 19:19:15.282 -0400] [INFO] [cadence.virtuoso.ade.simulationMonitor] - Peak resident memory used = 176 Mbytes. {"history": "ExplorerRun.0", "point": 4, "testname": "Tutorial_myInverter_1", "cornername": "Nominal"}
[2024-10-25 19:19:15.283 -0400] [INFO] [cadence.virtuoso.ade.simulationMonitor] -    -   (APS) Multi-threading. The recommended number of threads is 1, consider adding +mt=1 on command line. {"history": "ExplorerRun.0", "point": 4, "testname": "Tutorial_myInverter_1", "cornername": "Nominal"}
[2024-10-25 19:19:15.283 -0400] [INFO] [cadence.virtuoso.ade.simulationMonitor] - Notice from spectre at VIN = 1 during DC analysis `dc'.
    The value of parameter 'VIN' has been reset to the original value 0. {"history": "ExplorerRun.0", "point": 4, "testname": "Tutorial_myInverter_1", "cornername": "Nominal"}
[2024-10-25 19:19:15.283 -0400] [INFO] [cadence.virtuoso.ade.simulationMonitor] - Total time required for dc analysis `dc': CPU = 7.302 ms, elapsed = 10.9 ms, util. = 67%. {"history": "ExplorerRun.0", "point": 4, "testname": "Tutorial_myInverter_1", "cornername": "Nominal"}
[2024-10-25 19:19:15.283 -0400] [INFO] [cadence.virtuoso.ade.simulationMonitor] - Peak resident memory used = 181 Mbytes. {"history": "ExplorerRun.0", "point": 4, "testname": "Tutorial_myInverter_1", "cornername": "Nominal"}
[2024-10-25 19:19:15.285 -0400] [INFO] [cadence.virtuoso.ade.simulationMonitor] - Time used: CPU = 357 ms, elapsed = 482 ms, util. = 73.9%. {"history": "ExplorerRun.0", "point": 4, "testname": "Tutorial_myInverter_1", "cornername": "Nominal"}
[2024-10-25 19:19:15.285 -0400] [INFO] [cadence.virtuoso.ade.simulationMonitor] - Time spent in licensing: elapsed = 52.2 ms, percentage of total = 10.8%. {"history": "ExplorerRun.0", "point": 4, "testname": "Tutorial_myInverter_1", "cornername": "Nominal"}
[2024-10-25 19:19:15.286 -0400] [INFO] [cadence.virtuoso.ade.simulationMonitor] - Peak memory used = 184 Mbytes. {"history": "ExplorerRun.0", "point": 4, "testname": "Tutorial_myInverter_1", "cornername": "Nominal"}
[2024-10-25 19:19:15.288 -0400] [PROCESS] [cadence.virtuoso.ade.simulationMonitor] - Simulation started at: 7:19:14 PM, Fri Oct 25, 2024, ended at: 7:19:14 PM, Fri Oct 25, 2024, with elapsed time (wall clock): 482 ms. {"history": "ExplorerRun.0", "point": 4, "testname": "Tutorial_myInverter_1", "cornername": "Nominal"}
[2024-10-25 19:19:15.288 -0400] [PROCESS] [cadence.virtuoso.ade.simulationMonitor] - spectre completes with 0 errors, 0 warnings, and 6 notices. {"history": "ExplorerRun.0", "point": 4, "testname": "Tutorial_myInverter_1", "cornername": "Nominal"}
[2024-10-25 19:19:15.288 -0400] [PROCESS] [cadence.virtuoso.ade.simulationMonitor] - Finished simulating for one point {"hostname": "ece-linlabsrv01.ece.gatech.edu", "processid": 2633086, "history": "ExplorerRun.0", "testname": "Tutorial_myInverter_1", "cornername": "Nominal", "point": 4, "logfile": "/nethome/jchen3014/ECE6130_Updated/ECE6130_LAB/Cadence/logs_jchen3014/logs0/Job8.log", "simid": "4", "event": "finish", "category": "simulation"}
[2024-10-25 19:19:15.288 -0400] [PROCESS] [cadence.virtuoso.ade.simulationMonitor] - Simulator exited {"hostname": "ece-linlabsrv01.ece.gatech.edu", "processid": 2633086, "history": "ExplorerRun.0", "testname": "Tutorial_myInverter_1", "cornername": "Nominal", "point": 4, "logfile": "/nethome/jchen3014/ECE6130_Updated/ECE6130_LAB/Cadence/logs_jchen3014/logs0/Job8.log", "exitStatus": "0"}
[2024-10-25 19:19:15.289 -0400] [PROCESS] [cadence.virtuoso.ade.simulationMonitor] - Finished Simulation {"hostname": "ece-linlabsrv01.ece.gatech.edu", "processid": 2633086, "history": "ExplorerRun.0", "testname": "Tutorial_myInverter_1", "cornername": "Nominal", "point": 4, "logfile": "/nethome/jchen3014/ECE6130_Updated/ECE6130_LAB/Cadence/logs_jchen3014/logs0/Job8.log", "simid": "4", "event": "finish", "category": "obsolete"}
[2024-10-25 19:19:17.292 -0400] [PROCESS] [cadence.virtuoso.ade.simulationMonitor] - Point Finished {"hostname": "ece-linlabsrv01.ece.gatech.edu", "processid": 2633086, "history": "ExplorerRun.0", "testname": "Tutorial_myInverter_1", "cornername": "Nominal", "point": 4, "logfile": "/nethome/jchen3014/ECE6130_Updated/ECE6130_LAB/Cadence/logs_jchen3014/logs0/Job8.log", "event": "finish", "category": "sim-eval"}
[2024-10-25 19:19:17.295 -0400] [PROCESS] [cadence.virtuoso.ade.simulationMonitor] - HostInfo:
Host name (type):	ece-linlabsrv01.ece.gatech.edu (x86_64)
Operating system:	Linux 4.18.0-553.22.1.el8_10.x86_64 #1 SMP Wed Sep 11 18:02:00 EDT 2024 {"hostname": "ece-linlabsrv01.ece.gatech.edu", "processid": 2633086, "history": "ExplorerRun.0", "testname": "Tutorial_myInverter_1", "cornername": "Nominal", "point": 4, "logfile": "/nethome/jchen3014/ECE6130_Updated/ECE6130_LAB/Cadence/logs_jchen3014/logs0/Job8.log", "nodename": "ece-linlabsrv01.ece.gatech.edu", "domainname": "(none)", "machine": "x86_64", "sysname": "Linux", "release": "4.18.0-553.22.1.el8_10.x86_64", "version": "#1 SMP Wed Sep 11 18:02:00 EDT 2024"}
[2024-10-25 19:19:17.295 -0400] [PROCESS] [cadence.virtuoso.ade.simulationMonitor] - UsageInfo:
pid=2633086
totalPhysicalMemory=186.850800GB,Used=139.787411GB,totalVirtualMemory=250.850796GB,Used=143.180088GB
Cpu: Cores=112, Load average:6.140000,6.710000,14.340000 {"hostname": "ece-linlabsrv01.ece.gatech.edu", "processid": 2633086, "history": "ExplorerRun.0", "testname": "Tutorial_myInverter_1", "cornername": "Nominal", "point": 4, "logfile": "/nethome/jchen3014/ECE6130_Updated/ECE6130_LAB/Cadence/logs_jchen3014/logs0/Job8.log", "pid": "2633086", "totalPhysicalMemory": "186.850800", "physicalMemoryUsed": "139.787411", "totalVirtualMemory": "250.850796", "virtualMemoryUsed": "143.180088", "cpuCores": "112", "processes": "8966", "loadAverage1": "6.140000", "loadAverage5": "6.710000", "loadAverage15": "14.340000", "loadAverage1Percent": "0.054821"}
[2024-10-25 19:19:17.301 -0400] [EVENT] [cadence.virtuoso.ade.simulationMonitor] - NewPoint {"history": "ExplorerRun.0", "point": 5, "testname": "Tutorial_myInverter_1", "cornername": "Nominal", "event": "NewPoint", "EventSource": "Simulation Monitor", "HistoryName": "ExplorerRun.0", "logFile": "/nethome/jchen3014/ECE6130_Updated/ECE6130_LAB/Cadence/logs_jchen3014/logs0/Job8.log", "logFileSize": "43107", "category": "simulation"}
[2024-10-25 19:19:17.503 -0400] [EVENT] [cadence.virtuoso.ade.simulationMonitor] - NewPoint {"history": "ExplorerRun.0", "point": 5, "testname": "Tutorial_myInverter_1", "cornername": "Nominal", "event": "NewPoint", "EventSource": "spectre", "HistoryName": "ExplorerRun.0", "logFile": "/nethome/jchen3014/simulation/Tutorial/aa/maestro/results/maestro/ExplorerRun.0/5/Tutorial_myInverter_1/psf/spectre.out", "logFileSize": "-1", "category": "simulation"}
[2024-10-25 19:19:17.789 -0400] [PROCESS] [cadence.virtuoso.ade.simulationMonitor] - Simulator launched {"hostname": "ece-linlabsrv01.ece.gatech.edu", "processid": 2633086, "history": "ExplorerRun.0", "testname": "Tutorial_myInverter_1", "cornername": "Nominal", "point": 5, "logfile": "/nethome/jchen3014/ECE6130_Updated/ECE6130_LAB/Cadence/logs_jchen3014/logs0/Job8.log", "simid": "5", "event": "launch", "category": "simulation"}
[2024-10-25 19:19:18.483 -0400] [PROCESS] [cadence.virtuoso.ade.simulationMonitor] - Started Simulation {"hostname": "ece-linlabsrv01.ece.gatech.edu", "processid": 2633086, "history": "ExplorerRun.0", "testname": "Tutorial_myInverter_1", "cornername": "Nominal", "point": 5, "logfile": "/nethome/jchen3014/ECE6130_Updated/ECE6130_LAB/Cadence/logs_jchen3014/logs0/Job8.log", "event": "start", "category": "simulation"}
[2024-10-25 19:19:18.984 -0400] [INFO] [cadence.virtuoso.ade.simulationMonitor] - Peak resident memory used = 164 Mbytes. {"history": "ExplorerRun.0", "point": 5, "testname": "Tutorial_myInverter_1", "cornername": "Nominal"}
[2024-10-25 19:19:18.984 -0400] [INFO] [cadence.virtuoso.ade.simulationMonitor] - Peak resident memory used = 172 Mbytes. {"history": "ExplorerRun.0", "point": 5, "testname": "Tutorial_myInverter_1", "cornername": "Nominal"}
[2024-10-25 19:19:18.984 -0400] [INFO] [cadence.virtuoso.ade.simulationMonitor] - Notice from spectre during hierarchy flattening.
    The value 'psf' specified for the 'checklimitdest' option will no longer be supported in future releases. Use 'spectre -h' to see other recommended values for the 'checklimitdest' option. {"history": "ExplorerRun.0", "point": 5, "testname": "Tutorial_myInverter_1", "cornername": "Nominal"}
[2024-10-25 19:19:18.984 -0400] [INFO] [cadence.virtuoso.ade.simulationMonitor] - Peak resident memory used = 172 Mbytes. {"history": "ExplorerRun.0", "point": 5, "testname": "Tutorial_myInverter_1", "cornername": "Nominal"}
[2024-10-25 19:19:18.984 -0400] [INFO] [cadence.virtuoso.ade.simulationMonitor] - Notice from spectre during initial setup.
    Multithreading is disabled due to the size of the design being too small. {"history": "ExplorerRun.0", "point": 5, "testname": "Tutorial_myInverter_1", "cornername": "Nominal"}
[2024-10-25 19:19:18.988 -0400] [INFO] [cadence.virtuoso.ade.simulationMonitor] -               nodes 3 {"history": "ExplorerRun.0", "point": 5, "testname": "Tutorial_myInverter_1", "cornername": "Nominal"}
[2024-10-25 19:19:18.988 -0400] [INFO] [cadence.virtuoso.ade.simulationMonitor] - Notice from spectre during initial setup.
    Protected devices exist and are not included in the circuit inventory.
    APS enabled. {"history": "ExplorerRun.0", "point": 5, "testname": "Tutorial_myInverter_1", "cornername": "Nominal"}
[2024-10-25 19:19:18.988 -0400] [INFO] [cadence.virtuoso.ade.simulationMonitor] - Peak resident memory used = 174 Mbytes. {"history": "ExplorerRun.0", "point": 5, "testname": "Tutorial_myInverter_1", "cornername": "Nominal"}
[2024-10-25 19:19:18.989 -0400] [INFO] [cadence.virtuoso.ade.simulationMonitor] -    -   (APS) Multi-threading. The recommended number of threads is 1, consider adding +mt=1 on command line. {"history": "ExplorerRun.0", "point": 5, "testname": "Tutorial_myInverter_1", "cornername": "Nominal"}
[2024-10-25 19:19:18.989 -0400] [INFO] [cadence.virtuoso.ade.simulationMonitor] - Notice from spectre at VIN = 1 during DC analysis `dc'.
    The value of parameter 'VIN' has been reset to the original value 0. {"history": "ExplorerRun.0", "point": 5, "testname": "Tutorial_myInverter_1", "cornername": "Nominal"}
[2024-10-25 19:19:18.989 -0400] [INFO] [cadence.virtuoso.ade.simulationMonitor] - Total time required for dc analysis `dc': CPU = 7.893 ms, elapsed = 13.2411 ms, util. = 59.6%. {"history": "ExplorerRun.0", "point": 5, "testname": "Tutorial_myInverter_1", "cornername": "Nominal"}
[2024-10-25 19:19:18.989 -0400] [INFO] [cadence.virtuoso.ade.simulationMonitor] - Peak resident memory used = 179 Mbytes. {"history": "ExplorerRun.0", "point": 5, "testname": "Tutorial_myInverter_1", "cornername": "Nominal"}
[2024-10-25 19:19:18.991 -0400] [INFO] [cadence.virtuoso.ade.simulationMonitor] - Time used: CPU = 377 ms, elapsed = 497 ms, util. = 75.9%. {"history": "ExplorerRun.0", "point": 5, "testname": "Tutorial_myInverter_1", "cornername": "Nominal"}
[2024-10-25 19:19:18.991 -0400] [INFO] [cadence.virtuoso.ade.simulationMonitor] - Time spent in licensing: elapsed = 53.6 ms, percentage of total = 10.8%. {"history": "ExplorerRun.0", "point": 5, "testname": "Tutorial_myInverter_1", "cornername": "Nominal"}
[2024-10-25 19:19:18.992 -0400] [INFO] [cadence.virtuoso.ade.simulationMonitor] - Peak memory used = 182 Mbytes. {"history": "ExplorerRun.0", "point": 5, "testname": "Tutorial_myInverter_1", "cornername": "Nominal"}
[2024-10-25 19:19:18.994 -0400] [PROCESS] [cadence.virtuoso.ade.simulationMonitor] - Simulation started at: 7:19:18 PM, Fri Oct 25, 2024, ended at: 7:19:18 PM, Fri Oct 25, 2024, with elapsed time (wall clock): 497 ms. {"history": "ExplorerRun.0", "point": 5, "testname": "Tutorial_myInverter_1", "cornername": "Nominal"}
[2024-10-25 19:19:18.994 -0400] [PROCESS] [cadence.virtuoso.ade.simulationMonitor] - spectre completes with 0 errors, 0 warnings, and 6 notices. {"history": "ExplorerRun.0", "point": 5, "testname": "Tutorial_myInverter_1", "cornername": "Nominal"}
[2024-10-25 19:19:18.994 -0400] [PROCESS] [cadence.virtuoso.ade.simulationMonitor] - Finished simulating for one point {"hostname": "ece-linlabsrv01.ece.gatech.edu", "processid": 2633086, "history": "ExplorerRun.0", "testname": "Tutorial_myInverter_1", "cornername": "Nominal", "point": 5, "logfile": "/nethome/jchen3014/ECE6130_Updated/ECE6130_LAB/Cadence/logs_jchen3014/logs0/Job8.log", "simid": "5", "event": "finish", "category": "simulation"}
[2024-10-25 19:19:18.994 -0400] [PROCESS] [cadence.virtuoso.ade.simulationMonitor] - Simulator exited {"hostname": "ece-linlabsrv01.ece.gatech.edu", "processid": 2633086, "history": "ExplorerRun.0", "testname": "Tutorial_myInverter_1", "cornername": "Nominal", "point": 5, "logfile": "/nethome/jchen3014/ECE6130_Updated/ECE6130_LAB/Cadence/logs_jchen3014/logs0/Job8.log", "exitStatus": "0"}
[2024-10-25 19:19:18.994 -0400] [PROCESS] [cadence.virtuoso.ade.simulationMonitor] - Finished Simulation {"hostname": "ece-linlabsrv01.ece.gatech.edu", "processid": 2633086, "history": "ExplorerRun.0", "testname": "Tutorial_myInverter_1", "cornername": "Nominal", "point": 5, "logfile": "/nethome/jchen3014/ECE6130_Updated/ECE6130_LAB/Cadence/logs_jchen3014/logs0/Job8.log", "simid": "5", "event": "finish", "category": "obsolete"}
[2024-10-25 19:19:19.999 -0400] [PROCESS] [cadence.virtuoso.ade.simulationMonitor] - Point Finished {"hostname": "ece-linlabsrv01.ece.gatech.edu", "processid": 2633086, "history": "ExplorerRun.0", "testname": "Tutorial_myInverter_1", "cornername": "Nominal", "point": 5, "logfile": "/nethome/jchen3014/ECE6130_Updated/ECE6130_LAB/Cadence/logs_jchen3014/logs0/Job8.log", "event": "finish", "category": "sim-eval"}
[2024-10-25 19:19:20.001 -0400] [PROCESS] [cadence.virtuoso.ade.simulationMonitor] - HostInfo:
Host name (type):	ece-linlabsrv01.ece.gatech.edu (x86_64)
Operating system:	Linux 4.18.0-553.22.1.el8_10.x86_64 #1 SMP Wed Sep 11 18:02:00 EDT 2024 {"hostname": "ece-linlabsrv01.ece.gatech.edu", "processid": 2633086, "history": "ExplorerRun.0", "testname": "Tutorial_myInverter_1", "cornername": "Nominal", "point": 5, "logfile": "/nethome/jchen3014/ECE6130_Updated/ECE6130_LAB/Cadence/logs_jchen3014/logs0/Job8.log", "nodename": "ece-linlabsrv01.ece.gatech.edu", "domainname": "(none)", "machine": "x86_64", "sysname": "Linux", "release": "4.18.0-553.22.1.el8_10.x86_64", "version": "#1 SMP Wed Sep 11 18:02:00 EDT 2024"}
[2024-10-25 19:19:20.002 -0400] [PROCESS] [cadence.virtuoso.ade.simulationMonitor] - UsageInfo:
pid=2633086
totalPhysicalMemory=186.850800GB,Used=139.545860GB,totalVirtualMemory=250.850796GB,Used=142.938538GB
Cpu: Cores=112, Load average:5.890000,6.650000,14.280000 {"hostname": "ece-linlabsrv01.ece.gatech.edu", "processid": 2633086, "history": "ExplorerRun.0", "testname": "Tutorial_myInverter_1", "cornername": "Nominal", "point": 5, "logfile": "/nethome/jchen3014/ECE6130_Updated/ECE6130_LAB/Cadence/logs_jchen3014/logs0/Job8.log", "pid": "2633086", "totalPhysicalMemory": "186.850800", "physicalMemoryUsed": "139.545860", "totalVirtualMemory": "250.850796", "virtualMemoryUsed": "142.938538", "cpuCores": "112", "processes": "8955", "loadAverage1": "5.890000", "loadAverage5": "6.650000", "loadAverage15": "14.280000", "loadAverage1Percent": "0.052589"}
[2024-10-25 19:19:20.007 -0400] [EVENT] [cadence.virtuoso.ade.simulationMonitor] - NewPoint {"history": "ExplorerRun.0", "point": 6, "testname": "Tutorial_myInverter_1", "cornername": "Nominal", "event": "NewPoint", "EventSource": "Simulation Monitor", "HistoryName": "ExplorerRun.0", "logFile": "/nethome/jchen3014/ECE6130_Updated/ECE6130_LAB/Cadence/logs_jchen3014/logs0/Job8.log", "logFileSize": "52664", "category": "simulation"}
[2024-10-25 19:19:20.209 -0400] [EVENT] [cadence.virtuoso.ade.simulationMonitor] - NewPoint {"history": "ExplorerRun.0", "point": 6, "testname": "Tutorial_myInverter_1", "cornername": "Nominal", "event": "NewPoint", "EventSource": "spectre", "HistoryName": "ExplorerRun.0", "logFile": "/nethome/jchen3014/simulation/Tutorial/aa/maestro/results/maestro/ExplorerRun.0/6/Tutorial_myInverter_1/psf/spectre.out", "logFileSize": "-1", "category": "simulation"}
[2024-10-25 19:19:20.562 -0400] [PROCESS] [cadence.virtuoso.ade.simulationMonitor] - Simulator launched {"hostname": "ece-linlabsrv01.ece.gatech.edu", "processid": 2633086, "history": "ExplorerRun.0", "testname": "Tutorial_myInverter_1", "cornername": "Nominal", "point": 6, "logfile": "/nethome/jchen3014/ECE6130_Updated/ECE6130_LAB/Cadence/logs_jchen3014/logs0/Job8.log", "simid": "6", "event": "launch", "category": "simulation"}
[2024-10-25 19:19:21.277 -0400] [PROCESS] [cadence.virtuoso.ade.simulationMonitor] - Started Simulation {"hostname": "ece-linlabsrv01.ece.gatech.edu", "processid": 2633086, "history": "ExplorerRun.0", "testname": "Tutorial_myInverter_1", "cornername": "Nominal", "point": 6, "logfile": "/nethome/jchen3014/ECE6130_Updated/ECE6130_LAB/Cadence/logs_jchen3014/logs0/Job8.log", "event": "start", "category": "simulation"}
[2024-10-25 19:19:21.777 -0400] [INFO] [cadence.virtuoso.ade.simulationMonitor] - Peak resident memory used = 168 Mbytes. {"history": "ExplorerRun.0", "point": 6, "testname": "Tutorial_myInverter_1", "cornername": "Nominal"}
[2024-10-25 19:19:21.778 -0400] [INFO] [cadence.virtuoso.ade.simulationMonitor] - Peak resident memory used = 176 Mbytes. {"history": "ExplorerRun.0", "point": 6, "testname": "Tutorial_myInverter_1", "cornername": "Nominal"}
[2024-10-25 19:19:21.778 -0400] [INFO] [cadence.virtuoso.ade.simulationMonitor] - Notice from spectre during hierarchy flattening.
    The value 'psf' specified for the 'checklimitdest' option will no longer be supported in future releases. Use 'spectre -h' to see other recommended values for the 'checklimitdest' option. {"history": "ExplorerRun.0", "point": 6, "testname": "Tutorial_myInverter_1", "cornername": "Nominal"}
[2024-10-25 19:19:21.778 -0400] [INFO] [cadence.virtuoso.ade.simulationMonitor] - Peak resident memory used = 176 Mbytes. {"history": "ExplorerRun.0", "point": 6, "testname": "Tutorial_myInverter_1", "cornername": "Nominal"}
[2024-10-25 19:19:21.778 -0400] [INFO] [cadence.virtuoso.ade.simulationMonitor] - Notice from spectre during initial setup.
    Multithreading is disabled due to the size of the design being too small. {"history": "ExplorerRun.0", "point": 6, "testname": "Tutorial_myInverter_1", "cornername": "Nominal"}
[2024-10-25 19:19:21.782 -0400] [INFO] [cadence.virtuoso.ade.simulationMonitor] -               nodes 3 {"history": "ExplorerRun.0", "point": 6, "testname": "Tutorial_myInverter_1", "cornername": "Nominal"}
[2024-10-25 19:19:21.782 -0400] [INFO] [cadence.virtuoso.ade.simulationMonitor] - Notice from spectre during initial setup.
    Protected devices exist and are not included in the circuit inventory.
    APS enabled. {"history": "ExplorerRun.0", "point": 6, "testname": "Tutorial_myInverter_1", "cornername": "Nominal"}
[2024-10-25 19:19:21.782 -0400] [INFO] [cadence.virtuoso.ade.simulationMonitor] - Peak resident memory used = 178 Mbytes. {"history": "ExplorerRun.0", "point": 6, "testname": "Tutorial_myInverter_1", "cornername": "Nominal"}
[2024-10-25 19:19:21.783 -0400] [INFO] [cadence.virtuoso.ade.simulationMonitor] -    -   (APS) Multi-threading. The recommended number of threads is 1, consider adding +mt=1 on command line. {"history": "ExplorerRun.0", "point": 6, "testname": "Tutorial_myInverter_1", "cornername": "Nominal"}
[2024-10-25 19:19:21.783 -0400] [INFO] [cadence.virtuoso.ade.simulationMonitor] - Notice from spectre at VIN = 1 during DC analysis `dc'.
    The value of parameter 'VIN' has been reset to the original value 0. {"history": "ExplorerRun.0", "point": 6, "testname": "Tutorial_myInverter_1", "cornername": "Nominal"}
[2024-10-25 19:19:21.783 -0400] [INFO] [cadence.virtuoso.ade.simulationMonitor] - Total time required for dc analysis `dc': CPU = 7.347 ms, elapsed = 10.9239 ms, util. = 67.3%. {"history": "ExplorerRun.0", "point": 6, "testname": "Tutorial_myInverter_1", "cornername": "Nominal"}
[2024-10-25 19:19:21.783 -0400] [INFO] [cadence.virtuoso.ade.simulationMonitor] - Peak resident memory used = 183 Mbytes. {"history": "ExplorerRun.0", "point": 6, "testname": "Tutorial_myInverter_1", "cornername": "Nominal"}
[2024-10-25 19:19:21.785 -0400] [INFO] [cadence.virtuoso.ade.simulationMonitor] - Time used: CPU = 371 ms, elapsed = 486 ms, util. = 76.3%. {"history": "ExplorerRun.0", "point": 6, "testname": "Tutorial_myInverter_1", "cornername": "Nominal"}
[2024-10-25 19:19:21.785 -0400] [INFO] [cadence.virtuoso.ade.simulationMonitor] - Time spent in licensing: elapsed = 53.1 ms, percentage of total = 10.9%. {"history": "ExplorerRun.0", "point": 6, "testname": "Tutorial_myInverter_1", "cornername": "Nominal"}
[2024-10-25 19:19:21.785 -0400] [INFO] [cadence.virtuoso.ade.simulationMonitor] - Peak memory used = 186 Mbytes. {"history": "ExplorerRun.0", "point": 6, "testname": "Tutorial_myInverter_1", "cornername": "Nominal"}
[2024-10-25 19:19:21.788 -0400] [PROCESS] [cadence.virtuoso.ade.simulationMonitor] - Simulation started at: 7:19:21 PM, Fri Oct 25, 2024, ended at: 7:19:21 PM, Fri Oct 25, 2024, with elapsed time (wall clock): 486 ms. {"history": "ExplorerRun.0", "point": 6, "testname": "Tutorial_myInverter_1", "cornername": "Nominal"}
[2024-10-25 19:19:21.788 -0400] [PROCESS] [cadence.virtuoso.ade.simulationMonitor] - spectre completes with 0 errors, 0 warnings, and 6 notices. {"history": "ExplorerRun.0", "point": 6, "testname": "Tutorial_myInverter_1", "cornername": "Nominal"}
[2024-10-25 19:19:21.788 -0400] [PROCESS] [cadence.virtuoso.ade.simulationMonitor] - Finished simulating for one point {"hostname": "ece-linlabsrv01.ece.gatech.edu", "processid": 2633086, "history": "ExplorerRun.0", "testname": "Tutorial_myInverter_1", "cornername": "Nominal", "point": 6, "logfile": "/nethome/jchen3014/ECE6130_Updated/ECE6130_LAB/Cadence/logs_jchen3014/logs0/Job8.log", "simid": "6", "event": "finish", "category": "simulation"}
[2024-10-25 19:19:21.788 -0400] [PROCESS] [cadence.virtuoso.ade.simulationMonitor] - Simulator exited {"hostname": "ece-linlabsrv01.ece.gatech.edu", "processid": 2633086, "history": "ExplorerRun.0", "testname": "Tutorial_myInverter_1", "cornername": "Nominal", "point": 6, "logfile": "/nethome/jchen3014/ECE6130_Updated/ECE6130_LAB/Cadence/logs_jchen3014/logs0/Job8.log", "exitStatus": "0"}
[2024-10-25 19:19:21.788 -0400] [PROCESS] [cadence.virtuoso.ade.simulationMonitor] - Finished Simulation {"hostname": "ece-linlabsrv01.ece.gatech.edu", "processid": 2633086, "history": "ExplorerRun.0", "testname": "Tutorial_myInverter_1", "cornername": "Nominal", "point": 6, "logfile": "/nethome/jchen3014/ECE6130_Updated/ECE6130_LAB/Cadence/logs_jchen3014/logs0/Job8.log", "simid": "6", "event": "finish", "category": "obsolete"}
[2024-10-25 19:19:22.791 -0400] [PROCESS] [cadence.virtuoso.ade.simulationMonitor] - Point Finished {"hostname": "ece-linlabsrv01.ece.gatech.edu", "processid": 2633086, "history": "ExplorerRun.0", "testname": "Tutorial_myInverter_1", "cornername": "Nominal", "point": 6, "logfile": "/nethome/jchen3014/ECE6130_Updated/ECE6130_LAB/Cadence/logs_jchen3014/logs0/Job8.log", "event": "finish", "category": "sim-eval"}
[2024-10-25 19:19:23.794 -0400] [PROCESS] [cadence.virtuoso.ade.simulationMonitor] - Stay with the runId '0', Linger time '300', currentRunSyn '1', currentTestSyn '2' {"hostname": "ece-linlabsrv01.ece.gatech.edu", "processid": 2633086, "history": "ExplorerRun.0", "testname": "Tutorial_myInverter_1", "cornername": "Nominal", "point": 6, "logfile": "/nethome/jchen3014/ECE6130_Updated/ECE6130_LAB/Cadence/logs_jchen3014/logs0/Job8.log"}
[2024-10-25 19:24:23.816 -0400] [PROCESS] [cadence.virtuoso.ade.simulationMonitor] - Current memory used: 83.1250 MBytes, peak memory used: 83.1250 MBytes {"hostname": "ece-linlabsrv01.ece.gatech.edu", "processid": 2633086, "history": "ExplorerRun.0", "testname": "Tutorial_myInverter_1", "cornername": "Nominal", "point": 6, "logfile": "/nethome/jchen3014/ECE6130_Updated/ECE6130_LAB/Cadence/logs_jchen3014/logs0/Job8.log"}
[2024-10-25 19:24:23.816 -0400] [PROCESS] [cadence.virtuoso.ade.simulationMonitor] - Simulation Monitor process exits. {"hostname": "ece-linlabsrv01.ece.gatech.edu", "processid": 2633086, "history": "ExplorerRun.0", "testname": "Tutorial_myInverter_1", "cornername": "Nominal", "point": 6, "logfile": "/nethome/jchen3014/ECE6130_Updated/ECE6130_LAB/Cadence/logs_jchen3014/logs0/Job8.log"}
