[Logging Service: 18]
[2024-10-25 16:53:40.423 -0400] [INFO] [cadence.virtuoso.ade.loggingservice] - HistoryRecorderManager init {"dbBasePath": "/nethome/jchen3014/ECE6130_Updated/ECE6130_LAB/Cadence/Tutorial/myFlipFlop/maestro/results/maestro"}
[2024-10-25 16:53:40.423 -0400] [INFO] [cadence.virtuoso.ade.loggingservice] - useGRPC grpc service... {"brokerAddress": "ece-linlabsrv01.ece.gatech.edu:37135", "serviceName": "DaVinciService_2623637_1729875955", "axlSession": "fnxSession7"}
[2024-10-25 16:53:40.424 -0400] [PROCESS] [cadence.virtuoso.ade.loggingservice] - Logging Service has successfully started. Waiting for incoming messages ... {"hostname": "ece-linlabsrv01.ece.gatech.edu", "processid": 247446, "logfile": "/nethome/jchen3014/ECE6130_Updated/ECE6130_LAB/Cadence/logs_jchen3014/logs0/LoggingService18.log"}
[2024-10-25 16:53:40.447 -0400] [INFO] [cadence.virtuoso.ade.loggingservice] - logging service gRPC started {"broker address": "ece-linlabsrv01.ece.gatech.edu:44181"}
[2024-10-25 17:01:45.595 -0400] [ERROR] [cadence.virtuoso.ade.loggingservice] - ServiceDBAccessSqliteOp::evalSql failed {"reason": "UNIQUE constraint failed: location.point, location.test, location.tool", "sql": "INSERT INTO location (tool, file, point, test, line) VALUES ('unknown', '', '', '', '0');"}
[2024-10-25 17:01:45.596 -0400] [ERROR] [cadence.virtuoso.ade.loggingservice] - ServiceDBAccessSqliteOp::evalSql failed {"reason": "attempt to write a readonly database", "sql": "delete from meta;"}
[2024-10-25 17:01:45.596 -0400] [ERROR] [cadence.virtuoso.ade.loggingservice] - ServiceDBAccessSqliteOp::evalSql failed {"reason": "attempt to write a readonly database", "sql": "insert into meta (key, value) values('HistorySimDir','/nethome/jchen3014/simulation/Tutorial/myFlipFlop/maestro/results/maestro/ExplorerRun.0');"}
[2024-10-25 17:01:45.596 -0400] [ERROR] [cadence.virtuoso.ade.loggingservice] - ServiceDBAccessSqliteOp::evalSql failed {"reason": "attempt to write a readonly database", "sql": "insert into meta (key, value) values('WorkDir','/nethome/jchen3014/ECE6130_Updated/ECE6130_LAB/Cadence');"}
[2024-10-25 17:01:45.596 -0400] [ERROR] [cadence.virtuoso.ade.loggingservice] - ServiceDBAccessSqliteOp::evalSql failed {"reason": "attempt to write a readonly database", "sql": "insert into meta (key, value) values('version','1');"}
[2024-10-25 17:01:45.596 -0400] [ERROR] [cadence.virtuoso.ade.loggingservice] - historySqliteRecorder::insert failed {"reason": "attempt to write a readonly database"}
[2024-10-25 17:01:45.596 -0400] [ERROR] [cadence.virtuoso.ade.loggingservice] - historySqliteRecorder::insert failed {"reason": "attempt to write a readonly database"}
[2024-10-25 17:01:47.341 -0400] [ERROR] [cadence.virtuoso.ade.loggingservice] - historySqliteRecorder::insert location failed {"reason": "attempt to write a readonly database"}
[2024-10-25 17:01:47.342 -0400] [ERROR] [cadence.virtuoso.ade.loggingservice] - historySqliteRecorder::insert failed {"reason": "attempt to write a readonly database"}
[2024-10-25 17:01:47.968 -0400] [ERROR] [cadence.virtuoso.ade.loggingservice] - historySqliteRecorder::insert failed {"reason": "attempt to write a readonly database"}
[2024-10-25 17:01:47.970 -0400] [ERROR] [cadence.virtuoso.ade.loggingservice] - historySqliteRecorder::insert failed {"reason": "attempt to write a readonly database"}
[2024-10-25 17:01:48.278 -0400] [ERROR] [cadence.virtuoso.ade.loggingservice] - historySqliteRecorder::insert failed {"reason": "attempt to write a readonly database"}
[2024-10-25 17:20:55.171 -0400] [PROCESS] [cadence.virtuoso.ade.loggingservice] - Current memory used: 89.2734 MBytes, peak memory used: 90.1055 MBytes {"hostname": "ece-linlabsrv01.ece.gatech.edu", "processid": 247446, "logfile": "/nethome/jchen3014/ECE6130_Updated/ECE6130_LAB/Cadence/logs_jchen3014/logs0/LoggingService18.log"}
[2024-10-25 17:20:55.171 -0400] [PROCESS] [cadence.virtuoso.ade.loggingservice] - Stopping Logging Service process. {"hostname": "ece-linlabsrv01.ece.gatech.edu", "processid": 247446, "logfile": "/nethome/jchen3014/ECE6130_Updated/ECE6130_LAB/Cadence/logs_jchen3014/logs0/LoggingService18.log"}
[2024-10-25 17:20:55.171 -0400] [PROCESS] [cadence.virtuoso.ade.loggingservice] - Logging Service stop!!!! {"hostname": "ece-linlabsrv01.ece.gatech.edu", "processid": 247446, "logfile": "/nethome/jchen3014/ECE6130_Updated/ECE6130_LAB/Cadence/logs_jchen3014/logs0/LoggingService18.log"}
